<?xml version="1.0" encoding="UTF-8"?>
<coverage generated="1762046877940" clover="3.2.0">
  <project timestamp="1762046877941" name="All files">
    <metrics statements="589" coveredstatements="239" conditionals="296" coveredconditionals="109" methods="199" coveredmethods="39" elements="1084" coveredelements="387" complexity="0" loc="589" ncloc="589" packages="2" files="4" classes="4"/>
    <package name="src">
      <metrics statements="544" coveredstatements="236" conditionals="269" coveredconditionals="109" methods="190" coveredmethods="39"/>
      <file name="App.js" path="C:\Users\Brenda\Desktop\gestor-proyectos-fullstack\frontend\login-registration\src\App.js">
        <metrics statements="533" coveredstatements="236" conditionals="265" coveredconditionals="109" methods="188" coveredmethods="39"/>
        <line num="6" count="4" type="stmt"/>
        <line num="8" count="4" type="stmt"/>
        <line num="9" count="727" type="stmt"/>
        <line num="10" count="727" type="stmt"/>
        <line num="12" count="52" type="stmt"/>
        <line num="13" count="52" type="stmt"/>
        <line num="15" count="727" type="stmt"/>
        <line num="28" count="727" type="stmt"/>
        <line num="29" count="727" type="stmt"/>
        <line num="30" count="727" type="stmt"/>
        <line num="31" count="727" type="stmt"/>
        <line num="32" count="727" type="stmt"/>
        <line num="33" count="727" type="stmt"/>
        <line num="34" count="727" type="stmt"/>
        <line num="35" count="727" type="stmt"/>
        <line num="36" count="727" type="stmt"/>
        <line num="37" count="727" type="stmt"/>
        <line num="38" count="727" type="stmt"/>
        <line num="39" count="727" type="stmt"/>
        <line num="40" count="727" type="stmt"/>
        <line num="41" count="727" type="stmt"/>
        <line num="42" count="727" type="stmt"/>
        <line num="43" count="727" type="stmt"/>
        <line num="44" count="727" type="stmt"/>
        <line num="45" count="727" type="stmt"/>
        <line num="46" count="727" type="stmt"/>
        <line num="47" count="727" type="stmt"/>
        <line num="48" count="727" type="stmt"/>
        <line num="58" count="727" type="stmt"/>
        <line num="59" count="727" type="stmt"/>
        <line num="60" count="727" type="stmt"/>
        <line num="61" count="727" type="stmt"/>
        <line num="62" count="727" type="stmt"/>
        <line num="63" count="727" type="stmt"/>
        <line num="64" count="727" type="stmt"/>
        <line num="65" count="727" type="stmt"/>
        <line num="66" count="727" type="stmt"/>
        <line num="67" count="727" type="stmt"/>
        <line num="68" count="727" type="stmt"/>
        <line num="69" count="727" type="stmt"/>
        <line num="71" count="727" type="stmt"/>
        <line num="73" count="727" type="stmt"/>
        <line num="74" count="727" type="cond" truecount="2" falsecount="0"/>
        <line num="77" count="727" type="stmt"/>
        <line num="78" count="605" type="stmt"/>
        <line num="102" count="727" type="stmt"/>
        <line num="103" count="104" type="stmt"/>
        <line num="108" count="8" type="stmt"/>
        <line num="113" count="92" type="stmt"/>
        <line num="114" count="92" type="stmt"/>
        <line num="115" count="0" type="stmt"/>
        <line num="123" count="13" type="stmt"/>
        <line num="124" count="2" type="stmt"/>
        <line num="125" count="2" type="stmt"/>
        <line num="134" count="727" type="stmt"/>
        <line num="135" count="104" type="cond" truecount="2" falsecount="0"/>
        <line num="136" count="8" type="stmt"/>
        <line num="143" count="0" type="stmt"/>
        <line num="147" count="0" type="stmt"/>
        <line num="151" count="0" type="stmt"/>
        <line num="155" count="0" type="stmt"/>
        <line num="159" count="0" type="stmt"/>
        <line num="167" count="727" type="stmt"/>
        <line num="168" count="104" type="cond" truecount="2" falsecount="0"/>
        <line num="169" count="2" type="stmt"/>
        <line num="179" count="0" type="stmt"/>
        <line num="187" count="0" type="stmt"/>
        <line num="196" count="0" type="stmt"/>
        <line num="205" count="0" type="stmt"/>
        <line num="220" count="0" type="stmt"/>
        <line num="232" count="727" type="stmt"/>
        <line num="233" count="18" type="cond" truecount="1" falsecount="1"/>
        <line num="234" count="0" type="stmt"/>
        <line num="241" count="0" type="stmt"/>
        <line num="245" count="0" type="stmt"/>
        <line num="249" count="0" type="stmt"/>
        <line num="257" count="0" type="stmt"/>
        <line num="261" count="0" type="stmt"/>
        <line num="265" count="0" type="stmt"/>
        <line num="269" count="0" type="stmt"/>
        <line num="278" count="727" type="stmt"/>
        <line num="279" count="18" type="cond" truecount="1" falsecount="1"/>
        <line num="280" count="0" type="stmt"/>
        <line num="281" count="0" type="stmt"/>
        <line num="288" count="0" type="stmt"/>
        <line num="292" count="0" type="stmt"/>
        <line num="296" count="0" type="stmt"/>
        <line num="300" count="0" type="stmt"/>
        <line num="304" count="0" type="stmt"/>
        <line num="308" count="0" type="cond" truecount="0" falsecount="2"/>
        <line num="310" count="0" type="stmt"/>
        <line num="315" count="0" type="stmt"/>
        <line num="323" count="0" type="stmt"/>
        <line num="327" count="0" type="stmt"/>
        <line num="335" count="727" type="stmt"/>
        <line num="337" count="18" type="stmt"/>
        <line num="338" count="18" type="stmt"/>
        <line num="339" count="18" type="stmt"/>
        <line num="340" count="18" type="stmt"/>
        <line num="341" count="18" type="stmt"/>
        <line num="345" count="1" type="stmt"/>
        <line num="348" count="0" type="cond" truecount="2" falsecount="0"/>
        <line num="349" count="0" type="cond" truecount="1" falsecount="1"/>
        <line num="350" count="5" type="cond" truecount="2" falsecount="0"/>
        <line num="351" count="0" type="cond" truecount="1" falsecount="1"/>
        <line num="393" count="0" type="cond" truecount="0" falsecount="2"/>
        <line num="394" count="0" type="cond" truecount="0" falsecount="2"/>
        <line num="395" count="0" type="cond" truecount="0" falsecount="2"/>
        <line num="396" count="0" type="cond" truecount="0" falsecount="2"/>
        <line num="400" count="0" type="stmt"/>
        <line num="401" count="0" type="stmt"/>
        <line num="410" count="0" type="stmt"/>
        <line num="413" count="0" type="stmt"/>
        <line num="414" count="0" type="stmt"/>
        <line num="418" count="0" type="stmt"/>
        <line num="431" count="0" type="stmt"/>
        <line num="435" count="0" type="stmt"/>
        <line num="436" count="0" type="stmt"/>
        <line num="437" count="0" type="stmt"/>
        <line num="440" count="0" type="stmt"/>
        <line num="442" count="0" type="stmt"/>
        <line num="443" count="0" type="stmt"/>
        <line num="453" count="0" type="stmt"/>
        <line num="470" count="0" type="stmt"/>
        <line num="473" count="0" type="stmt"/>
        <line num="479" count="0" type="cond" truecount="0" falsecount="2"/>
        <line num="480" count="0" type="stmt"/>
        <line num="482" count="0" type="stmt"/>
        <line num="485" count="0" type="stmt"/>
        <line num="487" count="0" type="stmt"/>
        <line num="488" count="0" type="stmt"/>
        <line num="500" count="727" type="stmt"/>
        <line num="501" count="0" type="stmt"/>
        <line num="504" count="727" type="stmt"/>
        <line num="505" count="0" type="stmt"/>
        <line num="506" count="0" type="stmt"/>
        <line num="516" count="0" type="stmt"/>
        <line num="519" count="727" type="stmt"/>
        <line num="520" count="0" type="stmt"/>
        <line num="521" count="0" type="stmt"/>
        <line num="531" count="0" type="stmt"/>
        <line num="535" count="727" type="stmt"/>
        <line num="542" count="727" type="stmt"/>
        <line num="548" count="727" type="stmt"/>
        <line num="555" count="727" type="stmt"/>
        <line num="556" count="0" type="stmt"/>
        <line num="557" count="0" type="stmt"/>
        <line num="558" count="0" type="stmt"/>
        <line num="559" count="0" type="stmt"/>
        <line num="560" count="0" type="stmt"/>
        <line num="563" count="727" type="stmt"/>
        <line num="565" count="52" type="cond" truecount="2" falsecount="0"/>
        <line num="566" count="52" type="stmt"/>
        <line num="569" count="727" type="stmt"/>
        <line num="571" count="52" type="cond" truecount="2" falsecount="0"/>
        <line num="572" count="52" type="cond" truecount="2" falsecount="0"/>
        <line num="573" count="52" type="stmt"/>
        <line num="574" count="52" type="stmt"/>
        <line num="577" count="727" type="stmt"/>
        <line num="579" count="106" type="stmt"/>
        <line num="580" count="106" type="cond" truecount="2" falsecount="2"/>
        <line num="581" count="0" type="stmt"/>
        <line num="582" count="0" type="cond" truecount="0" falsecount="2"/>
        <line num="584" count="106" type="stmt"/>
        <line num="585" count="106" type="cond" truecount="2" falsecount="0"/>
        <line num="589" count="727" type="stmt"/>
        <line num="590" count="66" type="cond" truecount="2" falsecount="0"/>
        <line num="591" count="13" type="stmt"/>
        <line num="593" count="53" type="stmt"/>
        <line num="598" count="727" type="stmt"/>
        <line num="599" count="57" type="stmt"/>
        <line num="602" count="727" type="stmt"/>
        <line num="604" count="52" type="cond" truecount="2" falsecount="0"/>
        <line num="605" count="52" type="stmt"/>
        <line num="609" count="727" type="stmt"/>
        <line num="610" count="104" type="cond" truecount="2" falsecount="0"/>
        <line num="611" count="52" type="stmt"/>
        <line num="612" count="52" type="stmt"/>
        <line num="614" count="52" type="stmt"/>
        <line num="617" count="727" type="stmt"/>
        <line num="618" count="104" type="cond" truecount="1" falsecount="1"/>
        <line num="620" count="0" type="stmt"/>
        <line num="621" count="0" type="stmt"/>
        <line num="622" count="0" type="stmt"/>
        <line num="623" count="0" type="stmt"/>
        <line num="624" count="0" type="stmt"/>
        <line num="627" count="0" type="stmt"/>
        <line num="628" count="0" type="stmt"/>
        <line num="631" count="0" type="cond" truecount="0" falsecount="2"/>
        <line num="632" count="0" type="stmt"/>
        <line num="633" count="0" type="stmt"/>
        <line num="634" count="0" type="cond" truecount="0" falsecount="2"/>
        <line num="635" count="0" type="stmt"/>
        <line num="636" count="0" type="stmt"/>
        <line num="637" count="0" type="cond" truecount="0" falsecount="2"/>
        <line num="638" count="0" type="stmt"/>
        <line num="639" count="0" type="stmt"/>
        <line num="640" count="0" type="cond" truecount="0" falsecount="2"/>
        <line num="641" count="0" type="stmt"/>
        <line num="642" count="0" type="stmt"/>
        <line num="645" count="0" type="stmt"/>
        <line num="646" count="0" type="stmt"/>
        <line num="649" count="727" type="stmt"/>
        <line num="650" count="104" type="stmt"/>
        <line num="653" count="727" type="stmt"/>
        <line num="654" count="0" type="cond" truecount="0" falsecount="4"/>
        <line num="656" count="0" type="stmt"/>
        <line num="657" count="0" type="stmt"/>
        <line num="659" count="0" type="stmt"/>
        <line num="660" count="0" type="stmt"/>
        <line num="662" count="0" type="cond" truecount="0" falsecount="2"/>
        <line num="663" count="0" type="stmt"/>
        <line num="664" count="0" type="cond" truecount="0" falsecount="2"/>
        <line num="665" count="0" type="stmt"/>
        <line num="666" count="0" type="cond" truecount="0" falsecount="2"/>
        <line num="667" count="0" type="stmt"/>
        <line num="668" count="0" type="cond" truecount="0" falsecount="2"/>
        <line num="669" count="0" type="stmt"/>
        <line num="673" count="0" type="stmt"/>
        <line num="676" count="727" type="stmt"/>
        <line num="677" count="0" type="stmt"/>
        <line num="680" count="727" type="stmt"/>
        <line num="681" count="0" type="stmt"/>
        <line num="684" count="727" type="stmt"/>
        <line num="685" count="0" type="stmt"/>
        <line num="686" count="0" type="cond" truecount="0" falsecount="2"/>
        <line num="687" count="0" type="stmt"/>
        <line num="691" count="727" type="stmt"/>
        <line num="692" count="0" type="stmt"/>
        <line num="699" count="0" type="stmt"/>
        <line num="702" count="727" type="stmt"/>
        <line num="703" count="21" type="stmt"/>
        <line num="705" count="21" type="cond" truecount="2" falsecount="0"/>
        <line num="706" count="10" type="cond" truecount="2" falsecount="0"/>
        <line num="707" count="2" type="stmt"/>
        <line num="711" count="21" type="cond" truecount="2" falsecount="0"/>
        <line num="712" count="5" type="stmt"/>
        <line num="713" count="16" type="cond" truecount="2" falsecount="0"/>
        <line num="714" count="2" type="stmt"/>
        <line num="717" count="21" type="cond" truecount="2" falsecount="0"/>
        <line num="718" count="6" type="stmt"/>
        <line num="719" count="15" type="cond" truecount="4" falsecount="0"/>
        <line num="720" count="1" type="stmt"/>
        <line num="723" count="21" type="cond" truecount="2" falsecount="0"/>
        <line num="724" count="10" type="cond" truecount="2" falsecount="0"/>
        <line num="725" count="3" type="stmt"/>
        <line num="726" count="7" type="cond" truecount="2" falsecount="0"/>
        <line num="727" count="2" type="stmt"/>
        <line num="731" count="21" type="stmt"/>
        <line num="732" count="21" type="stmt"/>
        <line num="735" count="727" type="stmt"/>
        <line num="736" count="499" type="stmt"/>
        <line num="737" count="499" type="stmt"/>
        <line num="742" count="499" type="cond" truecount="1" falsecount="1"/>
        <line num="743" count="0" type="stmt"/>
        <line num="744" count="0" type="stmt"/>
        <line num="745" count="0" type="stmt"/>
        <line num="746" count="0" type="stmt"/>
        <line num="749" count="499" type="stmt"/>
        <line num="753" count="727" type="stmt"/>
        <line num="754" count="11" type="stmt"/>
        <line num="755" count="11" type="stmt"/>
        <line num="756" count="11" type="stmt"/>
        <line num="758" count="11" type="cond" truecount="2" falsecount="0"/>
        <line num="759" count="7" type="stmt"/>
        <line num="760" count="7" type="stmt"/>
        <line num="770" count="6" type="cond" truecount="2" falsecount="0"/>
        <line num="771" count="1" type="stmt"/>
        <line num="772" count="1" type="cond" truecount="3" falsecount="0"/>
        <line num="776" count="1" type="stmt"/>
        <line num="779" count="4" type="stmt"/>
        <line num="782" count="4" type="cond" truecount="4" falsecount="1"/>
        <line num="783" count="0" type="stmt"/>
        <line num="786" count="4" type="stmt"/>
        <line num="787" count="4" type="stmt"/>
        <line num="788" count="4" type="stmt"/>
        <line num="789" count="4" type="stmt"/>
        <line num="790" count="4" type="stmt"/>
        <line num="791" count="4" type="stmt"/>
        <line num="793" count="3" type="stmt"/>
        <line num="794" count="3" type="stmt"/>
        <line num="801" count="3" type="cond" truecount="4" falsecount="0"/>
        <line num="802" count="1" type="stmt"/>
        <line num="803" count="2" type="cond" truecount="1" falsecount="1"/>
        <line num="804" count="0" type="stmt"/>
        <line num="806" count="2" type="cond" truecount="1" falsecount="1"/>
        <line num="814" count="727" type="stmt"/>
        <line num="815" count="10" type="stmt"/>
        <line num="816" count="10" type="stmt"/>
        <line num="817" count="10" type="stmt"/>
        <line num="819" count="10" type="cond" truecount="2" falsecount="0"/>
        <line num="820" count="3" type="stmt"/>
        <line num="821" count="3" type="stmt"/>
        <line num="831" count="3" type="cond" truecount="1" falsecount="1"/>
        <line num="832" count="0" type="stmt"/>
        <line num="833" count="0" type="cond" truecount="0" falsecount="3"/>
        <line num="834" count="0" type="stmt"/>
        <line num="837" count="3" type="stmt"/>
        <line num="838" count="3" type="stmt"/>
        <line num="839" count="3" type="stmt"/>
        <line num="841" count="0" type="stmt"/>
        <line num="842" count="0" type="cond" truecount="0" falsecount="4"/>
        <line num="843" count="0" type="stmt"/>
        <line num="845" count="0" type="cond" truecount="0" falsecount="2"/>
        <line num="852" count="727" type="stmt"/>
        <line num="853" count="1" type="stmt"/>
        <line num="855" count="1" type="stmt"/>
        <line num="857" count="1" type="stmt"/>
        <line num="858" count="1" type="stmt"/>
        <line num="859" count="1" type="stmt"/>
        <line num="862" count="727" type="stmt"/>
        <line num="863" count="0" type="cond" truecount="0" falsecount="2"/>
        <line num="864" count="0" type="stmt"/>
        <line num="874" count="0" type="stmt"/>
        <line num="875" count="0" type="stmt"/>
        <line num="876" count="0" type="stmt"/>
        <line num="877" count="0" type="stmt"/>
        <line num="878" count="0" type="stmt"/>
        <line num="879" count="0" type="stmt"/>
        <line num="880" count="0" type="stmt"/>
        <line num="881" count="0" type="stmt"/>
        <line num="885" count="727" type="stmt"/>
        <line num="886" count="4" type="stmt"/>
        <line num="887" count="2" type="stmt"/>
        <line num="888" count="2" type="stmt"/>
        <line num="891" count="727" type="stmt"/>
        <line num="892" count="2" type="stmt"/>
        <line num="893" count="2" type="stmt"/>
        <line num="894" count="2" type="stmt"/>
        <line num="895" count="2" type="stmt"/>
        <line num="896" count="2" type="stmt"/>
        <line num="897" count="2" type="stmt"/>
        <line num="898" count="2" type="stmt"/>
        <line num="901" count="727" type="stmt"/>
        <line num="902" count="0" type="cond" truecount="0" falsecount="2"/>
        <line num="903" count="0" type="stmt"/>
        <line num="904" count="0" type="cond" truecount="0" falsecount="2"/>
        <line num="905" count="0" type="stmt"/>
        <line num="914" count="0" type="stmt"/>
        <line num="916" count="0" type="stmt"/>
        <line num="917" count="0" type="stmt"/>
        <line num="918" count="0" type="stmt"/>
        <line num="919" count="0" type="stmt"/>
        <line num="920" count="0" type="stmt"/>
        <line num="924" count="727" type="stmt"/>
        <line num="925" count="0" type="stmt"/>
        <line num="926" count="0" type="stmt"/>
        <line num="927" count="0" type="stmt"/>
        <line num="929" count="0" type="cond" truecount="0" falsecount="2"/>
        <line num="930" count="0" type="cond" truecount="0" falsecount="2"/>
        <line num="931" count="0" type="stmt"/>
        <line num="934" count="727" type="stmt"/>
        <line num="935" count="0" type="cond" truecount="0" falsecount="4"/>
        <line num="936" count="0" type="stmt"/>
        <line num="937" count="0" type="stmt"/>
        <line num="938" count="0" type="stmt"/>
        <line num="939" count="0" type="stmt"/>
        <line num="943" count="727" type="stmt"/>
        <line num="944" count="11" type="stmt"/>
        <line num="945" count="11" type="stmt"/>
        <line num="946" count="11" type="stmt"/>
        <line num="947" count="11" type="stmt"/>
        <line num="948" count="11" type="stmt"/>
        <line num="951" count="727" type="stmt"/>
        <line num="952" count="0" type="stmt"/>
        <line num="960" count="0" type="stmt"/>
        <line num="961" count="0" type="stmt"/>
        <line num="962" count="0" type="stmt"/>
        <line num="965" count="727" type="stmt"/>
        <line num="966" count="0" type="stmt"/>
        <line num="976" count="0" type="stmt"/>
        <line num="977" count="0" type="stmt"/>
        <line num="978" count="0" type="stmt"/>
        <line num="981" count="727" type="stmt"/>
        <line num="982" count="0" type="cond" truecount="0" falsecount="2"/>
        <line num="983" count="0" type="stmt"/>
        <line num="984" count="0" type="cond" truecount="0" falsecount="2"/>
        <line num="986" count="0" type="stmt"/>
        <line num="987" count="0" type="stmt"/>
        <line num="989" count="0" type="stmt"/>
        <line num="990" count="0" type="cond" truecount="0" falsecount="2"/>
        <line num="992" count="0" type="stmt"/>
        <line num="993" count="0" type="stmt"/>
        <line num="997" count="727" type="stmt"/>
        <line num="998" count="0" type="cond" truecount="0" falsecount="2"/>
        <line num="999" count="0" type="stmt"/>
        <line num="1000" count="0" type="stmt"/>
        <line num="1001" count="0" type="stmt"/>
        <line num="1002" count="0" type="stmt"/>
        <line num="1003" count="0" type="stmt"/>
        <line num="1004" count="0" type="stmt"/>
        <line num="1006" count="0" type="stmt"/>
        <line num="1007" count="0" type="stmt"/>
        <line num="1008" count="0" type="stmt"/>
        <line num="1013" count="727" type="stmt"/>
        <line num="1014" count="0" type="cond" truecount="0" falsecount="2"/>
        <line num="1016" count="0" type="stmt"/>
        <line num="1017" count="0" type="stmt"/>
        <line num="1019" count="0" type="stmt"/>
        <line num="1020" count="0" type="stmt"/>
        <line num="1022" count="0" type="stmt"/>
        <line num="1023" count="0" type="stmt"/>
        <line num="1024" count="0" type="stmt"/>
        <line num="1027" count="0" type="stmt"/>
        <line num="1030" count="727" type="stmt"/>
        <line num="1031" count="0" type="stmt"/>
        <line num="1032" count="0" type="stmt"/>
        <line num="1035" count="727" type="stmt"/>
        <line num="1036" count="0" type="stmt"/>
        <line num="1037" count="0" type="stmt"/>
        <line num="1040" count="727" type="stmt"/>
        <line num="1041" count="0" type="stmt"/>
        <line num="1042" count="0" type="stmt"/>
        <line num="1045" count="727" type="stmt"/>
        <line num="1109" count="727" type="stmt"/>
        <line num="1111" count="0" type="stmt"/>
        <line num="1112" count="0" type="stmt"/>
        <line num="1113" count="0" type="stmt"/>
        <line num="1115" count="0" type="cond" truecount="0" falsecount="2"/>
        <line num="1116" count="0" type="stmt"/>
        <line num="1117" count="0" type="stmt"/>
        <line num="1119" count="0" type="cond" truecount="0" falsecount="2"/>
        <line num="1120" count="0" type="stmt"/>
        <line num="1121" count="0" type="stmt"/>
        <line num="1122" count="0" type="cond" truecount="0" falsecount="2"/>
        <line num="1123" count="0" type="stmt"/>
        <line num="1124" count="0" type="stmt"/>
        <line num="1125" count="0" type="cond" truecount="0" falsecount="2"/>
        <line num="1126" count="0" type="stmt"/>
        <line num="1127" count="0" type="stmt"/>
        <line num="1128" count="0" type="cond" truecount="0" falsecount="2"/>
        <line num="1129" count="0" type="stmt"/>
        <line num="1130" count="0" type="stmt"/>
        <line num="1133" count="0" type="stmt"/>
        <line num="1134" count="0" type="stmt"/>
        <line num="1135" count="0" type="stmt"/>
        <line num="1136" count="0" type="stmt"/>
        <line num="1137" count="0" type="cond" truecount="0" falsecount="2"/>
        <line num="1138" count="0" type="cond" truecount="0" falsecount="2"/>
        <line num="1139" count="0" type="cond" truecount="0" falsecount="2"/>
        <line num="1140" count="0" type="cond" truecount="0" falsecount="2"/>
        <line num="1142" count="0" type="stmt"/>
        <line num="1143" count="0" type="stmt"/>
        <line num="1144" count="0" type="stmt"/>
        <line num="1146" count="0" type="stmt"/>
        <line num="1154" count="0" type="stmt"/>
        <line num="1166" count="0" type="stmt"/>
        <line num="1167" count="0" type="stmt"/>
        <line num="1172" count="0" type="stmt"/>
        <line num="1177" count="0" type="stmt"/>
        <line num="1178" count="0" type="stmt"/>
        <line num="1192" count="0" type="stmt"/>
        <line num="1198" count="0" type="stmt"/>
        <line num="1203" count="0" type="stmt"/>
        <line num="1204" count="0" type="stmt"/>
        <line num="1219" count="0" type="stmt"/>
        <line num="1233" count="727" type="stmt"/>
        <line num="1234" count="18" type="stmt"/>
        <line num="1235" count="18" type="stmt"/>
        <line num="1236" count="18" type="stmt"/>
        <line num="1237" count="18" type="stmt"/>
        <line num="1238" count="18" type="stmt"/>
        <line num="1240" count="18" type="stmt"/>
        <line num="1241" count="0" type="stmt"/>
        <line num="1242" count="0" type="stmt"/>
        <line num="1245" count="18" type="stmt"/>
        <line num="1247" count="0" type="stmt"/>
        <line num="1248" count="0" type="cond" truecount="0" falsecount="3"/>
        <line num="1251" count="0" type="stmt"/>
        <line num="1255" count="0" type="stmt"/>
        <line num="1256" count="0" type="cond" truecount="0" falsecount="2"/>
        <line num="1260" count="0" type="stmt"/>
        <line num="1261" count="0" type="cond" truecount="0" falsecount="2"/>
        <line num="1266" count="727" type="stmt"/>
        <line num="1267" count="18" type="cond" truecount="1" falsecount="1"/>
        <line num="1268" count="0" type="stmt"/>
        <line num="1269" count="0" type="stmt"/>
        <line num="1273" count="0" type="stmt"/>
        <line num="1276" count="0" type="stmt"/>
        <line num="1280" count="0" type="stmt"/>
        <line num="1284" count="0" type="stmt"/>
        <line num="1288" count="0" type="stmt"/>
        <line num="1297" count="727" type="stmt"/>
        <line num="1298" count="0" type="cond" truecount="0" falsecount="5"/>
        <line num="1299" count="0" type="stmt"/>
        <line num="1306" count="0" type="stmt"/>
        <line num="1307" count="0" type="stmt"/>
        <line num="1308" count="0" type="stmt"/>
        <line num="1309" count="0" type="stmt"/>
        <line num="1310" count="0" type="stmt"/>
        <line num="1311" count="0" type="stmt"/>
        <line num="1312" count="0" type="stmt"/>
        <line num="1314" count="727" type="stmt"/>
        <line num="1315" count="0" type="stmt"/>
        <line num="1316" count="0" type="stmt"/>
        <line num="1317" count="0" type="stmt"/>
        <line num="1321" count="727" type="stmt"/>
        <line num="1322" count="0" type="stmt"/>
        <line num="1325" count="727" type="stmt"/>
        <line num="1326" count="0" type="stmt"/>
        <line num="1329" count="727" type="stmt"/>
        <line num="1330" count="0" type="stmt"/>
        <line num="1331" count="0" type="stmt"/>
        <line num="1332" count="0" type="stmt"/>
        <line num="1333" count="0" type="cond" truecount="0" falsecount="2"/>
        <line num="1335" count="0" type="stmt"/>
        <line num="1336" count="0" type="stmt"/>
        <line num="1340" count="727" type="stmt"/>
        <line num="1341" count="0" type="stmt"/>
        <line num="1342" count="0" type="cond" truecount="0" falsecount="2"/>
        <line num="1344" count="0" type="stmt"/>
        <line num="1345" count="0" type="stmt"/>
        <line num="1349" count="727" type="stmt"/>
        <line num="1350" count="0" type="stmt"/>
        <line num="1351" count="0" type="cond" truecount="0" falsecount="4"/>
        <line num="1352" count="0" type="stmt"/>
        <line num="1354" count="0" type="stmt"/>
        <line num="1356" count="0" type="stmt"/>
        <line num="1357" count="0" type="stmt"/>
        <line num="1358" count="0" type="stmt"/>
        <line num="1361" count="727" type="stmt"/>
        <line num="1362" count="0" type="stmt"/>
        <line num="1363" count="0" type="cond" truecount="0" falsecount="4"/>
        <line num="1364" count="0" type="stmt"/>
        <line num="1366" count="0" type="stmt"/>
        <line num="1368" count="0" type="stmt"/>
        <line num="1369" count="0" type="stmt"/>
        <line num="1370" count="0" type="stmt"/>
        <line num="1374" count="727" type="cond" truecount="2" falsecount="0"/>
        <line num="1375" count="605" type="stmt"/>
        <line num="1379" count="122" type="cond" truecount="2" falsecount="0"/>
        <line num="1380" count="18" type="stmt"/>
        <line num="1391" count="104" type="stmt"/>
      </file>
      <file name="index.js" path="C:\Users\Brenda\Desktop\gestor-proyectos-fullstack\frontend\login-registration\src\index.js">
        <metrics statements="3" coveredstatements="0" conditionals="0" coveredconditionals="0" methods="0" coveredmethods="0"/>
        <line num="7" count="0" type="stmt"/>
        <line num="8" count="0" type="stmt"/>
        <line num="17" count="0" type="stmt"/>
      </file>
      <file name="reportWebVitals.js" path="C:\Users\Brenda\Desktop\gestor-proyectos-fullstack\frontend\login-registration\src\reportWebVitals.js">
        <metrics statements="8" coveredstatements="0" conditionals="4" coveredconditionals="0" methods="2" coveredmethods="0"/>
        <line num="1" count="0" type="stmt"/>
        <line num="2" count="0" type="cond" truecount="0" falsecount="4"/>
        <line num="3" count="0" type="stmt"/>
        <line num="4" count="0" type="stmt"/>
        <line num="5" count="0" type="stmt"/>
        <line num="6" count="0" type="stmt"/>
        <line num="7" count="0" type="stmt"/>
        <line num="8" count="0" type="stmt"/>
      </file>
    </package>
    <package name="src.components">
      <metrics statements="45" coveredstatements="3" conditionals="27" coveredconditionals="0" methods="9" coveredmethods="0"/>
      <file name="GanttChartExample.jsx" path="C:\Users\Brenda\Desktop\gestor-proyectos-fullstack\frontend\login-registration\src\components\GanttChartExample.jsx">
        <metrics statements="45" coveredstatements="3" conditionals="27" coveredconditionals="0" methods="9" coveredmethods="0"/>
        <line num="4" count="4" type="stmt"/>
        <line num="5" count="0" type="stmt"/>
        <line num="8" count="0" type="stmt"/>
        <line num="11" count="4" type="stmt"/>
        <line num="12" count="0" type="stmt"/>
        <line num="15" count="0" type="stmt"/>
        <line num="19" count="4" type="cond" truecount="0" falsecount="3"/>
        <line num="21" count="0" type="stmt"/>
        <line num="22" count="0" type="stmt"/>
        <line num="23" count="0" type="cond" truecount="0" falsecount="4"/>
        <line num="24" count="0" type="stmt"/>
        <line num="25" count="0" type="stmt"/>
        <line num="26" count="0" type="stmt"/>
        <line num="28" count="0" type="stmt"/>
        <line num="29" count="0" type="stmt"/>
        <line num="31" count="0" type="cond" truecount="0" falsecount="2"/>
        <line num="32" count="0" type="stmt"/>
        <line num="33" count="0" type="stmt"/>
        <line num="34" count="0" type="cond" truecount="0" falsecount="2"/>
        <line num="35" count="0" type="stmt"/>
        <line num="36" count="0" type="stmt"/>
        <line num="37" count="0" type="cond" truecount="0" falsecount="2"/>
        <line num="38" count="0" type="stmt"/>
        <line num="39" count="0" type="stmt"/>
        <line num="40" count="0" type="cond" truecount="0" falsecount="2"/>
        <line num="41" count="0" type="stmt"/>
        <line num="42" count="0" type="stmt"/>
        <line num="44" count="0" type="stmt"/>
        <line num="45" count="0" type="stmt"/>
        <line num="46" count="0" type="stmt"/>
        <line num="47" count="0" type="stmt"/>
        <line num="48" count="0" type="cond" truecount="0" falsecount="2"/>
        <line num="49" count="0" type="cond" truecount="0" falsecount="2"/>
        <line num="50" count="0" type="cond" truecount="0" falsecount="2"/>
        <line num="51" count="0" type="cond" truecount="0" falsecount="2"/>
        <line num="53" count="0" type="stmt"/>
        <line num="56" count="0" type="cond" truecount="0" falsecount="2"/>
        <line num="57" count="0" type="stmt"/>
        <line num="58" count="0" type="stmt"/>
        <line num="59" count="0" type="stmt"/>
        <line num="61" count="0" type="stmt"/>
        <line num="72" count="0" type="stmt"/>
        <line num="76" count="0" type="stmt"/>
        <line num="86" count="0" type="stmt"/>
        <line num="97" count="0" type="stmt"/>
      </file>
    </package>
  </project>
</coverage>
