{"C:\\Users\\Brenda\\Desktop\\gestor-proyectos-fullstack\\frontend\\login-registration\\src\\App.js": {"path":"C:\\Users\\Brenda\\Desktop\\gestor-proyectos-fullstack\\frontend\\login-registration\\src\\App.js","statementMap":{"0":{"start":{"line":6,"column":21},"end":{"line":6,"column":48}},"1":{"start":{"line":8,"column":22},"end":{"line":1398,"column":1}},"2":{"start":{"line":9,"column":32},"end":{"line":9,"column":46}},"3":{"start":{"line":10,"column":48},"end":{"line":14,"column":4}},"4":{"start":{"line":12,"column":22},"end":{"line":12,"column":61}},"5":{"start":{"line":13,"column":4},"end":{"line":13,"column":32}},"6":{"start":{"line":15,"column":34},"end":{"line":20,"column":4}},"7":{"start":{"line":28,"column":30},"end":{"line":28,"column":42}},"8":{"start":{"line":29,"column":46},"end":{"line":29,"column":58}},"9":{"start":{"line":30,"column":38},"end":{"line":30,"column":50}},"10":{"start":{"line":31,"column":34},"end":{"line":31,"column":46}},"11":{"start":{"line":32,"column":56},"end":{"line":32,"column":71}},"12":{"start":{"line":33,"column":58},"end":{"line":33,"column":73}},"13":{"start":{"line":34,"column":46},"end":{"line":34,"column":60}},"14":{"start":{"line":35,"column":46},"end":{"line":35,"column":58}},"15":{"start":{"line":36,"column":60},"end":{"line":36,"column":72}},"16":{"start":{"line":37,"column":56},"end":{"line":37,"column":68}},"17":{"start":{"line":38,"column":52},"end":{"line":38,"column":64}},"18":{"start":{"line":39,"column":52},"end":{"line":39,"column":64}},"19":{"start":{"line":40,"column":48},"end":{"line":40,"column":62}},"20":{"start":{"line":41,"column":44},"end":{"line":41,"column":63}},"21":{"start":{"line":42,"column":28},"end":{"line":42,"column":40}},"22":{"start":{"line":43,"column":40},"end":{"line":43,"column":52}},"23":{"start":{"line":44,"column":50},"end":{"line":44,"column":65}},"24":{"start":{"line":45,"column":52},"end":{"line":45,"column":67}},"25":{"start":{"line":46,"column":42},"end":{"line":46,"column":56}},"26":{"start":{"line":47,"column":40},"end":{"line":47,"column":54}},"27":{"start":{"line":48,"column":40},"end":{"line":57,"column":4}},"28":{"start":{"line":58,"column":36},"end":{"line":58,"column":54}},"29":{"start":{"line":59,"column":46},"end":{"line":59,"column":60}},"30":{"start":{"line":60,"column":42},"end":{"line":60,"column":56}},"31":{"start":{"line":61,"column":42},"end":{"line":61,"column":56}},"32":{"start":{"line":62,"column":50},"end":{"line":62,"column":62}},"33":{"start":{"line":63,"column":44},"end":{"line":63,"column":56}},"34":{"start":{"line":64,"column":32},"end":{"line":64,"column":44}},"35":{"start":{"line":65,"column":54},"end":{"line":65,"column":69}},"36":{"start":{"line":66,"column":44},"end":{"line":66,"column":56}},"37":{"start":{"line":67,"column":54},"end":{"line":67,"column":66}},"38":{"start":{"line":68,"column":50},"end":{"line":68,"column":62}},"39":{"start":{"line":69,"column":44},"end":{"line":69,"column":58}},"40":{"start":{"line":71,"column":30},"end":{"line":71,"column":42}},"41":{"start":{"line":73,"column":50},"end":{"line":73,"column":62}},"42":{"start":{"line":74,"column":40},"end":{"line":74,"column":99}},"43":{"start":{"line":74,"column":55},"end":{"line":74,"column":98}},"44":{"start":{"line":77,"column":26},"end":{"line":100,"column":3}},"45":{"start":{"line":78,"column":4},"end":{"line":99,"column":6}},"46":{"start":{"line":102,"column":28},"end":{"line":132,"column":3}},"47":{"start":{"line":103,"column":4},"end":{"line":131,"column":6}},"48":{"start":{"line":108,"column":63},"end":{"line":108,"column":91}},"49":{"start":{"line":113,"column":32},"end":{"line":113,"column":57}},"50":{"start":{"line":114,"column":12},"end":{"line":127,"column":17}},"51":{"start":{"line":115,"column":34},"end":{"line":115,"column":55}},"52":{"start":{"line":123,"column":67},"end":{"line":123,"column":88}},"53":{"start":{"line":124,"column":69},"end":{"line":124,"column":89}},"54":{"start":{"line":125,"column":66},"end":{"line":125,"column":91}},"55":{"start":{"line":134,"column":32},"end":{"line":165,"column":3}},"56":{"start":{"line":135,"column":4},"end":{"line":135,"column":42}},"57":{"start":{"line":135,"column":30},"end":{"line":135,"column":42}},"58":{"start":{"line":136,"column":4},"end":{"line":164,"column":6}},"59":{"start":{"line":143,"column":59},"end":{"line":143,"column":92}},"60":{"start":{"line":147,"column":69},"end":{"line":147,"column":109}},"61":{"start":{"line":151,"column":76},"end":{"line":151,"column":114}},"62":{"start":{"line":155,"column":74},"end":{"line":155,"column":110}},"63":{"start":{"line":159,"column":81},"end":{"line":159,"column":110}},"64":{"start":{"line":167,"column":33},"end":{"line":229,"column":3}},"65":{"start":{"line":168,"column":4},"end":{"line":168,"column":43}},"66":{"start":{"line":168,"column":31},"end":{"line":168,"column":43}},"67":{"start":{"line":169,"column":4},"end":{"line":228,"column":6}},"68":{"start":{"line":179,"column":31},"end":{"line":179,"column":64}},"69":{"start":{"line":187,"column":31},"end":{"line":187,"column":71}},"70":{"start":{"line":196,"column":31},"end":{"line":196,"column":69}},"71":{"start":{"line":205,"column":31},"end":{"line":205,"column":67}},"72":{"start":{"line":220,"column":31},"end":{"line":220,"column":61}},"73":{"start":{"line":232,"column":29},"end":{"line":275,"column":3}},"74":{"start":{"line":233,"column":4},"end":{"line":233,"column":39}},"75":{"start":{"line":233,"column":27},"end":{"line":233,"column":39}},"76":{"start":{"line":234,"column":4},"end":{"line":274,"column":6}},"77":{"start":{"line":241,"column":99},"end":{"line":241,"column":159}},"78":{"start":{"line":241,"column":123},"end":{"line":241,"column":157}},"79":{"start":{"line":245,"column":96},"end":{"line":245,"column":162}},"80":{"start":{"line":245,"column":120},"end":{"line":245,"column":160}},"81":{"start":{"line":249,"column":89},"end":{"line":249,"column":150}},"82":{"start":{"line":249,"column":113},"end":{"line":249,"column":148}},"83":{"start":{"line":257,"column":103},"end":{"line":257,"column":167}},"84":{"start":{"line":257,"column":127},"end":{"line":257,"column":165}},"85":{"start":{"line":261,"column":101},"end":{"line":261,"column":163}},"86":{"start":{"line":261,"column":125},"end":{"line":261,"column":161}},"87":{"start":{"line":265,"column":105},"end":{"line":265,"column":171}},"88":{"start":{"line":265,"column":129},"end":{"line":265,"column":169}},"89":{"start":{"line":269,"column":83},"end":{"line":269,"column":110}},"90":{"start":{"line":269,"column":111},"end":{"line":269,"column":132}},"91":{"start":{"line":269,"column":133},"end":{"line":269,"column":277}},"92":{"start":{"line":278,"column":30},"end":{"line":333,"column":3}},"93":{"start":{"line":279,"column":4},"end":{"line":279,"column":40}},"94":{"start":{"line":279,"column":28},"end":{"line":279,"column":40}},"95":{"start":{"line":280,"column":25},"end":{"line":280,"column":79}},"96":{"start":{"line":280,"column":43},"end":{"line":280,"column":78}},"97":{"start":{"line":281,"column":4},"end":{"line":332,"column":6}},"98":{"start":{"line":288,"column":99},"end":{"line":288,"column":159}},"99":{"start":{"line":288,"column":123},"end":{"line":288,"column":157}},"100":{"start":{"line":292,"column":96},"end":{"line":292,"column":162}},"101":{"start":{"line":292,"column":120},"end":{"line":292,"column":160}},"102":{"start":{"line":296,"column":103},"end":{"line":296,"column":167}},"103":{"start":{"line":296,"column":127},"end":{"line":296,"column":165}},"104":{"start":{"line":300,"column":101},"end":{"line":300,"column":163}},"105":{"start":{"line":300,"column":125},"end":{"line":300,"column":161}},"106":{"start":{"line":304,"column":105},"end":{"line":304,"column":171}},"107":{"start":{"line":304,"column":129},"end":{"line":304,"column":169}},"108":{"start":{"line":308,"column":95},"end":{"line":308,"column":156}},"109":{"start":{"line":308,"column":119},"end":{"line":308,"column":154}},"110":{"start":{"line":310,"column":42},"end":{"line":310,"column":101}},"111":{"start":{"line":315,"column":89},"end":{"line":315,"column":150}},"112":{"start":{"line":315,"column":113},"end":{"line":315,"column":148}},"113":{"start":{"line":323,"column":107},"end":{"line":323,"column":173}},"114":{"start":{"line":323,"column":131},"end":{"line":323,"column":171}},"115":{"start":{"line":327,"column":83},"end":{"line":327,"column":111}},"116":{"start":{"line":327,"column":112},"end":{"line":327,"column":133}},"117":{"start":{"line":327,"column":134},"end":{"line":327,"column":278}},"118":{"start":{"line":335,"column":34},"end":{"line":499,"column":3}},"119":{"start":{"line":337,"column":25},"end":{"line":337,"column":79}},"120":{"start":{"line":337,"column":43},"end":{"line":337,"column":78}},"121":{"start":{"line":338,"column":27},"end":{"line":338,"column":93}},"122":{"start":{"line":338,"column":51},"end":{"line":338,"column":92}},"123":{"start":{"line":338,"column":74},"end":{"line":338,"column":91}},"124":{"start":{"line":339,"column":27},"end":{"line":339,"column":85}},"125":{"start":{"line":339,"column":48},"end":{"line":339,"column":84}},"126":{"start":{"line":340,"column":18},"end":{"line":340,"column":63}},"127":{"start":{"line":341,"column":4},"end":{"line":498,"column":6}},"128":{"start":{"line":345,"column":63},"end":{"line":345,"column":87}},"129":{"start":{"line":348,"column":99},"end":{"line":348,"column":126}},"130":{"start":{"line":349,"column":104},"end":{"line":349,"column":135}},"131":{"start":{"line":349,"column":136},"end":{"line":349,"column":160}},"132":{"start":{"line":350,"column":99},"end":{"line":350,"column":126}},"133":{"start":{"line":351,"column":99},"end":{"line":351,"column":126}},"134":{"start":{"line":393,"column":136},"end":{"line":393,"column":165}},"135":{"start":{"line":394,"column":137},"end":{"line":394,"column":167}},"136":{"start":{"line":395,"column":138},"end":{"line":395,"column":169}},"137":{"start":{"line":396,"column":140},"end":{"line":396,"column":173}},"138":{"start":{"line":400,"column":67},"end":{"line":400,"column":88}},"139":{"start":{"line":400,"column":89},"end":{"line":400,"column":225}},"140":{"start":{"line":400,"column":226},"end":{"line":400,"column":252}},"141":{"start":{"line":401,"column":67},"end":{"line":401,"column":88}},"142":{"start":{"line":401,"column":89},"end":{"line":401,"column":225}},"143":{"start":{"line":401,"column":226},"end":{"line":401,"column":253}},"144":{"start":{"line":410,"column":65},"end":{"line":410,"column":92}},"145":{"start":{"line":413,"column":42},"end":{"line":413,"column":53}},"146":{"start":{"line":414,"column":16},"end":{"line":425,"column":21}},"147":{"start":{"line":418,"column":40},"end":{"line":418,"column":64}},"148":{"start":{"line":431,"column":16},"end":{"line":458,"column":22}},"149":{"start":{"line":435,"column":43},"end":{"line":435,"column":62}},"150":{"start":{"line":435,"column":63},"end":{"line":435,"column":106}},"151":{"start":{"line":436,"column":43},"end":{"line":436,"column":89}},"152":{"start":{"line":437,"column":38},"end":{"line":437,"column":57}},"153":{"start":{"line":437,"column":58},"end":{"line":437,"column":104}},"154":{"start":{"line":437,"column":105},"end":{"line":437,"column":126}},"155":{"start":{"line":440,"column":68},"end":{"line":440,"column":93}},"156":{"start":{"line":442,"column":48},"end":{"line":442,"column":68}},"157":{"start":{"line":443,"column":22},"end":{"line":455,"column":27}},"158":{"start":{"line":453,"column":93},"end":{"line":453,"column":121}},"159":{"start":{"line":470,"column":62},"end":{"line":470,"column":97}},"160":{"start":{"line":473,"column":18},"end":{"line":473,"column":70}},"161":{"start":{"line":479,"column":35},"end":{"line":481,"column":32}},"162":{"start":{"line":480,"column":45},"end":{"line":480,"column":76}},"163":{"start":{"line":482,"column":14},"end":{"line":493,"column":16}},"164":{"start":{"line":485,"column":20},"end":{"line":490,"column":26}},"165":{"start":{"line":487,"column":48},"end":{"line":487,"column":67}},"166":{"start":{"line":488,"column":24},"end":{"line":488,"column":79}},"167":{"start":{"line":500,"column":21},"end":{"line":502,"column":3}},"168":{"start":{"line":501,"column":4},"end":{"line":501,"column":61}},"169":{"start":{"line":501,"column":30},"end":{"line":501,"column":58}},"170":{"start":{"line":504,"column":25},"end":{"line":517,"column":3}},"171":{"start":{"line":505,"column":4},"end":{"line":505,"column":25}},"172":{"start":{"line":506,"column":4},"end":{"line":515,"column":7}},"173":{"start":{"line":516,"column":4},"end":{"line":516,"column":30}},"174":{"start":{"line":519,"column":26},"end":{"line":532,"column":3}},"175":{"start":{"line":520,"column":4},"end":{"line":520,"column":26}},"176":{"start":{"line":521,"column":4},"end":{"line":530,"column":7}},"177":{"start":{"line":531,"column":4},"end":{"line":531,"column":31}},"178":{"start":{"line":535,"column":20},"end":{"line":541,"column":3}},"179":{"start":{"line":542,"column":26},"end":{"line":547,"column":3}},"180":{"start":{"line":548,"column":25},"end":{"line":553,"column":3}},"181":{"start":{"line":555,"column":27},"end":{"line":561,"column":3}},"182":{"start":{"line":556,"column":4},"end":{"line":556,"column":26}},"183":{"start":{"line":557,"column":4},"end":{"line":557,"column":33}},"184":{"start":{"line":558,"column":4},"end":{"line":558,"column":31}},"185":{"start":{"line":559,"column":4},"end":{"line":559,"column":29}},"186":{"start":{"line":560,"column":4},"end":{"line":560,"column":29}},"187":{"start":{"line":563,"column":2},"end":{"line":567,"column":9}},"188":{"start":{"line":565,"column":26},"end":{"line":565,"column":78}},"189":{"start":{"line":566,"column":4},"end":{"line":566,"column":31}},"190":{"start":{"line":569,"column":2},"end":{"line":575,"column":9}},"191":{"start":{"line":571,"column":23},"end":{"line":571,"column":72}},"192":{"start":{"line":572,"column":25},"end":{"line":572,"column":80}},"193":{"start":{"line":573,"column":4},"end":{"line":573,"column":25}},"194":{"start":{"line":574,"column":4},"end":{"line":574,"column":33}},"195":{"start":{"line":577,"column":2},"end":{"line":586,"column":17}},"196":{"start":{"line":579,"column":27},"end":{"line":579,"column":68}},"197":{"start":{"line":580,"column":4},"end":{"line":583,"column":5}},"198":{"start":{"line":581,"column":19},"end":{"line":581,"column":73}},"199":{"start":{"line":581,"column":38},"end":{"line":581,"column":72}},"200":{"start":{"line":582,"column":6},"end":{"line":582,"column":41}},"201":{"start":{"line":582,"column":16},"end":{"line":582,"column":41}},"202":{"start":{"line":584,"column":25},"end":{"line":584,"column":62}},"203":{"start":{"line":585,"column":4},"end":{"line":585,"column":53}},"204":{"start":{"line":585,"column":22},"end":{"line":585,"column":53}},"205":{"start":{"line":589,"column":2},"end":{"line":595,"column":24}},"206":{"start":{"line":590,"column":4},"end":{"line":594,"column":5}},"207":{"start":{"line":591,"column":6},"end":{"line":591,"column":68}},"208":{"start":{"line":593,"column":6},"end":{"line":593,"column":51}},"209":{"start":{"line":598,"column":2},"end":{"line":600,"column":22}},"210":{"start":{"line":599,"column":4},"end":{"line":599,"column":57}},"211":{"start":{"line":602,"column":2},"end":{"line":606,"column":9}},"212":{"start":{"line":604,"column":25},"end":{"line":604,"column":76}},"213":{"start":{"line":605,"column":4},"end":{"line":605,"column":29}},"214":{"start":{"line":609,"column":2},"end":{"line":615,"column":16}},"215":{"start":{"line":610,"column":4},"end":{"line":613,"column":5}},"216":{"start":{"line":611,"column":6},"end":{"line":611,"column":42}},"217":{"start":{"line":612,"column":6},"end":{"line":612,"column":13}},"218":{"start":{"line":614,"column":4},"end":{"line":614,"column":61}},"219":{"start":{"line":617,"column":30},"end":{"line":647,"column":3}},"220":{"start":{"line":618,"column":4},"end":{"line":618,"column":30}},"221":{"start":{"line":618,"column":23},"end":{"line":618,"column":30}},"222":{"start":{"line":620,"column":21},"end":{"line":625,"column":5}},"223":{"start":{"line":621,"column":27},"end":{"line":621,"column":51}},"224":{"start":{"line":622,"column":27},"end":{"line":622,"column":49}},"225":{"start":{"line":623,"column":34},"end":{"line":623,"column":59}},"226":{"start":{"line":624,"column":34},"end":{"line":624,"column":57}},"227":{"start":{"line":627,"column":20},"end":{"line":627,"column":51}},"228":{"start":{"line":628,"column":20},"end":{"line":628,"column":51}},"229":{"start":{"line":631,"column":4},"end":{"line":643,"column":5}},"230":{"start":{"line":632,"column":6},"end":{"line":632,"column":45}},"231":{"start":{"line":633,"column":6},"end":{"line":633,"column":45}},"232":{"start":{"line":634,"column":11},"end":{"line":643,"column":5}},"233":{"start":{"line":635,"column":6},"end":{"line":635,"column":46}},"234":{"start":{"line":636,"column":6},"end":{"line":636,"column":46}},"235":{"start":{"line":637,"column":11},"end":{"line":643,"column":5}},"236":{"start":{"line":638,"column":6},"end":{"line":638,"column":47}},"237":{"start":{"line":639,"column":6},"end":{"line":639,"column":47}},"238":{"start":{"line":640,"column":11},"end":{"line":643,"column":5}},"239":{"start":{"line":641,"column":6},"end":{"line":641,"column":47}},"240":{"start":{"line":642,"column":6},"end":{"line":642,"column":47}},"241":{"start":{"line":645,"column":4},"end":{"line":645,"column":31}},"242":{"start":{"line":646,"column":4},"end":{"line":646,"column":29}},"243":{"start":{"line":649,"column":2},"end":{"line":651,"column":38}},"244":{"start":{"line":650,"column":4},"end":{"line":650,"column":26}},"245":{"start":{"line":653,"column":23},"end":{"line":674,"column":3}},"246":{"start":{"line":654,"column":4},"end":{"line":654,"column":52}},"247":{"start":{"line":654,"column":42},"end":{"line":654,"column":52}},"248":{"start":{"line":656,"column":18},"end":{"line":656,"column":20}},"249":{"start":{"line":657,"column":24},"end":{"line":657,"column":48}},"250":{"start":{"line":659,"column":4},"end":{"line":671,"column":5}},"251":{"start":{"line":660,"column":6},"end":{"line":660,"column":40}},"252":{"start":{"line":662,"column":6},"end":{"line":670,"column":7}},"253":{"start":{"line":663,"column":8},"end":{"line":663,"column":55}},"254":{"start":{"line":664,"column":13},"end":{"line":670,"column":7}},"255":{"start":{"line":665,"column":8},"end":{"line":665,"column":55}},"256":{"start":{"line":666,"column":13},"end":{"line":670,"column":7}},"257":{"start":{"line":667,"column":8},"end":{"line":667,"column":57}},"258":{"start":{"line":668,"column":13},"end":{"line":670,"column":7}},"259":{"start":{"line":669,"column":8},"end":{"line":669,"column":57}},"260":{"start":{"line":673,"column":4},"end":{"line":673,"column":17}},"261":{"start":{"line":676,"column":32},"end":{"line":678,"column":3}},"262":{"start":{"line":677,"column":4},"end":{"line":677,"column":24}},"263":{"start":{"line":680,"column":26},"end":{"line":682,"column":3}},"264":{"start":{"line":681,"column":4},"end":{"line":681,"column":26}},"265":{"start":{"line":684,"column":26},"end":{"line":689,"column":3}},"266":{"start":{"line":685,"column":4},"end":{"line":685,"column":26}},"267":{"start":{"line":686,"column":4},"end":{"line":688,"column":5}},"268":{"start":{"line":687,"column":6},"end":{"line":687,"column":31}},"269":{"start":{"line":691,"column":30},"end":{"line":700,"column":3}},"270":{"start":{"line":692,"column":26},"end":{"line":697,"column":5}},"271":{"start":{"line":699,"column":4},"end":{"line":699,"column":62}},"272":{"start":{"line":702,"column":23},"end":{"line":733,"column":3}},"273":{"start":{"line":703,"column":22},"end":{"line":703,"column":24}},"274":{"start":{"line":705,"column":4},"end":{"line":709,"column":5}},"275":{"start":{"line":706,"column":6},"end":{"line":708,"column":7}},"276":{"start":{"line":707,"column":8},"end":{"line":707,"column":52}},"277":{"start":{"line":711,"column":4},"end":{"line":715,"column":5}},"278":{"start":{"line":712,"column":6},"end":{"line":712,"column":50}},"279":{"start":{"line":713,"column":11},"end":{"line":715,"column":5}},"280":{"start":{"line":714,"column":6},"end":{"line":714,"column":50}},"281":{"start":{"line":717,"column":4},"end":{"line":721,"column":5}},"282":{"start":{"line":718,"column":6},"end":{"line":718,"column":58}},"283":{"start":{"line":719,"column":11},"end":{"line":721,"column":5}},"284":{"start":{"line":720,"column":6},"end":{"line":720,"column":78}},"285":{"start":{"line":723,"column":4},"end":{"line":729,"column":5}},"286":{"start":{"line":724,"column":6},"end":{"line":728,"column":7}},"287":{"start":{"line":725,"column":8},"end":{"line":725,"column":72}},"288":{"start":{"line":726,"column":13},"end":{"line":728,"column":7}},"289":{"start":{"line":727,"column":8},"end":{"line":727,"column":71}},"290":{"start":{"line":731,"column":4},"end":{"line":731,"column":25}},"291":{"start":{"line":732,"column":4},"end":{"line":732,"column":47}},"292":{"start":{"line":735,"column":23},"end":{"line":750,"column":3}},"293":{"start":{"line":736,"column":28},"end":{"line":736,"column":36}},"294":{"start":{"line":737,"column":4},"end":{"line":740,"column":8}},"295":{"start":{"line":737,"column":25},"end":{"line":740,"column":5}},"296":{"start":{"line":742,"column":4},"end":{"line":748,"column":5}},"297":{"start":{"line":743,"column":6},"end":{"line":747,"column":9}},"298":{"start":{"line":744,"column":26},"end":{"line":744,"column":37}},"299":{"start":{"line":745,"column":8},"end":{"line":745,"column":31}},"300":{"start":{"line":746,"column":8},"end":{"line":746,"column":25}},"301":{"start":{"line":749,"column":4},"end":{"line":749,"column":22}},"302":{"start":{"line":753,"column":20},"end":{"line":810,"column":1}},"303":{"start":{"line":754,"column":2},"end":{"line":754,"column":21}},"304":{"start":{"line":755,"column":2},"end":{"line":755,"column":20}},"305":{"start":{"line":756,"column":2},"end":{"line":756,"column":24}},"306":{"start":{"line":758,"column":2},"end":{"line":809,"column":3}},"307":{"start":{"line":759,"column":4},"end":{"line":808,"column":5}},"308":{"start":{"line":760,"column":23},"end":{"line":767,"column":8}},"309":{"start":{"line":770,"column":6},"end":{"line":777,"column":7}},"310":{"start":{"line":771,"column":26},"end":{"line":771,"column":65}},"311":{"start":{"line":771,"column":61},"end":{"line":771,"column":63}},"312":{"start":{"line":772,"column":29},"end":{"line":775,"column":92}},"313":{"start":{"line":776,"column":8},"end":{"line":776,"column":38}},"314":{"start":{"line":779,"column":19},"end":{"line":779,"column":40}},"315":{"start":{"line":782,"column":6},"end":{"line":784,"column":7}},"316":{"start":{"line":783,"column":8},"end":{"line":783,"column":59}},"317":{"start":{"line":786,"column":6},"end":{"line":786,"column":31}},"318":{"start":{"line":787,"column":6},"end":{"line":787,"column":54}},"319":{"start":{"line":788,"column":6},"end":{"line":788,"column":42}},"320":{"start":{"line":789,"column":6},"end":{"line":789,"column":63}},"321":{"start":{"line":790,"column":6},"end":{"line":790,"column":53}},"322":{"start":{"line":791,"column":6},"end":{"line":791,"column":87}},"323":{"start":{"line":793,"column":6},"end":{"line":793,"column":57}},"324":{"start":{"line":794,"column":6},"end":{"line":798,"column":9}},"325":{"start":{"line":801,"column":6},"end":{"line":807,"column":7}},"326":{"start":{"line":802,"column":8},"end":{"line":802,"column":127}},"327":{"start":{"line":803,"column":13},"end":{"line":807,"column":7}},"328":{"start":{"line":804,"column":8},"end":{"line":804,"column":37}},"329":{"start":{"line":806,"column":8},"end":{"line":806,"column":98}},"330":{"start":{"line":814,"column":25},"end":{"line":849,"column":1}},"331":{"start":{"line":815,"column":2},"end":{"line":815,"column":21}},"332":{"start":{"line":816,"column":2},"end":{"line":816,"column":24}},"333":{"start":{"line":817,"column":2},"end":{"line":817,"column":20}},"334":{"start":{"line":819,"column":2},"end":{"line":848,"column":3}},"335":{"start":{"line":820,"column":4},"end":{"line":847,"column":5}},"336":{"start":{"line":821,"column":23},"end":{"line":829,"column":8}},"337":{"start":{"line":831,"column":6},"end":{"line":835,"column":7}},"338":{"start":{"line":832,"column":26},"end":{"line":832,"column":65}},"339":{"start":{"line":832,"column":61},"end":{"line":832,"column":63}},"340":{"start":{"line":833,"column":29},"end":{"line":833,"column":97}},"341":{"start":{"line":834,"column":8},"end":{"line":834,"column":38}},"342":{"start":{"line":837,"column":6},"end":{"line":837,"column":60}},"343":{"start":{"line":838,"column":6},"end":{"line":838,"column":87}},"344":{"start":{"line":839,"column":6},"end":{"line":839,"column":23}},"345":{"start":{"line":841,"column":6},"end":{"line":841,"column":57}},"346":{"start":{"line":842,"column":6},"end":{"line":846,"column":7}},"347":{"start":{"line":843,"column":8},"end":{"line":843,"column":127}},"348":{"start":{"line":845,"column":8},"end":{"line":845,"column":98}},"349":{"start":{"line":852,"column":23},"end":{"line":860,"column":3}},"350":{"start":{"line":853,"column":4},"end":{"line":853,"column":30}},"351":{"start":{"line":855,"column":4},"end":{"line":855,"column":47}},"352":{"start":{"line":857,"column":4},"end":{"line":857,"column":25}},"353":{"start":{"line":858,"column":4},"end":{"line":858,"column":43}},"354":{"start":{"line":859,"column":4},"end":{"line":859,"column":85}},"355":{"start":{"line":862,"column":30},"end":{"line":883,"column":3}},"356":{"start":{"line":863,"column":4},"end":{"line":882,"column":5}},"357":{"start":{"line":864,"column":25},"end":{"line":872,"column":7}},"358":{"start":{"line":874,"column":30},"end":{"line":874,"column":55}},"359":{"start":{"line":875,"column":6},"end":{"line":875,"column":35}},"360":{"start":{"line":876,"column":6},"end":{"line":876,"column":72}},"361":{"start":{"line":877,"column":6},"end":{"line":877,"column":28}},"362":{"start":{"line":878,"column":6},"end":{"line":878,"column":35}},"363":{"start":{"line":879,"column":6},"end":{"line":879,"column":33}},"364":{"start":{"line":880,"column":6},"end":{"line":880,"column":31}},"365":{"start":{"line":881,"column":6},"end":{"line":881,"column":36}},"366":{"start":{"line":885,"column":30},"end":{"line":889,"column":3}},"367":{"start":{"line":886,"column":28},"end":{"line":886,"column":80}},"368":{"start":{"line":886,"column":55},"end":{"line":886,"column":79}},"369":{"start":{"line":887,"column":4},"end":{"line":887,"column":33}},"370":{"start":{"line":888,"column":4},"end":{"line":888,"column":70}},"371":{"start":{"line":891,"column":28},"end":{"line":899,"column":3}},"372":{"start":{"line":892,"column":4},"end":{"line":892,"column":31}},"373":{"start":{"line":893,"column":4},"end":{"line":893,"column":36}},"374":{"start":{"line":894,"column":4},"end":{"line":894,"column":50}},"375":{"start":{"line":895,"column":4},"end":{"line":895,"column":46}},"376":{"start":{"line":896,"column":4},"end":{"line":896,"column":42}},"377":{"start":{"line":897,"column":4},"end":{"line":897,"column":42}},"378":{"start":{"line":898,"column":4},"end":{"line":898,"column":34}},"379":{"start":{"line":901,"column":30},"end":{"line":922,"column":3}},"380":{"start":{"line":902,"column":4},"end":{"line":921,"column":5}},"381":{"start":{"line":903,"column":30},"end":{"line":915,"column":8}},"382":{"start":{"line":904,"column":8},"end":{"line":913,"column":9}},"383":{"start":{"line":905,"column":10},"end":{"line":912,"column":12}},"384":{"start":{"line":914,"column":8},"end":{"line":914,"column":23}},"385":{"start":{"line":916,"column":6},"end":{"line":916,"column":35}},"386":{"start":{"line":917,"column":6},"end":{"line":917,"column":72}},"387":{"start":{"line":918,"column":6},"end":{"line":918,"column":37}},"388":{"start":{"line":919,"column":6},"end":{"line":919,"column":30}},"389":{"start":{"line":920,"column":6},"end":{"line":920,"column":25}},"390":{"start":{"line":924,"column":27},"end":{"line":932,"column":3}},"391":{"start":{"line":925,"column":18},"end":{"line":925,"column":28}},"392":{"start":{"line":926,"column":22},"end":{"line":926,"column":49}},"393":{"start":{"line":927,"column":20},"end":{"line":927,"column":45}},"394":{"start":{"line":929,"column":4},"end":{"line":929,"column":48}},"395":{"start":{"line":929,"column":27},"end":{"line":929,"column":48}},"396":{"start":{"line":930,"column":4},"end":{"line":930,"column":45}},"397":{"start":{"line":930,"column":25},"end":{"line":930,"column":45}},"398":{"start":{"line":931,"column":4},"end":{"line":931,"column":24}},"399":{"start":{"line":934,"column":25},"end":{"line":941,"column":3}},"400":{"start":{"line":935,"column":4},"end":{"line":940,"column":5}},"401":{"start":{"line":936,"column":26},"end":{"line":936,"column":43}},"402":{"start":{"line":937,"column":25},"end":{"line":937,"column":42}},"403":{"start":{"line":938,"column":25},"end":{"line":938,"column":42}},"404":{"start":{"line":939,"column":15},"end":{"line":939,"column":32}},"405":{"start":{"line":943,"column":21},"end":{"line":949,"column":3}},"406":{"start":{"line":944,"column":4},"end":{"line":944,"column":25}},"407":{"start":{"line":945,"column":4},"end":{"line":945,"column":85}},"408":{"start":{"line":946,"column":4},"end":{"line":946,"column":18}},"409":{"start":{"line":947,"column":4},"end":{"line":947,"column":26}},"410":{"start":{"line":948,"column":4},"end":{"line":948,"column":22}},"411":{"start":{"line":951,"column":27},"end":{"line":963,"column":3}},"412":{"start":{"line":952,"column":20},"end":{"line":958,"column":5}},"413":{"start":{"line":960,"column":25},"end":{"line":960,"column":44}},"414":{"start":{"line":961,"column":4},"end":{"line":961,"column":27}},"415":{"start":{"line":962,"column":4},"end":{"line":962,"column":64}},"416":{"start":{"line":965,"column":32},"end":{"line":979,"column":3}},"417":{"start":{"line":966,"column":21},"end":{"line":974,"column":5}},"418":{"start":{"line":976,"column":27},"end":{"line":976,"column":53}},"419":{"start":{"line":977,"column":4},"end":{"line":977,"column":35}},"420":{"start":{"line":978,"column":4},"end":{"line":978,"column":72}},"421":{"start":{"line":981,"column":27},"end":{"line":995,"column":3}},"422":{"start":{"line":982,"column":4},"end":{"line":994,"column":5}},"423":{"start":{"line":983,"column":27},"end":{"line":985,"column":7}},"424":{"start":{"line":984,"column":8},"end":{"line":984,"column":68}},"425":{"start":{"line":986,"column":6},"end":{"line":986,"column":29}},"426":{"start":{"line":987,"column":6},"end":{"line":987,"column":66}},"427":{"start":{"line":989,"column":29},"end":{"line":991,"column":7}},"428":{"start":{"line":990,"column":8},"end":{"line":990,"column":71}},"429":{"start":{"line":992,"column":6},"end":{"line":992,"column":37}},"430":{"start":{"line":993,"column":6},"end":{"line":993,"column":74}},"431":{"start":{"line":997,"column":27},"end":{"line":1010,"column":3}},"432":{"start":{"line":998,"column":4},"end":{"line":1009,"column":5}},"433":{"start":{"line":999,"column":27},"end":{"line":999,"column":68}},"434":{"start":{"line":999,"column":48},"end":{"line":999,"column":67}},"435":{"start":{"line":1000,"column":29},"end":{"line":1000,"column":82}},"436":{"start":{"line":1000,"column":57},"end":{"line":1000,"column":81}},"437":{"start":{"line":1001,"column":6},"end":{"line":1001,"column":29}},"438":{"start":{"line":1002,"column":6},"end":{"line":1002,"column":37}},"439":{"start":{"line":1003,"column":6},"end":{"line":1003,"column":66}},"440":{"start":{"line":1004,"column":6},"end":{"line":1004,"column":74}},"441":{"start":{"line":1006,"column":29},"end":{"line":1006,"column":78}},"442":{"start":{"line":1006,"column":57},"end":{"line":1006,"column":77}},"443":{"start":{"line":1007,"column":6},"end":{"line":1007,"column":37}},"444":{"start":{"line":1008,"column":6},"end":{"line":1008,"column":74}},"445":{"start":{"line":1013,"column":32},"end":{"line":1028,"column":3}},"446":{"start":{"line":1014,"column":4},"end":{"line":1014,"column":38}},"447":{"start":{"line":1014,"column":28},"end":{"line":1014,"column":38}},"448":{"start":{"line":1016,"column":18},"end":{"line":1016,"column":84}},"449":{"start":{"line":1016,"column":57},"end":{"line":1016,"column":81}},"450":{"start":{"line":1017,"column":18},"end":{"line":1017,"column":82}},"451":{"start":{"line":1017,"column":57},"end":{"line":1017,"column":79}},"452":{"start":{"line":1019,"column":19},"end":{"line":1019,"column":21}},"453":{"start":{"line":1020,"column":24},"end":{"line":1020,"column":41}},"454":{"start":{"line":1022,"column":4},"end":{"line":1025,"column":5}},"455":{"start":{"line":1023,"column":6},"end":{"line":1023,"column":41}},"456":{"start":{"line":1024,"column":6},"end":{"line":1024,"column":55}},"457":{"start":{"line":1027,"column":4},"end":{"line":1027,"column":18}},"458":{"start":{"line":1030,"column":28},"end":{"line":1033,"column":3}},"459":{"start":{"line":1031,"column":17},"end":{"line":1031,"column":98}},"460":{"start":{"line":1032,"column":4},"end":{"line":1032,"column":36}},"461":{"start":{"line":1035,"column":25},"end":{"line":1038,"column":3}},"462":{"start":{"line":1036,"column":21},"end":{"line":1036,"column":105}},"463":{"start":{"line":1037,"column":4},"end":{"line":1037,"column":40}},"464":{"start":{"line":1040,"column":25},"end":{"line":1043,"column":3}},"465":{"start":{"line":1041,"column":19},"end":{"line":1041,"column":42}},"466":{"start":{"line":1042,"column":4},"end":{"line":1042,"column":18}},"467":{"start":{"line":1045,"column":17},"end":{"line":1107,"column":3}},"468":{"start":{"line":1109,"column":27},"end":{"line":1230,"column":3}},"469":{"start":{"line":1111,"column":21},"end":{"line":1114,"column":5}},"470":{"start":{"line":1112,"column":32},"end":{"line":1112,"column":76}},"471":{"start":{"line":1113,"column":34},"end":{"line":1113,"column":78}},"472":{"start":{"line":1115,"column":4},"end":{"line":1115,"column":43}},"473":{"start":{"line":1115,"column":31},"end":{"line":1115,"column":43}},"474":{"start":{"line":1116,"column":18},"end":{"line":1116,"column":49}},"475":{"start":{"line":1117,"column":18},"end":{"line":1117,"column":49}},"476":{"start":{"line":1119,"column":4},"end":{"line":1131,"column":5}},"477":{"start":{"line":1120,"column":6},"end":{"line":1120,"column":45}},"478":{"start":{"line":1121,"column":6},"end":{"line":1121,"column":45}},"479":{"start":{"line":1122,"column":11},"end":{"line":1131,"column":5}},"480":{"start":{"line":1123,"column":6},"end":{"line":1123,"column":46}},"481":{"start":{"line":1124,"column":6},"end":{"line":1124,"column":46}},"482":{"start":{"line":1125,"column":11},"end":{"line":1131,"column":5}},"483":{"start":{"line":1126,"column":6},"end":{"line":1126,"column":47}},"484":{"start":{"line":1127,"column":6},"end":{"line":1127,"column":47}},"485":{"start":{"line":1128,"column":11},"end":{"line":1131,"column":5}},"486":{"start":{"line":1129,"column":6},"end":{"line":1129,"column":47}},"487":{"start":{"line":1130,"column":6},"end":{"line":1130,"column":47}},"488":{"start":{"line":1133,"column":18},"end":{"line":1133,"column":20}},"489":{"start":{"line":1134,"column":17},"end":{"line":1134,"column":34}},"490":{"start":{"line":1135,"column":4},"end":{"line":1141,"column":5}},"491":{"start":{"line":1136,"column":6},"end":{"line":1136,"column":33}},"492":{"start":{"line":1137,"column":6},"end":{"line":1140,"column":76}},"493":{"start":{"line":1137,"column":32},"end":{"line":1137,"column":65}},"494":{"start":{"line":1138,"column":11},"end":{"line":1140,"column":76}},"495":{"start":{"line":1138,"column":38},"end":{"line":1138,"column":71}},"496":{"start":{"line":1139,"column":11},"end":{"line":1140,"column":76}},"497":{"start":{"line":1139,"column":39},"end":{"line":1139,"column":74}},"498":{"start":{"line":1140,"column":11},"end":{"line":1140,"column":76}},"499":{"start":{"line":1140,"column":41},"end":{"line":1140,"column":76}},"500":{"start":{"line":1142,"column":22},"end":{"line":1142,"column":30}},"501":{"start":{"line":1143,"column":20},"end":{"line":1143,"column":43}},"502":{"start":{"line":1144,"column":22},"end":{"line":1144,"column":78}},"503":{"start":{"line":1146,"column":4},"end":{"line":1229,"column":6}},"504":{"start":{"line":1154,"column":12},"end":{"line":1159,"column":18}},"505":{"start":{"line":1166,"column":30},"end":{"line":1166,"column":77}},"506":{"start":{"line":1166,"column":55},"end":{"line":1166,"column":76}},"507":{"start":{"line":1167,"column":12},"end":{"line":1225,"column":14}},"508":{"start":{"line":1172,"column":43},"end":{"line":1172,"column":62}},"509":{"start":{"line":1177,"column":45},"end":{"line":1177,"column":65}},"510":{"start":{"line":1178,"column":45},"end":{"line":1178,"column":67}},"511":{"start":{"line":1192,"column":39},"end":{"line":1192,"column":60}},"512":{"start":{"line":1192,"column":61},"end":{"line":1192,"column":87}},"513":{"start":{"line":1198,"column":18},"end":{"line":1222,"column":18}},"514":{"start":{"line":1203,"column":47},"end":{"line":1203,"column":69}},"515":{"start":{"line":1204,"column":47},"end":{"line":1204,"column":70}},"516":{"start":{"line":1219,"column":41},"end":{"line":1219,"column":63}},"517":{"start":{"line":1219,"column":64},"end":{"line":1219,"column":91}},"518":{"start":{"line":1233,"column":26},"end":{"line":1264,"column":3}},"519":{"start":{"line":1234,"column":18},"end":{"line":1234,"column":28}},"520":{"start":{"line":1235,"column":25},"end":{"line":1235,"column":40}},"521":{"start":{"line":1236,"column":4},"end":{"line":1236,"column":46}},"522":{"start":{"line":1237,"column":26},"end":{"line":1237,"column":41}},"523":{"start":{"line":1238,"column":4},"end":{"line":1238,"column":47}},"524":{"start":{"line":1240,"column":21},"end":{"line":1243,"column":5}},"525":{"start":{"line":1241,"column":29},"end":{"line":1241,"column":51}},"526":{"start":{"line":1242,"column":31},"end":{"line":1242,"column":54}},"527":{"start":{"line":1245,"column":4},"end":{"line":1263,"column":6}},"528":{"start":{"line":1247,"column":19},"end":{"line":1247,"column":41}},"529":{"start":{"line":1248,"column":8},"end":{"line":1248,"column":81}},"530":{"start":{"line":1251,"column":39},"end":{"line":1251,"column":65}},"531":{"start":{"line":1255,"column":19},"end":{"line":1255,"column":50}},"532":{"start":{"line":1256,"column":8},"end":{"line":1256,"column":49}},"533":{"start":{"line":1260,"column":19},"end":{"line":1260,"column":41}},"534":{"start":{"line":1261,"column":8},"end":{"line":1261,"column":50}},"535":{"start":{"line":1266,"column":31},"end":{"line":1294,"column":3}},"536":{"start":{"line":1267,"column":4},"end":{"line":1267,"column":41}},"537":{"start":{"line":1267,"column":29},"end":{"line":1267,"column":41}},"538":{"start":{"line":1268,"column":22},"end":{"line":1268,"column":44}},"539":{"start":{"line":1269,"column":4},"end":{"line":1293,"column":6}},"540":{"start":{"line":1273,"column":33},"end":{"line":1273,"column":52}},"541":{"start":{"line":1273,"column":53},"end":{"line":1273,"column":74}},"542":{"start":{"line":1276,"column":130},"end":{"line":1276,"column":162}},"543":{"start":{"line":1280,"column":117},"end":{"line":1280,"column":154}},"544":{"start":{"line":1284,"column":113},"end":{"line":1284,"column":148}},"545":{"start":{"line":1288,"column":81},"end":{"line":1288,"column":109}},"546":{"start":{"line":1297,"column":29},"end":{"line":1313,"column":3}},"547":{"start":{"line":1298,"column":4},"end":{"line":1298,"column":82}},"548":{"start":{"line":1298,"column":75},"end":{"line":1298,"column":82}},"549":{"start":{"line":1299,"column":22},"end":{"line":1305,"column":5}},"550":{"start":{"line":1306,"column":20},"end":{"line":1306,"column":43}},"551":{"start":{"line":1307,"column":4},"end":{"line":1307,"column":24}},"552":{"start":{"line":1308,"column":4},"end":{"line":1308,"column":61}},"553":{"start":{"line":1309,"column":4},"end":{"line":1309,"column":25}},"554":{"start":{"line":1310,"column":4},"end":{"line":1310,"column":30}},"555":{"start":{"line":1311,"column":4},"end":{"line":1311,"column":28}},"556":{"start":{"line":1312,"column":4},"end":{"line":1312,"column":33}},"557":{"start":{"line":1314,"column":29},"end":{"line":1318,"column":3}},"558":{"start":{"line":1315,"column":20},"end":{"line":1315,"column":58}},"559":{"start":{"line":1315,"column":40},"end":{"line":1315,"column":57}},"560":{"start":{"line":1316,"column":4},"end":{"line":1316,"column":24}},"561":{"start":{"line":1317,"column":4},"end":{"line":1317,"column":61}},"562":{"start":{"line":1321,"column":26},"end":{"line":1323,"column":3}},"563":{"start":{"line":1322,"column":4},"end":{"line":1322,"column":47}},"564":{"start":{"line":1325,"column":25},"end":{"line":1327,"column":3}},"565":{"start":{"line":1326,"column":4},"end":{"line":1326,"column":23}},"566":{"start":{"line":1329,"column":21},"end":{"line":1337,"column":3}},"567":{"start":{"line":1330,"column":4},"end":{"line":1330,"column":23}},"568":{"start":{"line":1331,"column":20},"end":{"line":1331,"column":53}},"569":{"start":{"line":1332,"column":27},"end":{"line":1334,"column":5}},"570":{"start":{"line":1333,"column":6},"end":{"line":1333,"column":47}},"571":{"start":{"line":1335,"column":4},"end":{"line":1335,"column":35}},"572":{"start":{"line":1336,"column":4},"end":{"line":1336,"column":72}},"573":{"start":{"line":1340,"column":33},"end":{"line":1346,"column":3}},"574":{"start":{"line":1341,"column":27},"end":{"line":1343,"column":5}},"575":{"start":{"line":1342,"column":6},"end":{"line":1342,"column":53}},"576":{"start":{"line":1344,"column":4},"end":{"line":1344,"column":35}},"577":{"start":{"line":1345,"column":4},"end":{"line":1345,"column":72}},"578":{"start":{"line":1349,"column":27},"end":{"line":1359,"column":3}},"579":{"start":{"line":1350,"column":4},"end":{"line":1350,"column":23}},"580":{"start":{"line":1351,"column":4},"end":{"line":1355,"column":5}},"581":{"start":{"line":1352,"column":6},"end":{"line":1352,"column":36}},"582":{"start":{"line":1354,"column":6},"end":{"line":1354,"column":36}},"583":{"start":{"line":1356,"column":4},"end":{"line":1356,"column":31}},"584":{"start":{"line":1357,"column":4},"end":{"line":1357,"column":25}},"585":{"start":{"line":1358,"column":4},"end":{"line":1358,"column":148}},"586":{"start":{"line":1361,"column":28},"end":{"line":1371,"column":3}},"587":{"start":{"line":1362,"column":4},"end":{"line":1362,"column":23}},"588":{"start":{"line":1363,"column":4},"end":{"line":1367,"column":5}},"589":{"start":{"line":1364,"column":6},"end":{"line":1364,"column":36}},"590":{"start":{"line":1366,"column":6},"end":{"line":1366,"column":41}},"591":{"start":{"line":1368,"column":4},"end":{"line":1368,"column":32}},"592":{"start":{"line":1369,"column":4},"end":{"line":1369,"column":25}},"593":{"start":{"line":1370,"column":4},"end":{"line":1370,"column":148}},"594":{"start":{"line":1374,"column":2},"end":{"line":1376,"column":3}},"595":{"start":{"line":1375,"column":4},"end":{"line":1375,"column":29}},"596":{"start":{"line":1379,"column":2},"end":{"line":1388,"column":3}},"597":{"start":{"line":1380,"column":4},"end":{"line":1387,"column":6}},"598":{"start":{"line":1391,"column":2},"end":{"line":1397,"column":4}}},"fnMap":{"0":{"name":"(anonymous_0)","decl":{"start":{"line":8,"column":22},"end":{"line":8,"column":23}},"loc":{"start":{"line":8,"column":28},"end":{"line":1398,"column":1}},"line":8},"1":{"name":"(anonymous_1)","decl":{"start":{"line":10,"column":57},"end":{"line":10,"column":58}},"loc":{"start":{"line":10,"column":63},"end":{"line":14,"column":3}},"line":10},"2":{"name":"(anonymous_2)","decl":{"start":{"line":74,"column":49},"end":{"line":74,"column":50}},"loc":{"start":{"line":74,"column":55},"end":{"line":74,"column":98}},"line":74},"3":{"name":"(anonymous_3)","decl":{"start":{"line":77,"column":26},"end":{"line":77,"column":27}},"loc":{"start":{"line":77,"column":32},"end":{"line":100,"column":3}},"line":77},"4":{"name":"(anonymous_4)","decl":{"start":{"line":102,"column":28},"end":{"line":102,"column":29}},"loc":{"start":{"line":102,"column":34},"end":{"line":132,"column":3}},"line":102},"5":{"name":"(anonymous_5)","decl":{"start":{"line":108,"column":57},"end":{"line":108,"column":58}},"loc":{"start":{"line":108,"column":63},"end":{"line":108,"column":91}},"line":108},"6":{"name":"(anonymous_6)","decl":{"start":{"line":113,"column":27},"end":{"line":113,"column":28}},"loc":{"start":{"line":113,"column":32},"end":{"line":113,"column":57}},"line":113},"7":{"name":"(anonymous_7)","decl":{"start":{"line":113,"column":63},"end":{"line":113,"column":64}},"loc":{"start":{"line":114,"column":12},"end":{"line":127,"column":17}},"line":114},"8":{"name":"(anonymous_8)","decl":{"start":{"line":115,"column":28},"end":{"line":115,"column":29}},"loc":{"start":{"line":115,"column":34},"end":{"line":115,"column":55}},"line":115},"9":{"name":"(anonymous_9)","decl":{"start":{"line":123,"column":61},"end":{"line":123,"column":62}},"loc":{"start":{"line":123,"column":67},"end":{"line":123,"column":88}},"line":123},"10":{"name":"(anonymous_10)","decl":{"start":{"line":124,"column":63},"end":{"line":124,"column":64}},"loc":{"start":{"line":124,"column":69},"end":{"line":124,"column":89}},"line":124},"11":{"name":"(anonymous_11)","decl":{"start":{"line":125,"column":60},"end":{"line":125,"column":61}},"loc":{"start":{"line":125,"column":66},"end":{"line":125,"column":91}},"line":125},"12":{"name":"(anonymous_12)","decl":{"start":{"line":134,"column":32},"end":{"line":134,"column":33}},"loc":{"start":{"line":134,"column":38},"end":{"line":165,"column":3}},"line":134},"13":{"name":"(anonymous_13)","decl":{"start":{"line":143,"column":54},"end":{"line":143,"column":55}},"loc":{"start":{"line":143,"column":59},"end":{"line":143,"column":92}},"line":143},"14":{"name":"(anonymous_14)","decl":{"start":{"line":147,"column":64},"end":{"line":147,"column":65}},"loc":{"start":{"line":147,"column":69},"end":{"line":147,"column":109}},"line":147},"15":{"name":"(anonymous_15)","decl":{"start":{"line":151,"column":71},"end":{"line":151,"column":72}},"loc":{"start":{"line":151,"column":76},"end":{"line":151,"column":114}},"line":151},"16":{"name":"(anonymous_16)","decl":{"start":{"line":155,"column":69},"end":{"line":155,"column":70}},"loc":{"start":{"line":155,"column":74},"end":{"line":155,"column":110}},"line":155},"17":{"name":"(anonymous_17)","decl":{"start":{"line":159,"column":75},"end":{"line":159,"column":76}},"loc":{"start":{"line":159,"column":81},"end":{"line":159,"column":110}},"line":159},"18":{"name":"(anonymous_18)","decl":{"start":{"line":167,"column":33},"end":{"line":167,"column":34}},"loc":{"start":{"line":167,"column":39},"end":{"line":229,"column":3}},"line":167},"19":{"name":"(anonymous_19)","decl":{"start":{"line":179,"column":26},"end":{"line":179,"column":27}},"loc":{"start":{"line":179,"column":31},"end":{"line":179,"column":64}},"line":179},"20":{"name":"(anonymous_20)","decl":{"start":{"line":187,"column":26},"end":{"line":187,"column":27}},"loc":{"start":{"line":187,"column":31},"end":{"line":187,"column":71}},"line":187},"21":{"name":"(anonymous_21)","decl":{"start":{"line":196,"column":26},"end":{"line":196,"column":27}},"loc":{"start":{"line":196,"column":31},"end":{"line":196,"column":69}},"line":196},"22":{"name":"(anonymous_22)","decl":{"start":{"line":205,"column":26},"end":{"line":205,"column":27}},"loc":{"start":{"line":205,"column":31},"end":{"line":205,"column":67}},"line":205},"23":{"name":"(anonymous_23)","decl":{"start":{"line":220,"column":25},"end":{"line":220,"column":26}},"loc":{"start":{"line":220,"column":31},"end":{"line":220,"column":61}},"line":220},"24":{"name":"(anonymous_24)","decl":{"start":{"line":232,"column":29},"end":{"line":232,"column":30}},"loc":{"start":{"line":232,"column":35},"end":{"line":275,"column":3}},"line":232},"25":{"name":"(anonymous_25)","decl":{"start":{"line":241,"column":94},"end":{"line":241,"column":95}},"loc":{"start":{"line":241,"column":99},"end":{"line":241,"column":159}},"line":241},"26":{"name":"(anonymous_26)","decl":{"start":{"line":241,"column":114},"end":{"line":241,"column":115}},"loc":{"start":{"line":241,"column":123},"end":{"line":241,"column":157}},"line":241},"27":{"name":"(anonymous_27)","decl":{"start":{"line":245,"column":91},"end":{"line":245,"column":92}},"loc":{"start":{"line":245,"column":96},"end":{"line":245,"column":162}},"line":245},"28":{"name":"(anonymous_28)","decl":{"start":{"line":245,"column":111},"end":{"line":245,"column":112}},"loc":{"start":{"line":245,"column":120},"end":{"line":245,"column":160}},"line":245},"29":{"name":"(anonymous_29)","decl":{"start":{"line":249,"column":84},"end":{"line":249,"column":85}},"loc":{"start":{"line":249,"column":89},"end":{"line":249,"column":150}},"line":249},"30":{"name":"(anonymous_30)","decl":{"start":{"line":249,"column":104},"end":{"line":249,"column":105}},"loc":{"start":{"line":249,"column":113},"end":{"line":249,"column":148}},"line":249},"31":{"name":"(anonymous_31)","decl":{"start":{"line":257,"column":98},"end":{"line":257,"column":99}},"loc":{"start":{"line":257,"column":103},"end":{"line":257,"column":167}},"line":257},"32":{"name":"(anonymous_32)","decl":{"start":{"line":257,"column":118},"end":{"line":257,"column":119}},"loc":{"start":{"line":257,"column":127},"end":{"line":257,"column":165}},"line":257},"33":{"name":"(anonymous_33)","decl":{"start":{"line":261,"column":96},"end":{"line":261,"column":97}},"loc":{"start":{"line":261,"column":101},"end":{"line":261,"column":163}},"line":261},"34":{"name":"(anonymous_34)","decl":{"start":{"line":261,"column":116},"end":{"line":261,"column":117}},"loc":{"start":{"line":261,"column":125},"end":{"line":261,"column":161}},"line":261},"35":{"name":"(anonymous_35)","decl":{"start":{"line":265,"column":100},"end":{"line":265,"column":101}},"loc":{"start":{"line":265,"column":105},"end":{"line":265,"column":171}},"line":265},"36":{"name":"(anonymous_36)","decl":{"start":{"line":265,"column":120},"end":{"line":265,"column":121}},"loc":{"start":{"line":265,"column":129},"end":{"line":265,"column":169}},"line":265},"37":{"name":"(anonymous_37)","decl":{"start":{"line":269,"column":75},"end":{"line":269,"column":76}},"loc":{"start":{"line":269,"column":81},"end":{"line":269,"column":279}},"line":269},"38":{"name":"(anonymous_38)","decl":{"start":{"line":278,"column":30},"end":{"line":278,"column":31}},"loc":{"start":{"line":278,"column":36},"end":{"line":333,"column":3}},"line":278},"39":{"name":"(anonymous_39)","decl":{"start":{"line":280,"column":38},"end":{"line":280,"column":39}},"loc":{"start":{"line":280,"column":43},"end":{"line":280,"column":78}},"line":280},"40":{"name":"(anonymous_40)","decl":{"start":{"line":288,"column":94},"end":{"line":288,"column":95}},"loc":{"start":{"line":288,"column":99},"end":{"line":288,"column":159}},"line":288},"41":{"name":"(anonymous_41)","decl":{"start":{"line":288,"column":114},"end":{"line":288,"column":115}},"loc":{"start":{"line":288,"column":123},"end":{"line":288,"column":157}},"line":288},"42":{"name":"(anonymous_42)","decl":{"start":{"line":292,"column":91},"end":{"line":292,"column":92}},"loc":{"start":{"line":292,"column":96},"end":{"line":292,"column":162}},"line":292},"43":{"name":"(anonymous_43)","decl":{"start":{"line":292,"column":111},"end":{"line":292,"column":112}},"loc":{"start":{"line":292,"column":120},"end":{"line":292,"column":160}},"line":292},"44":{"name":"(anonymous_44)","decl":{"start":{"line":296,"column":98},"end":{"line":296,"column":99}},"loc":{"start":{"line":296,"column":103},"end":{"line":296,"column":167}},"line":296},"45":{"name":"(anonymous_45)","decl":{"start":{"line":296,"column":118},"end":{"line":296,"column":119}},"loc":{"start":{"line":296,"column":127},"end":{"line":296,"column":165}},"line":296},"46":{"name":"(anonymous_46)","decl":{"start":{"line":300,"column":96},"end":{"line":300,"column":97}},"loc":{"start":{"line":300,"column":101},"end":{"line":300,"column":163}},"line":300},"47":{"name":"(anonymous_47)","decl":{"start":{"line":300,"column":116},"end":{"line":300,"column":117}},"loc":{"start":{"line":300,"column":125},"end":{"line":300,"column":161}},"line":300},"48":{"name":"(anonymous_48)","decl":{"start":{"line":304,"column":100},"end":{"line":304,"column":101}},"loc":{"start":{"line":304,"column":105},"end":{"line":304,"column":171}},"line":304},"49":{"name":"(anonymous_49)","decl":{"start":{"line":304,"column":120},"end":{"line":304,"column":121}},"loc":{"start":{"line":304,"column":129},"end":{"line":304,"column":169}},"line":304},"50":{"name":"(anonymous_50)","decl":{"start":{"line":308,"column":90},"end":{"line":308,"column":91}},"loc":{"start":{"line":308,"column":95},"end":{"line":308,"column":156}},"line":308},"51":{"name":"(anonymous_51)","decl":{"start":{"line":308,"column":110},"end":{"line":308,"column":111}},"loc":{"start":{"line":308,"column":119},"end":{"line":308,"column":154}},"line":308},"52":{"name":"(anonymous_52)","decl":{"start":{"line":310,"column":34},"end":{"line":310,"column":35}},"loc":{"start":{"line":310,"column":42},"end":{"line":310,"column":101}},"line":310},"53":{"name":"(anonymous_53)","decl":{"start":{"line":315,"column":84},"end":{"line":315,"column":85}},"loc":{"start":{"line":315,"column":89},"end":{"line":315,"column":150}},"line":315},"54":{"name":"(anonymous_54)","decl":{"start":{"line":315,"column":104},"end":{"line":315,"column":105}},"loc":{"start":{"line":315,"column":113},"end":{"line":315,"column":148}},"line":315},"55":{"name":"(anonymous_55)","decl":{"start":{"line":323,"column":102},"end":{"line":323,"column":103}},"loc":{"start":{"line":323,"column":107},"end":{"line":323,"column":173}},"line":323},"56":{"name":"(anonymous_56)","decl":{"start":{"line":323,"column":122},"end":{"line":323,"column":123}},"loc":{"start":{"line":323,"column":131},"end":{"line":323,"column":171}},"line":323},"57":{"name":"(anonymous_57)","decl":{"start":{"line":327,"column":75},"end":{"line":327,"column":76}},"loc":{"start":{"line":327,"column":81},"end":{"line":327,"column":280}},"line":327},"58":{"name":"(anonymous_58)","decl":{"start":{"line":335,"column":34},"end":{"line":335,"column":35}},"loc":{"start":{"line":335,"column":40},"end":{"line":499,"column":3}},"line":335},"59":{"name":"(anonymous_59)","decl":{"start":{"line":337,"column":38},"end":{"line":337,"column":39}},"loc":{"start":{"line":337,"column":43},"end":{"line":337,"column":78}},"line":337},"60":{"name":"(anonymous_60)","decl":{"start":{"line":338,"column":46},"end":{"line":338,"column":47}},"loc":{"start":{"line":338,"column":51},"end":{"line":338,"column":92}},"line":338},"61":{"name":"(anonymous_61)","decl":{"start":{"line":338,"column":69},"end":{"line":338,"column":70}},"loc":{"start":{"line":338,"column":74},"end":{"line":338,"column":91}},"line":338},"62":{"name":"(anonymous_62)","decl":{"start":{"line":339,"column":42},"end":{"line":339,"column":43}},"loc":{"start":{"line":339,"column":48},"end":{"line":339,"column":84}},"line":339},"63":{"name":"(anonymous_63)","decl":{"start":{"line":345,"column":57},"end":{"line":345,"column":58}},"loc":{"start":{"line":345,"column":63},"end":{"line":345,"column":87}},"line":345},"64":{"name":"(anonymous_64)","decl":{"start":{"line":348,"column":93},"end":{"line":348,"column":94}},"loc":{"start":{"line":348,"column":99},"end":{"line":348,"column":126}},"line":348},"65":{"name":"(anonymous_65)","decl":{"start":{"line":349,"column":96},"end":{"line":349,"column":97}},"loc":{"start":{"line":349,"column":102},"end":{"line":349,"column":162}},"line":349},"66":{"name":"(anonymous_66)","decl":{"start":{"line":350,"column":93},"end":{"line":350,"column":94}},"loc":{"start":{"line":350,"column":99},"end":{"line":350,"column":126}},"line":350},"67":{"name":"(anonymous_67)","decl":{"start":{"line":351,"column":93},"end":{"line":351,"column":94}},"loc":{"start":{"line":351,"column":99},"end":{"line":351,"column":126}},"line":351},"68":{"name":"(anonymous_68)","decl":{"start":{"line":393,"column":130},"end":{"line":393,"column":131}},"loc":{"start":{"line":393,"column":136},"end":{"line":393,"column":165}},"line":393},"69":{"name":"(anonymous_69)","decl":{"start":{"line":394,"column":131},"end":{"line":394,"column":132}},"loc":{"start":{"line":394,"column":137},"end":{"line":394,"column":167}},"line":394},"70":{"name":"(anonymous_70)","decl":{"start":{"line":395,"column":132},"end":{"line":395,"column":133}},"loc":{"start":{"line":395,"column":138},"end":{"line":395,"column":169}},"line":395},"71":{"name":"(anonymous_71)","decl":{"start":{"line":396,"column":134},"end":{"line":396,"column":135}},"loc":{"start":{"line":396,"column":140},"end":{"line":396,"column":173}},"line":396},"72":{"name":"(anonymous_72)","decl":{"start":{"line":400,"column":59},"end":{"line":400,"column":60}},"loc":{"start":{"line":400,"column":65},"end":{"line":400,"column":254}},"line":400},"73":{"name":"(anonymous_73)","decl":{"start":{"line":401,"column":59},"end":{"line":401,"column":60}},"loc":{"start":{"line":401,"column":65},"end":{"line":401,"column":255}},"line":401},"74":{"name":"(anonymous_74)","decl":{"start":{"line":410,"column":59},"end":{"line":410,"column":60}},"loc":{"start":{"line":410,"column":65},"end":{"line":410,"column":92}},"line":410},"75":{"name":"(anonymous_75)","decl":{"start":{"line":413,"column":37},"end":{"line":413,"column":38}},"loc":{"start":{"line":413,"column":42},"end":{"line":413,"column":53}},"line":413},"76":{"name":"(anonymous_76)","decl":{"start":{"line":413,"column":59},"end":{"line":413,"column":60}},"loc":{"start":{"line":414,"column":16},"end":{"line":425,"column":21}},"line":414},"77":{"name":"(anonymous_77)","decl":{"start":{"line":418,"column":33},"end":{"line":418,"column":34}},"loc":{"start":{"line":418,"column":40},"end":{"line":418,"column":64}},"line":418},"78":{"name":"(anonymous_78)","decl":{"start":{"line":430,"column":34},"end":{"line":430,"column":35}},"loc":{"start":{"line":431,"column":16},"end":{"line":458,"column":22}},"line":431},"79":{"name":"(anonymous_79)","decl":{"start":{"line":435,"column":34},"end":{"line":435,"column":35}},"loc":{"start":{"line":435,"column":41},"end":{"line":435,"column":108}},"line":435},"80":{"name":"(anonymous_80)","decl":{"start":{"line":436,"column":34},"end":{"line":436,"column":35}},"loc":{"start":{"line":436,"column":41},"end":{"line":436,"column":91}},"line":436},"81":{"name":"(anonymous_81)","decl":{"start":{"line":437,"column":29},"end":{"line":437,"column":30}},"loc":{"start":{"line":437,"column":36},"end":{"line":437,"column":128}},"line":437},"82":{"name":"(anonymous_82)","decl":{"start":{"line":440,"column":62},"end":{"line":440,"column":63}},"loc":{"start":{"line":440,"column":68},"end":{"line":440,"column":93}},"line":440},"83":{"name":"(anonymous_83)","decl":{"start":{"line":442,"column":43},"end":{"line":442,"column":44}},"loc":{"start":{"line":442,"column":48},"end":{"line":442,"column":68}},"line":442},"84":{"name":"(anonymous_84)","decl":{"start":{"line":442,"column":74},"end":{"line":442,"column":75}},"loc":{"start":{"line":443,"column":22},"end":{"line":455,"column":27}},"line":443},"85":{"name":"(anonymous_85)","decl":{"start":{"line":453,"column":87},"end":{"line":453,"column":88}},"loc":{"start":{"line":453,"column":93},"end":{"line":453,"column":121}},"line":453},"86":{"name":"(anonymous_86)","decl":{"start":{"line":470,"column":57},"end":{"line":470,"column":58}},"loc":{"start":{"line":470,"column":62},"end":{"line":470,"column":97}},"line":470},"87":{"name":"(anonymous_87)","decl":{"start":{"line":472,"column":36},"end":{"line":472,"column":37}},"loc":{"start":{"line":473,"column":18},"end":{"line":473,"column":70}},"line":473},"88":{"name":"(anonymous_88)","decl":{"start":{"line":478,"column":14},"end":{"line":478,"column":15}},"loc":{"start":{"line":478,"column":20},"end":{"line":494,"column":13}},"line":478},"89":{"name":"(anonymous_89)","decl":{"start":{"line":480,"column":40},"end":{"line":480,"column":41}},"loc":{"start":{"line":480,"column":45},"end":{"line":480,"column":76}},"line":480},"90":{"name":"(anonymous_90)","decl":{"start":{"line":484,"column":61},"end":{"line":484,"column":62}},"loc":{"start":{"line":485,"column":20},"end":{"line":490,"column":26}},"line":485},"91":{"name":"(anonymous_91)","decl":{"start":{"line":487,"column":43},"end":{"line":487,"column":44}},"loc":{"start":{"line":487,"column":48},"end":{"line":487,"column":67}},"line":487},"92":{"name":"(anonymous_92)","decl":{"start":{"line":487,"column":73},"end":{"line":487,"column":74}},"loc":{"start":{"line":488,"column":24},"end":{"line":488,"column":79}},"line":488},"93":{"name":"(anonymous_93)","decl":{"start":{"line":500,"column":21},"end":{"line":500,"column":22}},"loc":{"start":{"line":500,"column":27},"end":{"line":502,"column":3}},"line":500},"94":{"name":"(anonymous_94)","decl":{"start":{"line":501,"column":21},"end":{"line":501,"column":22}},"loc":{"start":{"line":501,"column":30},"end":{"line":501,"column":58}},"line":501},"95":{"name":"(anonymous_95)","decl":{"start":{"line":504,"column":25},"end":{"line":504,"column":26}},"loc":{"start":{"line":504,"column":33},"end":{"line":517,"column":3}},"line":504},"96":{"name":"(anonymous_96)","decl":{"start":{"line":519,"column":26},"end":{"line":519,"column":27}},"loc":{"start":{"line":519,"column":35},"end":{"line":532,"column":3}},"line":519},"97":{"name":"(anonymous_97)","decl":{"start":{"line":555,"column":27},"end":{"line":555,"column":28}},"loc":{"start":{"line":555,"column":33},"end":{"line":561,"column":3}},"line":555},"98":{"name":"(anonymous_98)","decl":{"start":{"line":563,"column":12},"end":{"line":563,"column":13}},"loc":{"start":{"line":563,"column":18},"end":{"line":567,"column":3}},"line":563},"99":{"name":"(anonymous_99)","decl":{"start":{"line":569,"column":12},"end":{"line":569,"column":13}},"loc":{"start":{"line":569,"column":18},"end":{"line":575,"column":3}},"line":569},"100":{"name":"(anonymous_100)","decl":{"start":{"line":577,"column":12},"end":{"line":577,"column":13}},"loc":{"start":{"line":577,"column":18},"end":{"line":586,"column":3}},"line":577},"101":{"name":"(anonymous_101)","decl":{"start":{"line":581,"column":33},"end":{"line":581,"column":34}},"loc":{"start":{"line":581,"column":38},"end":{"line":581,"column":72}},"line":581},"102":{"name":"(anonymous_102)","decl":{"start":{"line":589,"column":12},"end":{"line":589,"column":13}},"loc":{"start":{"line":589,"column":18},"end":{"line":595,"column":3}},"line":589},"103":{"name":"(anonymous_103)","decl":{"start":{"line":598,"column":12},"end":{"line":598,"column":13}},"loc":{"start":{"line":598,"column":18},"end":{"line":600,"column":3}},"line":598},"104":{"name":"(anonymous_104)","decl":{"start":{"line":602,"column":12},"end":{"line":602,"column":13}},"loc":{"start":{"line":602,"column":18},"end":{"line":606,"column":3}},"line":602},"105":{"name":"(anonymous_105)","decl":{"start":{"line":609,"column":12},"end":{"line":609,"column":13}},"loc":{"start":{"line":609,"column":18},"end":{"line":615,"column":3}},"line":609},"106":{"name":"(anonymous_106)","decl":{"start":{"line":617,"column":30},"end":{"line":617,"column":31}},"loc":{"start":{"line":617,"column":36},"end":{"line":647,"column":3}},"line":617},"107":{"name":"(anonymous_107)","decl":{"start":{"line":621,"column":19},"end":{"line":621,"column":20}},"loc":{"start":{"line":621,"column":27},"end":{"line":621,"column":51}},"line":621},"108":{"name":"(anonymous_108)","decl":{"start":{"line":622,"column":19},"end":{"line":622,"column":20}},"loc":{"start":{"line":622,"column":27},"end":{"line":622,"column":49}},"line":622},"109":{"name":"(anonymous_109)","decl":{"start":{"line":623,"column":25},"end":{"line":623,"column":26}},"loc":{"start":{"line":623,"column":34},"end":{"line":623,"column":59}},"line":623},"110":{"name":"(anonymous_110)","decl":{"start":{"line":624,"column":25},"end":{"line":624,"column":26}},"loc":{"start":{"line":624,"column":34},"end":{"line":624,"column":57}},"line":624},"111":{"name":"(anonymous_111)","decl":{"start":{"line":649,"column":12},"end":{"line":649,"column":13}},"loc":{"start":{"line":649,"column":18},"end":{"line":651,"column":3}},"line":649},"112":{"name":"(anonymous_112)","decl":{"start":{"line":653,"column":23},"end":{"line":653,"column":24}},"loc":{"start":{"line":653,"column":29},"end":{"line":674,"column":3}},"line":653},"113":{"name":"(anonymous_113)","decl":{"start":{"line":676,"column":32},"end":{"line":676,"column":33}},"loc":{"start":{"line":676,"column":43},"end":{"line":678,"column":3}},"line":676},"114":{"name":"(anonymous_114)","decl":{"start":{"line":680,"column":26},"end":{"line":680,"column":27}},"loc":{"start":{"line":680,"column":36},"end":{"line":682,"column":3}},"line":680},"115":{"name":"(anonymous_115)","decl":{"start":{"line":684,"column":26},"end":{"line":684,"column":27}},"loc":{"start":{"line":684,"column":36},"end":{"line":689,"column":3}},"line":684},"116":{"name":"(anonymous_116)","decl":{"start":{"line":691,"column":30},"end":{"line":691,"column":31}},"loc":{"start":{"line":691,"column":52},"end":{"line":700,"column":3}},"line":691},"117":{"name":"(anonymous_117)","decl":{"start":{"line":702,"column":23},"end":{"line":702,"column":24}},"loc":{"start":{"line":702,"column":29},"end":{"line":733,"column":3}},"line":702},"118":{"name":"(anonymous_118)","decl":{"start":{"line":735,"column":23},"end":{"line":735,"column":24}},"loc":{"start":{"line":735,"column":30},"end":{"line":750,"column":3}},"line":735},"119":{"name":"(anonymous_119)","decl":{"start":{"line":737,"column":16},"end":{"line":737,"column":17}},"loc":{"start":{"line":737,"column":25},"end":{"line":740,"column":5}},"line":737},"120":{"name":"(anonymous_120)","decl":{"start":{"line":743,"column":16},"end":{"line":743,"column":17}},"loc":{"start":{"line":743,"column":24},"end":{"line":747,"column":7}},"line":743},"121":{"name":"(anonymous_121)","decl":{"start":{"line":753,"column":20},"end":{"line":753,"column":21}},"loc":{"start":{"line":753,"column":33},"end":{"line":810,"column":1}},"line":753},"122":{"name":"(anonymous_122)","decl":{"start":{"line":771,"column":54},"end":{"line":771,"column":55}},"loc":{"start":{"line":771,"column":61},"end":{"line":771,"column":63}},"line":771},"123":{"name":"(anonymous_123)","decl":{"start":{"line":814,"column":25},"end":{"line":814,"column":26}},"loc":{"start":{"line":814,"column":38},"end":{"line":849,"column":1}},"line":814},"124":{"name":"(anonymous_124)","decl":{"start":{"line":832,"column":54},"end":{"line":832,"column":55}},"loc":{"start":{"line":832,"column":61},"end":{"line":832,"column":63}},"line":832},"125":{"name":"(anonymous_125)","decl":{"start":{"line":852,"column":23},"end":{"line":852,"column":24}},"loc":{"start":{"line":852,"column":29},"end":{"line":860,"column":3}},"line":852},"126":{"name":"(anonymous_126)","decl":{"start":{"line":862,"column":30},"end":{"line":862,"column":31}},"loc":{"start":{"line":862,"column":36},"end":{"line":883,"column":3}},"line":862},"127":{"name":"(anonymous_127)","decl":{"start":{"line":885,"column":30},"end":{"line":885,"column":31}},"loc":{"start":{"line":885,"column":45},"end":{"line":889,"column":3}},"line":885},"128":{"name":"(anonymous_128)","decl":{"start":{"line":886,"column":44},"end":{"line":886,"column":45}},"loc":{"start":{"line":886,"column":55},"end":{"line":886,"column":79}},"line":886},"129":{"name":"(anonymous_129)","decl":{"start":{"line":891,"column":28},"end":{"line":891,"column":29}},"loc":{"start":{"line":891,"column":41},"end":{"line":899,"column":3}},"line":891},"130":{"name":"(anonymous_130)","decl":{"start":{"line":901,"column":30},"end":{"line":901,"column":31}},"loc":{"start":{"line":901,"column":36},"end":{"line":922,"column":3}},"line":901},"131":{"name":"(anonymous_131)","decl":{"start":{"line":903,"column":43},"end":{"line":903,"column":44}},"loc":{"start":{"line":903,"column":54},"end":{"line":915,"column":7}},"line":903},"132":{"name":"(anonymous_132)","decl":{"start":{"line":924,"column":27},"end":{"line":924,"column":28}},"loc":{"start":{"line":924,"column":40},"end":{"line":932,"column":3}},"line":924},"133":{"name":"(anonymous_133)","decl":{"start":{"line":934,"column":25},"end":{"line":934,"column":26}},"loc":{"start":{"line":934,"column":37},"end":{"line":941,"column":3}},"line":934},"134":{"name":"(anonymous_134)","decl":{"start":{"line":943,"column":21},"end":{"line":943,"column":22}},"loc":{"start":{"line":943,"column":27},"end":{"line":949,"column":3}},"line":943},"135":{"name":"(anonymous_135)","decl":{"start":{"line":951,"column":27},"end":{"line":951,"column":28}},"loc":{"start":{"line":951,"column":41},"end":{"line":963,"column":3}},"line":951},"136":{"name":"(anonymous_136)","decl":{"start":{"line":965,"column":32},"end":{"line":965,"column":33}},"loc":{"start":{"line":965,"column":47},"end":{"line":979,"column":3}},"line":965},"137":{"name":"(anonymous_137)","decl":{"start":{"line":981,"column":27},"end":{"line":981,"column":28}},"loc":{"start":{"line":981,"column":41},"end":{"line":995,"column":3}},"line":981},"138":{"name":"(anonymous_138)","decl":{"start":{"line":983,"column":37},"end":{"line":983,"column":38}},"loc":{"start":{"line":984,"column":8},"end":{"line":984,"column":68}},"line":984},"139":{"name":"(anonymous_139)","decl":{"start":{"line":989,"column":45},"end":{"line":989,"column":46}},"loc":{"start":{"line":990,"column":8},"end":{"line":990,"column":71}},"line":990},"140":{"name":"(anonymous_140)","decl":{"start":{"line":997,"column":27},"end":{"line":997,"column":28}},"loc":{"start":{"line":997,"column":37},"end":{"line":1010,"column":3}},"line":997},"141":{"name":"(anonymous_141)","decl":{"start":{"line":999,"column":40},"end":{"line":999,"column":41}},"loc":{"start":{"line":999,"column":48},"end":{"line":999,"column":67}},"line":999},"142":{"name":"(anonymous_142)","decl":{"start":{"line":1000,"column":48},"end":{"line":1000,"column":49}},"loc":{"start":{"line":1000,"column":57},"end":{"line":1000,"column":81}},"line":1000},"143":{"name":"(anonymous_143)","decl":{"start":{"line":1006,"column":48},"end":{"line":1006,"column":49}},"loc":{"start":{"line":1006,"column":57},"end":{"line":1006,"column":77}},"line":1006},"144":{"name":"(anonymous_144)","decl":{"start":{"line":1013,"column":32},"end":{"line":1013,"column":33}},"loc":{"start":{"line":1013,"column":38},"end":{"line":1028,"column":3}},"line":1013},"145":{"name":"(anonymous_145)","decl":{"start":{"line":1016,"column":49},"end":{"line":1016,"column":50}},"loc":{"start":{"line":1016,"column":57},"end":{"line":1016,"column":81}},"line":1016},"146":{"name":"(anonymous_146)","decl":{"start":{"line":1017,"column":49},"end":{"line":1017,"column":50}},"loc":{"start":{"line":1017,"column":57},"end":{"line":1017,"column":79}},"line":1017},"147":{"name":"(anonymous_147)","decl":{"start":{"line":1030,"column":28},"end":{"line":1030,"column":29}},"loc":{"start":{"line":1030,"column":60},"end":{"line":1033,"column":3}},"line":1030},"148":{"name":"(anonymous_148)","decl":{"start":{"line":1035,"column":25},"end":{"line":1035,"column":26}},"loc":{"start":{"line":1035,"column":60},"end":{"line":1038,"column":3}},"line":1035},"149":{"name":"(anonymous_149)","decl":{"start":{"line":1040,"column":25},"end":{"line":1040,"column":26}},"loc":{"start":{"line":1040,"column":31},"end":{"line":1043,"column":3}},"line":1040},"150":{"name":"(anonymous_150)","decl":{"start":{"line":1109,"column":27},"end":{"line":1109,"column":28}},"loc":{"start":{"line":1109,"column":55},"end":{"line":1230,"column":3}},"line":1109},"151":{"name":"(anonymous_151)","decl":{"start":{"line":1112,"column":27},"end":{"line":1112,"column":28}},"loc":{"start":{"line":1112,"column":32},"end":{"line":1112,"column":76}},"line":1112},"152":{"name":"(anonymous_152)","decl":{"start":{"line":1113,"column":29},"end":{"line":1113,"column":30}},"loc":{"start":{"line":1113,"column":34},"end":{"line":1113,"column":78}},"line":1113},"153":{"name":"(anonymous_153)","decl":{"start":{"line":1153,"column":21},"end":{"line":1153,"column":22}},"loc":{"start":{"line":1154,"column":12},"end":{"line":1159,"column":18}},"line":1154},"154":{"name":"(anonymous_154)","decl":{"start":{"line":1165,"column":25},"end":{"line":1165,"column":26}},"loc":{"start":{"line":1165,"column":33},"end":{"line":1226,"column":11}},"line":1165},"155":{"name":"(anonymous_155)","decl":{"start":{"line":1166,"column":49},"end":{"line":1166,"column":50}},"loc":{"start":{"line":1166,"column":55},"end":{"line":1166,"column":76}},"line":1166},"156":{"name":"(anonymous_156)","decl":{"start":{"line":1172,"column":37},"end":{"line":1172,"column":38}},"loc":{"start":{"line":1172,"column":43},"end":{"line":1172,"column":62}},"line":1172},"157":{"name":"(anonymous_157)","decl":{"start":{"line":1177,"column":39},"end":{"line":1177,"column":40}},"loc":{"start":{"line":1177,"column":45},"end":{"line":1177,"column":65}},"line":1177},"158":{"name":"(anonymous_158)","decl":{"start":{"line":1178,"column":39},"end":{"line":1178,"column":40}},"loc":{"start":{"line":1178,"column":45},"end":{"line":1178,"column":67}},"line":1178},"159":{"name":"(anonymous_159)","decl":{"start":{"line":1192,"column":31},"end":{"line":1192,"column":32}},"loc":{"start":{"line":1192,"column":37},"end":{"line":1192,"column":89}},"line":1192},"160":{"name":"(anonymous_160)","decl":{"start":{"line":1197,"column":57},"end":{"line":1197,"column":58}},"loc":{"start":{"line":1198,"column":18},"end":{"line":1222,"column":18}},"line":1198},"161":{"name":"(anonymous_161)","decl":{"start":{"line":1203,"column":41},"end":{"line":1203,"column":42}},"loc":{"start":{"line":1203,"column":47},"end":{"line":1203,"column":69}},"line":1203},"162":{"name":"(anonymous_162)","decl":{"start":{"line":1204,"column":41},"end":{"line":1204,"column":42}},"loc":{"start":{"line":1204,"column":47},"end":{"line":1204,"column":70}},"line":1204},"163":{"name":"(anonymous_163)","decl":{"start":{"line":1219,"column":33},"end":{"line":1219,"column":34}},"loc":{"start":{"line":1219,"column":39},"end":{"line":1219,"column":93}},"line":1219},"164":{"name":"(anonymous_164)","decl":{"start":{"line":1233,"column":26},"end":{"line":1233,"column":27}},"loc":{"start":{"line":1233,"column":54},"end":{"line":1264,"column":3}},"line":1233},"165":{"name":"(anonymous_165)","decl":{"start":{"line":1241,"column":23},"end":{"line":1241,"column":24}},"loc":{"start":{"line":1241,"column":29},"end":{"line":1241,"column":51}},"line":1241},"166":{"name":"(anonymous_166)","decl":{"start":{"line":1242,"column":25},"end":{"line":1242,"column":26}},"loc":{"start":{"line":1242,"column":31},"end":{"line":1242,"column":54}},"line":1242},"167":{"name":"(anonymous_167)","decl":{"start":{"line":1246,"column":33},"end":{"line":1246,"column":34}},"loc":{"start":{"line":1246,"column":41},"end":{"line":1249,"column":7}},"line":1246},"168":{"name":"(anonymous_168)","decl":{"start":{"line":1251,"column":31},"end":{"line":1251,"column":32}},"loc":{"start":{"line":1251,"column":39},"end":{"line":1251,"column":65}},"line":1251},"169":{"name":"(anonymous_169)","decl":{"start":{"line":1253,"column":31},"end":{"line":1253,"column":32}},"loc":{"start":{"line":1253,"column":39},"end":{"line":1257,"column":7}},"line":1253},"170":{"name":"(anonymous_170)","decl":{"start":{"line":1259,"column":31},"end":{"line":1259,"column":32}},"loc":{"start":{"line":1259,"column":39},"end":{"line":1262,"column":7}},"line":1259},"171":{"name":"(anonymous_171)","decl":{"start":{"line":1266,"column":31},"end":{"line":1266,"column":32}},"loc":{"start":{"line":1266,"column":37},"end":{"line":1294,"column":3}},"line":1266},"172":{"name":"(anonymous_172)","decl":{"start":{"line":1273,"column":26},"end":{"line":1273,"column":27}},"loc":{"start":{"line":1273,"column":31},"end":{"line":1273,"column":76}},"line":1273},"173":{"name":"(anonymous_173)","decl":{"start":{"line":1276,"column":125},"end":{"line":1276,"column":126}},"loc":{"start":{"line":1276,"column":130},"end":{"line":1276,"column":162}},"line":1276},"174":{"name":"(anonymous_174)","decl":{"start":{"line":1280,"column":112},"end":{"line":1280,"column":113}},"loc":{"start":{"line":1280,"column":117},"end":{"line":1280,"column":154}},"line":1280},"175":{"name":"(anonymous_175)","decl":{"start":{"line":1284,"column":108},"end":{"line":1284,"column":109}},"loc":{"start":{"line":1284,"column":113},"end":{"line":1284,"column":148}},"line":1284},"176":{"name":"(anonymous_176)","decl":{"start":{"line":1288,"column":75},"end":{"line":1288,"column":76}},"loc":{"start":{"line":1288,"column":81},"end":{"line":1288,"column":109}},"line":1288},"177":{"name":"(anonymous_177)","decl":{"start":{"line":1297,"column":29},"end":{"line":1297,"column":30}},"loc":{"start":{"line":1297,"column":35},"end":{"line":1313,"column":3}},"line":1297},"178":{"name":"(anonymous_178)","decl":{"start":{"line":1314,"column":29},"end":{"line":1314,"column":30}},"loc":{"start":{"line":1314,"column":43},"end":{"line":1318,"column":3}},"line":1314},"179":{"name":"(anonymous_179)","decl":{"start":{"line":1315,"column":35},"end":{"line":1315,"column":36}},"loc":{"start":{"line":1315,"column":40},"end":{"line":1315,"column":57}},"line":1315},"180":{"name":"(anonymous_180)","decl":{"start":{"line":1321,"column":26},"end":{"line":1321,"column":27}},"loc":{"start":{"line":1321,"column":42},"end":{"line":1323,"column":3}},"line":1321},"181":{"name":"(anonymous_181)","decl":{"start":{"line":1325,"column":25},"end":{"line":1325,"column":26}},"loc":{"start":{"line":1325,"column":32},"end":{"line":1327,"column":3}},"line":1325},"182":{"name":"(anonymous_182)","decl":{"start":{"line":1329,"column":21},"end":{"line":1329,"column":22}},"loc":{"start":{"line":1329,"column":38},"end":{"line":1337,"column":3}},"line":1329},"183":{"name":"(anonymous_183)","decl":{"start":{"line":1332,"column":43},"end":{"line":1332,"column":44}},"loc":{"start":{"line":1333,"column":6},"end":{"line":1333,"column":47}},"line":1333},"184":{"name":"(anonymous_184)","decl":{"start":{"line":1340,"column":33},"end":{"line":1340,"column":34}},"loc":{"start":{"line":1340,"column":46},"end":{"line":1346,"column":3}},"line":1340},"185":{"name":"(anonymous_185)","decl":{"start":{"line":1341,"column":43},"end":{"line":1341,"column":44}},"loc":{"start":{"line":1342,"column":6},"end":{"line":1342,"column":53}},"line":1342},"186":{"name":"(anonymous_186)","decl":{"start":{"line":1349,"column":27},"end":{"line":1349,"column":28}},"loc":{"start":{"line":1349,"column":34},"end":{"line":1359,"column":3}},"line":1349},"187":{"name":"(anonymous_187)","decl":{"start":{"line":1361,"column":28},"end":{"line":1361,"column":29}},"loc":{"start":{"line":1361,"column":35},"end":{"line":1371,"column":3}},"line":1361}},"branchMap":{"0":{"loc":{"start":{"line":74,"column":55},"end":{"line":74,"column":98}},"type":"binary-expr","locations":[{"start":{"line":74,"column":55},"end":{"line":74,"column":90}},{"start":{"line":74,"column":94},"end":{"line":74,"column":98}}],"line":74},"1":{"loc":{"start":{"line":80,"column":13},"end":{"line":80,"column":43}},"type":"cond-expr","locations":[{"start":{"line":80,"column":23},"end":{"line":80,"column":30}},{"start":{"line":80,"column":33},"end":{"line":80,"column":43}}],"line":80},"2":{"loc":{"start":{"line":81,"column":9},"end":{"line":81,"column":77}},"type":"binary-expr","locations":[{"start":{"line":81,"column":9},"end":{"line":81,"column":19}},{"start":{"line":81,"column":23},"end":{"line":81,"column":77}}],"line":81},"3":{"loc":{"start":{"line":82,"column":9},"end":{"line":82,"column":86}},"type":"binary-expr","locations":[{"start":{"line":82,"column":9},"end":{"line":82,"column":23}},{"start":{"line":82,"column":27},"end":{"line":82,"column":86}}],"line":82},"4":{"loc":{"start":{"line":83,"column":24},"end":{"line":83,"column":62}},"type":"cond-expr","locations":[{"start":{"line":83,"column":34},"end":{"line":83,"column":45}},{"start":{"line":83,"column":48},"end":{"line"
[...]
":{"line":1374,"column":2},"end":{"line":1376,"column":3}},"type":"if","locations":[{"start":{"line":1374,"column":2},"end":{"line":1376,"column":3}},{"start":{},"end":{}}],"line":1374},"128":{"loc":{"start":{"line":1379,"column":2},"end":{"line":1388,"column":3}},"type":"if","locations":[{"start":{"line":1379,"column":2},"end":{"line":1388,"column":3}},{"start":{},"end":{}}],"line":1379}},"s":{"0":4,"1":4,"2":727,"3":727,"4":52,"5":52,"6":727,"7":727,"8":727,"9":727,"10":727,"11":727,"12":727,"13":727,"14":727,"15":727,"16":727,"17":727,"18":727,"19":727,"20":727,"21":727,"22":727,"23":727,"24":727,"25":727,"26":727,"27":727,"28":727,"29":727,"30":727,"31":727,"32":727,"33":727,"34":727,"35":727,"36":727,"37":727,"38":727,"39":727,"40":727,"41":727,"42":727,"43":52,"44":727,"45":605,"46":727,"47":104,"48":8,"49":92,"50":92,"51":0,"52":13,"53":2,"54":2,"55":727,"56":104,"57":96,"58":8,"59":0,"60":0,"61":0,"62":0,"63":0,"64":727,"65":104,"66":102,"67":2,"68":0,"69":0,"70":0,"71":0,"72":0,"73":727,"74":18,"75":18,"76":0,"77":0,"78":0,"79":0,"80":0,"81":0,"82":0,"83":0,"84":0,"85":0,"86":0,"87":0,"88":0,"89":0,"90":0,"91":0,"92":727,"93":18,"94":18,"95":0,"96":0,"97":0,"98":0,"99":0,"100":0,"101":0,"102":0,"103":0,"104":0,"105":0,"106":0,"107":0,"108":0,"109":0,"110":0,"111":0,"112":0,"113":0,"114":0,"115":0,"116":0,"117":0,"118":727,"119":18,"120":0,"121":18,"122":0,"123":0,"124":18,"125":0,"126":18,"127":18,"128":1,"129":0,"130":0,"131":0,"132":5,"133":0,"134":0,"135":0,"136":0,"137":0,"138":0,"139":0,"140":0,"141":0,"142":0,"143":0,"144":0,"145":0,"146":0,"147":0,"148":0,"149":0,"150":0,"151":0,"152":0,"153":0,"154":0,"155":0,"156":0,"157":0,"158":0,"159":0,"160":0,"161":0,"162":0,"163":0,"164":0,"165":0,"166":0,"167":727,"168":0,"169":0,"170":727,"171":0,"172":0,"173":0,"174":727,"175":0,"176":0,"177":0,"178":727,"179":727,"180":727,"181":727,"182":0,"183":0,"184":0,"185":0,"186":0,"187":727,"188":52,"189":52,"190":727,"191":52,"192":52,"193":52,"194":52,"195":727,"196":106,"197":106,"198":0,"199":0,"200":0,"201":0,"202":106,"203":106,"204":54,"205":727,"206":66,"207":13,"208":53,"209":727,"210":57,"211":727,"212":52,"213":52,"214":727,"215":104,"216":52,"217":52,"218":52,"219":727,"220":104,"221":104,"222":0,"223":0,"224":0,"225":0,"226":0,"227":0,"228":0,"229":0,"230":0,"231":0,"232":0,"233":0,"234":0,"235":0,"236":0,"237":0,"238":0,"239":0,"240":0,"241":0,"242":0,"243":727,"244":104,"245":727,"246":0,"247":0,"248":0,"249":0,"250":0,"251":0,"252":0,"253":0,"254":0,"255":0,"256":0,"257":0,"258":0,"259":0,"260":0,"261":727,"262":0,"263":727,"264":0,"265":727,"266":0,"267":0,"268":0,"269":727,"270":0,"271":0,"272":727,"273":21,"274":21,"275":10,"276":2,"277":21,"278":5,"279":16,"280":2,"281":21,"282":6,"283":15,"284":1,"285":21,"286":10,"287":3,"288":7,"289":2,"290":21,"291":21,"292":727,"293":499,"294":499,"295":499,"296":499,"297":0,"298":0,"299":0,"300":0,"301":499,"302":727,"303":11,"304":11,"305":11,"306":11,"307":7,"308":7,"309":6,"310":1,"311":0,"312":1,"313":1,"314":4,"315":4,"316":0,"317":4,"318":4,"319":4,"320":4,"321":4,"322":4,"323":3,"324":3,"325":3,"326":1,"327":2,"328":0,"329":2,"330":727,"331":10,"332":10,"333":10,"334":10,"335":3,"336":3,"337":3,"338":0,"339":0,"340":0,"341":0,"342":3,"343":3,"344":3,"345":0,"346":0,"347":0,"348":0,"349":727,"350":1,"351":1,"352":1,"353":1,"354":1,"355":727,"356":0,"357":0,"358":0,"359":0,"360":0,"361":0,"362":0,"363":0,"364":0,"365":0,"366":727,"367":2,"368":4,"369":2,"370":2,"371":727,"372":2,"373":2,"374":2,"375":2,"376":2,"377":2,"378":2,"379":727,"380":0,"381":0,"382":0,"383":0,"384":0,"385":0,"386":0,"387":0,"388":0,"389":0,"390":727,"391":0,"392":0,"393":0,"394":0,"395":0,"396":0,"397":0,"398":0,"399":727,"400":0,"401":0,"402":0,"403":0,"404":0,"405":727,"406":11,"407":11,"408":11,"409":11,"410":11,"411":727,"412":0,"413":0,"414":0,"415":0,"416":727,"417":0,"418":0,"419":0,"420":0,"421":727,"422":0,"423":0,"424":0,"425":0,"426":0,"427":0,"428":0,"429":0,"430":0,"431":727,"432":0,"433":0,"434":0,"435":0,"436":0,"437":0,"438":0,"439":0,"440":0,"441":0,"442":0,"443":0,"444":0,"445":727,"446":0,"447":0,"448":0,"449":0,"450":0,"451":0,"452":0,"453":0,"454":0,"455":0,"456":0,"457":0,"458":727,"459":0,"460":0,"461":727,"462":0,"463":0,"464":727,"465":0,"466":0,"467":727,"468":727,"469":0,"470":0,"471":0,"472":0,"473":0,"474":0,"475":0,"476":0,"477":0,"478":0,"479":0,"480":0,"481":0,"482":0,"483":0,"484":0,"485":0,"486":0,"487":0,"488":0,"489":0,"490":0,"491":0,"492":0,"493":0,"494":0,"495":0,"496":0,"497":0,"498":0,"499":0,"500":0,"501":0,"502":0,"503":0,"504":0,"505":0,"506":0,"507":0,"508":0,"509":0,"510":0,"511":0,"512":0,"513":0,"514":0,"515":0,"516":0,"517":0,"518":727,"519":18,"520":18,"521":18,"522":18,"523":18,"524":18,"525":0,"526":0,"527":18,"528":0,"529":0,"530":0,"531":0,"532":0,"533":0,"534":0,"535":727,"536":18,"537":18,"538":0,"539":0,"540":0,"541":0,"542":0,"543":0,"544":0,"545":0,"546":727,"547":0,"548":0,"549":0,"550":0,"551":0,"552":0,"553":0,"554":0,"555":0,"556":0,"557":727,"558":0,"559":0,"560":0,"561":0,"562":727,"563":0,"564":727,"565":0,"566":727,"567":0,"568":0,"569":0,"570":0,"571":0,"572":0,"573":727,"574":0,"575":0,"576":0,"577":0,"578":727,"579":0,"580":0,"581":0,"582":0,"583":0,"584":0,"585":0,"586":727,"587":0,"588":0,"589":0,"590":0,"591":0,"592":0,"593":0,"594":727,"595":605,"596":122,"597":18,"598":104},"f":{"0":727,"1":52,"2":52,"3":605,"4":104,"5":8,"6":92,"7":92,"8":0,"9":13,"10":2,"11":2,"12":104,"13":0,"14":0,"15":0,"16":0,"17":0,"18":104,"19":0,"20":0,"21":0,"22":0,"23":0,"24":18,"25":0,"26":0,"27":0,"28":0,"29":0,"30":0,"31":0,"32":0,"33":0,"34":0,"35":0,"36":0,"37":0,"38":18,"39":0,"40":0,"41":0,"42":0,"43":0,"44":0,"45":0,"46":0,"47":0,"48":0,"49":0,"50":0,"51":0,"52":0,"53":0,"54":0,"55":0,"56":0,"57":0,"58":18,"59":0,"60":0,"61":0,"62":0,"63":1,"64":0,"65":0,"66":5,"67":0,"68":0,"69":0,"70":0,"71":0,"72":0,"73":0,"74":0,"75":0,"76":0,"77":0,"78":0,"79":0,"80":0,"81":0,"82":0,"83":0,"84":0,"85":0,"86":0,"87":0,"88":0,"89":0,"90":0,"91":0,"92":0,"93":0,"94":0,"95":0,"96":0,"97":0,"98":52,"99":52,"100":106,"101":0,"102":66,"103":57,"104":52,"105":104,"106":104,"107":0,"108":0,"109":0,"110":0,"111":104,"112":0,"113":0,"114":0,"115":0,"116":0,"117":21,"118":499,"119":499,"120":0,"121":11,"122":0,"123":10,"124":0,"125":1,"126":0,"127":2,"128":4,"129":2,"130":0,"131":0,"132":0,"133":0,"134":11,"135":0,"136":0,"137":0,"138":0,"139":0,"140":0,"141":0,"142":0,"143":0,"144":0,"145":0,"146":0,"147":0,"148":0,"149":0,"150":0,"151":0,"152":0,"153":0,"154":0,"155":0,"156":0,"157":0,"158":0,"159":0,"160":0,"161":0,"162":0,"163":0,"164":18,"165":0,"166":0,"167":0,"168":0,"169":0,"170":0,"171":18,"172":0,"173":0,"174":0,"175":0,"176":0,"177":0,"178":0,"179":0,"180":0,"181":0,"182":0,"183":0,"184":0,"185":0,"186":0,"187":0},"b":{"0":[52,23],"1":[277,328],"2":[605,3],"3":[605,1],"4":[277,328],"5":[605,328],"6":[605,2],"7":[605,7],"8":[605,7],"9":[605,328],"10":[605,5],"11":[277,328],"12":[277,328],"13":[96,8],"14":[102,2],"15":[18,0],"16":[0,0],"17":[0,0],"18":[18,0],"19":[0,0],"20":[0,0],"21":[0,0],"22":[13,5],"23":[0,18],"24":[5,13],"25":[0,18],"26":[18,13],"27":[18,0],"28":[0,0],"29":[0,0],"30":[0,0],"31":[0,0],"32":[18,5],"33":[18,0],"34":[0,0],"35":[0,0],"36":[0,0],"37":[0,0],"38":[52,23],"39":[52,41],"40":[52,41],"41":[0,106],"42":[106,0],"43":[0,0],"44":[54,52],"45":[13,53],"46":[52,52],"47":[52,52],"48":[104,0],"49":[0,0],"50":[0,0],"51":[0,0],"52":[0,0],"53":[0,0],"54":[0,0],"55":[0,0],"56":[0,0],"57":[0,0],"58":[0,0],"59":[0,0],"60":[10,11],"61":[2,8],"62":[5,16],"63":[2,14],"64":[6,15],"65":[1,14],"66":[15,7],"67":[10,11],"68":[3,7],"69":[2,5],"70":[0,499],"71":[7,4],"72":[1,4],"73":[1,1,1],"74":[0,1],"75":[1,0],"76":[0,4],"77":[4,4,4],"78":[1,2],"79":[3,2],"80":[0,2],"81":[2,0],"82":[3,7],"83":[0,3],"84":[0,0,0],"85":[0,0],"86":[0,0],"87":[0,0],"88":[0,0],"89":[0,0],"90":[0,0],"91":[0,0],"92":[0,0],"93":[0,0,0,0],"94":[0,0],"95":[0,0],"96":[0,0],"97":[0,0],"98":[0,0],"99":[0,0],"100":[0,0],"101":[0,0],"102":[0,0],"103":[0,0],"104":[0,0],"105":[0,0],"106":[0,0],"107":[0,0],"108":[0,0],"109":[0,0],"110":[0,0],"111":[0,0],"112":[0,0],"113":[0,0,0],"114":[0,0],"115":[0,0],"116":[18,0],"117":[0,0],"118":[0,0],"119":[0,0],"120":[0,0,0],"121":[0,0],"122":[0,0],"123":[0,0],"124":[0,0],"125":[0,0],"126":[0,0],"127":[605,122],"128":[18,104]},"_coverageSchema":"1a1c01bbd47fc00a2c39e90264f33305004495a9","hash":"25811b8721406bad0edc62510f1cad001eddae3e"}
,"C:\\Users\\Brenda\\Desktop\\gestor-proyectos-fullstack\\frontend\\login-registration\\src\\index.js": {"path":"C:\\Users\\Brenda\\Desktop\\gestor-proyectos-fullstack\\frontend\\login-registration\\src\\index.js","statementMap":{"0":{"start":{"line":7,"column":13},"end":{"line":7,"column":65}},"1":{"start":{"line":8,"column":0},"end":{"line":12,"column":2}},"2":{"start":{"line":17,"column":0},"end":{"line":17,"column":18}}},"fnMap":{},"branchMap":{},"s":{"0":0,"1":0,"2":0},"f":{},"b":{}}
,"C:\\Users\\Brenda\\Desktop\\gestor-proyectos-fullstack\\frontend\\login-registration\\src\\reportWebVitals.js": {"path":"C:\\Users\\Brenda\\Desktop\\gestor-proyectos-fullstack\\frontend\\login-registration\\src\\reportWebVitals.js","statementMap":{"0":{"start":{"line":1,"column":24},"end":{"line":11,"column":1}},"1":{"start":{"line":2,"column":2},"end":{"line":10,"column":3}},"2":{"start":{"line":3,"column":4},"end":{"line":9,"column":7}},"3":{"start":{"line":4,"column":6},"end":{"line":4,"column":26}},"4":{"start":{"line":5,"column":6},"end":{"line":5,"column":26}},"5":{"start":{"line":6,"column":6},"end":{"line":6,"column":26}},"6":{"start":{"line":7,"column":6},"end":{"line":7,"column":26}},"7":{"start":{"line":8,"column":6},"end":{"line":8,"column":27}}},"fnMap":{"0":{"name":"(anonymous_0)","decl":{"start":{"line":1,"column":24},"end":{"line":1,"column":25}},"loc":{"start":{"line":1,"column":39},"end":{"line":11,"column":1}},"line":1},"1":{"name":"(anonymous_1)","decl":{"start":{"line":3,"column":30},"end":{"line":3,"column":31}},"loc":{"start":{"line":3,"column":79},"end":{"line":9,"column":5}},"line":3}},"branchMap":{"0":{"loc":{"start":{"line":2,"column":2},"end":{"line":10,"column":3}},"type":"if","locations":[{"start":{"line":2,"column":2},"end":{"line":10,"column":3}},{"start":{},"end":{}}],"line":2},"1":{"loc":{"start":{"line":2,"column":6},"end":{"line":2,"column":52}},"type":"binary-expr","locations":[{"start":{"line":2,"column":6},"end":{"line":2,"column":17}},{"start":{"line":2,"column":21},"end":{"line":2,"column":52}}],"line":2}},"s":{"0":0,"1":0,"2":0,"3":0,"4":0,"5":0,"6":0,"7":0},"f":{"0":0,"1":0},"b":{"0":[0,0],"1":[0,0]}}
,"C:\\Users\\Brenda\\Desktop\\gestor-proyectos-fullstack\\frontend\\login-registration\\src\\components\\GanttChartExample.jsx": {"path":"C:\\Users\\Brenda\\Desktop\\gestor-proyectos-fullstack\\frontend\\login-registration\\src\\components\\GanttChartExample.jsx","statementMap":{"0":{"start":{"line":4,"column":26},"end":{"line":9,"column":1}},"1":{"start":{"line":5,"column":15},"end":{"line":7,"column":3}},"2":{"start":{"line":8,"column":2},"end":{"line":8,"column":34}},"3":{"start":{"line":11,"column":23},"end":{"line":16,"column":1}},"4":{"start":{"line":12,"column":19},"end":{"line":14,"column":3}},"5":{"start":{"line":15,"column":2},"end":{"line":15,"column":38}},"6":{"start":{"line":19,"column":26},"end":{"line":110,"column":1}},"7":{"start":{"line":21,"column":28},"end":{"line":21,"column":40}},"8":{"start":{"line":22,"column":2},"end":{"line":54,"column":42}},"9":{"start":{"line":23,"column":4},"end":{"line":23,"column":57}},"10":{"start":{"line":23,"column":50},"end":{"line":23,"column":57}},"11":{"start":{"line":24,"column":18},"end":{"line":27,"column":5}},"12":{"start":{"line":25,"column":32},"end":{"line":25,"column":76}},"13":{"start":{"line":26,"column":34},"end":{"line":26,"column":78}},"14":{"start":{"line":28,"column":18},"end":{"line":28,"column":46}},"15":{"start":{"line":29,"column":18},"end":{"line":29,"column":46}},"16":{"start":{"line":31,"column":4},"end":{"line":43,"column":5}},"17":{"start":{"line":32,"column":6},"end":{"line":32,"column":45}},"18":{"start":{"line":33,"column":6},"end":{"line":33,"column":45}},"19":{"start":{"line":34,"column":11},"end":{"line":43,"column":5}},"20":{"start":{"line":35,"column":6},"end":{"line":35,"column":46}},"21":{"start":{"line":36,"column":6},"end":{"line":36,"column":46}},"22":{"start":{"line":37,"column":11},"end":{"line":43,"column":5}},"23":{"start":{"line":38,"column":6},"end":{"line":38,"column":47}},"24":{"start":{"line":39,"column":6},"end":{"line":39,"column":47}},"25":{"start":{"line":40,"column":11},"end":{"line":43,"column":5}},"26":{"start":{"line":41,"column":6},"end":{"line":41,"column":47}},"27":{"start":{"line":42,"column":6},"end":{"line":42,"column":47}},"28":{"start":{"line":44,"column":17},"end":{"line":44,"column":19}},"29":{"start":{"line":45,"column":16},"end":{"line":45,"column":33}},"30":{"start":{"line":46,"column":4},"end":{"line":52,"column":5}},"31":{"start":{"line":47,"column":6},"end":{"line":47,"column":31}},"32":{"start":{"line":48,"column":6},"end":{"line":51,"column":74}},"33":{"start":{"line":48,"column":32},"end":{"line":48,"column":63}},"34":{"start":{"line":49,"column":11},"end":{"line":51,"column":74}},"35":{"start":{"line":49,"column":38},"end":{"line":49,"column":69}},"36":{"start":{"line":50,"column":11},"end":{"line":51,"column":74}},"37":{"start":{"line":50,"column":39},"end":{"line":50,"column":72}},"38":{"start":{"line":51,"column":11},"end":{"line":51,"column":74}},"39":{"start":{"line":51,"column":41},"end":{"line":51,"column":74}},"40":{"start":{"line":53,"column":4},"end":{"line":53,"column":19}},"41":{"start":{"line":56,"column":2},"end":{"line":56,"column":33}},"42":{"start":{"line":56,"column":21},"end":{"line":56,"column":33}},"43":{"start":{"line":57,"column":20},"end":{"line":57,"column":28}},"44":{"start":{"line":58,"column":18},"end":{"line":58,"column":41}},"45":{"start":{"line":59,"column":20},"end":{"line":59,"column":76}},"46":{"start":{"line":61,"column":17},"end":{"line":70,"column":3}},"47":{"start":{"line":72,"column":2},"end":{"line":109,"column":4}},"48":{"start":{"line":76,"column":10},"end":{"line":80,"column":16}},"49":{"start":{"line":86,"column":10},"end":{"line":94,"column":16}},"50":{"start":{"line":97,"column":10},"end":{"line":105,"column":16}}},"fnMap":{"0":{"name":"(anonymous_0)","decl":{"start":{"line":4,"column":26},"end":{"line":4,"column":27}},"loc":{"start":{"line":4,"column":58},"end":{"line":9,"column":1}},"line":4},"1":{"name":"(anonymous_1)","decl":{"start":{"line":11,"column":23},"end":{"line":11,"column":24}},"loc":{"start":{"line":11,"column":58},"end":{"line":16,"column":1}},"line":11},"2":{"name":"(anonymous_2)","decl":{"start":{"line":19,"column":26},"end":{"line":19,"column":27}},"loc":{"start":{"line":19,"column":90},"end":{"line":110,"column":1}},"line":19},"3":{"name":"(anonymous_3)","decl":{"start":{"line":22,"column":12},"end":{"line":22,"column":13}},"loc":{"start":{"line":22,"column":18},"end":{"line":54,"column":3}},"line":22},"4":{"name":"(anonymous_4)","decl":{"start":{"line":25,"column":27},"end":{"line":25,"column":28}},"loc":{"start":{"line":25,"column":32},"end":{"line":25,"column":76}},"line":25},"5":{"name":"(anonymous_5)","decl":{"start":{"line":26,"column":29},"end":{"line":26,"column":30}},"loc":{"start":{"line":26,"column":34},"end":{"line":26,"column":78}},"line":26},"6":{"name":"(anonymous_6)","decl":{"start":{"line":75,"column":19},"end":{"line":75,"column":20}},"loc":{"start":{"line":76,"column":10},"end":{"line":80,"column":16}},"line":76},"7":{"name":"(anonymous_7)","decl":{"start":{"line":85,"column":23},"end":{"line":85,"column":24}},"loc":{"start":{"line":86,"column":10},"end":{"line":94,"column":16}},"line":86},"8":{"name":"(anonymous_8)","decl":{"start":{"line":96,"column":25},"end":{"line":96,"column":26}},"loc":{"start":{"line":97,"column":10},"end":{"line":105,"column":16}},"line":97}},"branchMap":{"0":{"loc":{"start":{"line":19,"column":29},"end":{"line":19,"column":43}},"type":"default-arg","locations":[{"start":{"line":19,"column":41},"end":{"line":19,"column":43}}],"line":19},"1":{"loc":{"start":{"line":19,"column":45},"end":{"line":19,"column":61}},"type":"default-arg","locations":[{"start":{"line":19,"column":59},"end":{"line":19,"column":61}}],"line":19},"2":{"loc":{"start":{"line":19,"column":63},"end":{"line":19,"column":83}},"type":"default-arg","locations":[{"start":{"line":19,"column":75},"end":{"line":19,"column":83}}],"line":19},"3":{"loc":{"start":{"line":23,"column":4},"end":{"line":23,"column":57}},"type":"if","locations":[{"start":{"line":23,"column":4},"end":{"line":23,"column":57}},{"start":{},"end":{}}],"line":23},"4":{"loc":{"start":{"line":23,"column":8},"end":{"line":23,"column":48}},"type":"binary-expr","locations":[{"start":{"line":23,"column":8},"end":{"line":23,"column":25}},{"start":{"line":23,"column":29},"end":{"line":23,"column":48}}],"line":23},"5":{"loc":{"start":{"line":31,"column":4},"end":{"line":43,"column":5}},"type":"if","locations":[{"start":{"line":31,"column":4},"end":{"line":43,"column":5}},{"start":{"line":34,"column":11},"end":{"line":43,"column":5}}],"line":31},"6":{"loc":{"start":{"line":34,"column":11},"end":{"line":43,"column":5}},"type":"if","locations":[{"start":{"line":34,"column":11},"end":{"line":43,"column":5}},{"start":{"line":37,"column":11},"end":{"line":43,"column":5}}],"line":34},"7":{"loc":{"start":{"line":37,"column":11},"end":{"line":43,"column":5}},"type":"if","locations":[{"start":{"line":37,"column":11},"end":{"line":43,"column":5}},{"start":{"line":40,"column":11},"end":{"line":43,"column":5}}],"line":37},"8":{"loc":{"start":{"line":40,"column":11},"end":{"line":43,"column":5}},"type":"if","locations":[{"start":{"line":40,"column":11},"end":{"line":43,"column":5}},{"start":{},"end":{}}],"line":40},"9":{"loc":{"start":{"line":48,"column":6},"end":{"line":51,"column":74}},"type":"if","locations":[{"start":{"line":48,"column":6},"end":{"line":51,"column":74}},{"start":{"line":49,"column":11},"end":{"line":51,"column":74}}],"line":48},"10":{"loc":{"start":{"line":49,"column":11},"end":{"line":51,"column":74}},"type":"if","locations":[{"start":{"line":49,"column":11},"end":{"line":51,"column":74}},{"start":{"line":50,"column":11},"end":{"line":51,"column":74}}],"line":49},"11":{"loc":{"start":{"line":50,"column":11},"end":{"line":51,"column":74}},"type":"if","locations":[{"start":{"line":50,"column":11},"end":{"line":51,"column":74}},{"start":{"line":51,"column":11},"end":{"line":51,"column":74}}],"line":50},"12":{"loc":{"start":{"line":51,"column":11},"end":{"line":51,"column":74}},"type":"if","locations":[{"start":{"line":51,"column":11},"end":{"line":51,"column":74}},{"start":{},"end":{}}],"line":51},"13":{"loc":{"start":{"line":56,"column":2},"end":{"line":56,"column":33}},"type":"if","locations":[{"start":{"line":56,"column":2},"end":{"line":56,"column":33}},{"start":{},"end":{}}],"line":56},"14":{"loc":{"start":{"line":77,"column":13},"end":{"line":79,"column":38}},"type":"cond-expr","locations":[{"start":{"line":78,"column":16},"end":{"line":78,"column":87}},{"start":{"line":79,"column":16},"end":{"line":79,"column":38}}],"line":77}},"s":{"0":4,"1":0,"2":0,"3":4,"4":0,"5":0,"6":4,"7":0,"8":0,"9":0,"10":0,"11":0,"12":0,"13":0,"14":0,"15":0,"16":0,"17":0,"18":0,"19":0,"20":0,"21":0,"22":0,"23":0,"24":0,"25":0,"26":0,"27":0,"28":0,"29":0,"30":0,"31":0,"32":0,"33":0,"34":0,"35":0,"36":0,"37":0,"38":0,"39":0,"40":0,"41":0,"42":0,"43":0,"44":0,"45":0,"46":0,"47":0,"48":0,"49":0,"50":0},"f":{"0":0,"1":0,"2":0,"3":0,"4":0,"5":0,"6":0,"7":0,"8":0},"b":{"0":[0],"1":[0],"2":[0],"3":[0,0],"4":[0,0],"5":[0,0],"6":[0,0],"7":[0,0],"8":[0,0],"9":[0,0],"10":[0,0],"11":[0,0],"12":[0,0],"13":[0,0],"14":[0,0]},"_coverageSchema":"1a1c01bbd47fc00a2c39e90264f33305004495a9","hash":"966981c4ac6b6da7ebb3fac61ec2bc60c1bd09d0"}
}
