TN:
SF:src\App.js
FN:8,(anonymous_0)
FN:10,(anonymous_1)
FN:74,(anonymous_2)
FN:77,(anonymous_3)
FN:102,(anonymous_4)
FN:108,(anonymous_5)
FN:113,(anonymous_6)
FN:113,(anonymous_7)
FN:115,(anonymous_8)
FN:123,(anonymous_9)
FN:124,(anonymous_10)
FN:125,(anonymous_11)
FN:134,(anonymous_12)
FN:143,(anonymous_13)
FN:147,(anonymous_14)
FN:151,(anonymous_15)
FN:155,(anonymous_16)
FN:159,(anonymous_17)
FN:167,(anonymous_18)
FN:179,(anonymous_19)
FN:187,(anonymous_20)
FN:196,(anonymous_21)
FN:205,(anonymous_22)
FN:220,(anonymous_23)
FN:232,(anonymous_24)
FN:241,(anonymous_25)
FN:241,(anonymous_26)
FN:245,(anonymous_27)
FN:245,(anonymous_28)
FN:249,(anonymous_29)
FN:249,(anonymous_30)
FN:257,(anonymous_31)
FN:257,(anonymous_32)
FN:261,(anonymous_33)
FN:261,(anonymous_34)
FN:265,(anonymous_35)
FN:265,(anonymous_36)
FN:269,(anonymous_37)
FN:278,(anonymous_38)
FN:280,(anonymous_39)
FN:288,(anonymous_40)
FN:288,(anonymous_41)
FN:292,(anonymous_42)
FN:292,(anonymous_43)
FN:296,(anonymous_44)
FN:296,(anonymous_45)
FN:300,(anonymous_46)
FN:300,(anonymous_47)
FN:304,(anonymous_48)
FN:304,(anonymous_49)
FN:308,(anonymous_50)
FN:308,(anonymous_51)
FN:310,(anonymous_52)
FN:315,(anonymous_53)
FN:315,(anonymous_54)
FN:323,(anonymous_55)
FN:323,(anonymous_56)
FN:327,(anonymous_57)
FN:335,(anonymous_58)
FN:337,(anonymous_59)
FN:338,(anonymous_60)
FN:338,(anonymous_61)
FN:339,(anonymous_62)
FN:345,(anonymous_63)
FN:348,(anonymous_64)
FN:349,(anonymous_65)
FN:350,(anonymous_66)
FN:351,(anonymous_67)
FN:393,(anonymous_68)
FN:394,(anonymous_69)
FN:395,(anonymous_70)
FN:396,(anonymous_71)
FN:400,(anonymous_72)
FN:401,(anonymous_73)
FN:410,(anonymous_74)
FN:413,(anonymous_75)
FN:413,(anonymous_76)
FN:418,(anonymous_77)
FN:430,(anonymous_78)
FN:435,(anonymous_79)
FN:436,(anonymous_80)
FN:437,(anonymous_81)
FN:440,(anonymous_82)
FN:442,(anonymous_83)
FN:442,(anonymous_84)
FN:453,(anonymous_85)
FN:470,(anonymous_86)
FN:472,(anonymous_87)
FN:478,(anonymous_88)
FN:480,(anonymous_89)
FN:484,(anonymous_90)
FN:487,(anonymous_91)
FN:487,(anonymous_92)
FN:500,(anonymous_93)
FN:501,(anonymous_94)
FN:504,(anonymous_95)
FN:519,(anonymous_96)
FN:555,(anonymous_97)
FN:563,(anonymous_98)
FN:569,(anonymous_99)
FN:577,(anonymous_100)
FN:581,(anonymous_101)
FN:589,(anonymous_102)
FN:598,(anonymous_103)
FN:602,(anonymous_104)
FN:609,(anonymous_105)
FN:617,(anonymous_106)
FN:621,(anonymous_107)
FN:622,(anonymous_108)
FN:623,(anonymous_109)
FN:624,(anonymous_110)
FN:649,(anonymous_111)
FN:653,(anonymous_112)
FN:676,(anonymous_113)
FN:680,(anonymous_114)
FN:684,(anonymous_115)
FN:691,(anonymous_116)
FN:702,(anonymous_117)
FN:735,(anonymous_118)
FN:737,(anonymous_119)
FN:743,(anonymous_120)
FN:753,(anonymous_121)
FN:771,(anonymous_122)
FN:814,(anonymous_123)
FN:832,(anonymous_124)
FN:852,(anonymous_125)
FN:862,(anonymous_126)
FN:885,(anonymous_127)
FN:886,(anonymous_128)
FN:891,(anonymous_129)
FN:901,(anonymous_130)
FN:903,(anonymous_131)
FN:924,(anonymous_132)
FN:934,(anonymous_133)
FN:943,(anonymous_134)
FN:951,(anonymous_135)
FN:965,(anonymous_136)
FN:981,(anonymous_137)
FN:983,(anonymous_138)
FN:989,(anonymous_139)
FN:997,(anonymous_140)
FN:999,(anonymous_141)
FN:1000,(anonymous_142)
FN:1006,(anonymous_143)
FN:1013,(anonymous_144)
FN:1016,(anonymous_145)
FN:1017,(anonymous_146)
FN:1030,(anonymous_147)
FN:1035,(anonymous_148)
FN:1040,(anonymous_149)
FN:1109,(anonymous_150)
FN:1112,(anonymous_151)
FN:1113,(anonymous_152)
FN:1153,(anonymous_153)
FN:1165,(anonymous_154)
FN:1166,(anonymous_155)
FN:1172,(anonymous_156)
FN:1177,(anonymous_157)
FN:1178,(anonymous_158)
FN:1192,(anonymous_159)
FN:1197,(anonymous_160)
FN:1203,(anonymous_161)
FN:1204,(anonymous_162)
FN:1219,(anonymous_163)
FN:1233,(anonymous_164)
FN:1241,(anonymous_165)
FN:1242,(anonymous_166)
FN:1246,(anonymous_167)
FN:1251,(anonymous_168)
FN:1253,(anonymous_169)
FN:1259,(anonymous_170)
FN:1266,(anonymous_171)
FN:1273,(anonymous_172)
FN:1276,(anonymous_173)
FN:1280,(anonymous_174)
FN:1284,(anonymous_175)
FN:1288,(anonymous_176)
FN:1297,(anonymous_177)
FN:1314,(anonymous_178)
FN:1315,(anonymous_179)
FN:1321,(anonymous_180)
FN:1325,(anonymous_181)
FN:1329,(anonymous_182)
FN:1332,(anonymous_183)
FN:1340,(anonymous_184)
FN:1341,(anonymous_185)
FN:1349,(anonymous_186)
FN:1361,(anonymous_187)
FNF:188
FNH:39
FNDA:727,(anonymous_0)
FNDA:52,(anonymous_1)
FNDA:52,(anonymous_2)
FNDA:605,(anonymous_3)
FNDA:104,(anonymous_4)
FNDA:8,(anonymous_5)
FNDA:92,(anonymous_6)
FNDA:92,(anonymous_7)
FNDA:0,(anonymous_8)
FNDA:13,(anonymous_9)
FNDA:2,(anonymous_10)
FNDA:2,(anonymous_11)
FNDA:104,(anonymous_12)
FNDA:0,(anonymous_13)
FNDA:0,(anonymous_14)
FNDA:0,(anonymous_15)
FNDA:0,(anonymous_16)
FNDA:0,(anonymous_17)
FNDA:104,(anonymous_18)
FNDA:0,(anonymous_19)
FNDA:0,(anonymous_20)
FNDA:0,(anonymous_21)
FNDA:0,(anonymous_22)
FNDA:0,(anonymous_23)
FNDA:18,(anonymous_24)
FNDA:0,(anonymous_25)
FNDA:0,(anonymous_26)
FNDA:0,(anonymous_27)
FNDA:0,(anonymous_28)
FNDA:0,(anonymous_29)
FNDA:0,(anonymous_30)
FNDA:0,(anonymous_31)
FNDA:0,(anonymous_32)
FNDA:0,(anonymous_33)
FNDA:0,(anonymous_34)
FNDA:0,(anonymous_35)
FNDA:0,(anonymous_36)
FNDA:0,(anonymous_37)
FNDA:18,(anonymous_38)
FNDA:0,(anonymous_39)
FNDA:0,(anonymous_40)
FNDA:0,(anonymous_41)
FNDA:0,(anonymous_42)
FNDA:0,(anonymous_43)
FNDA:0,(anonymous_44)
FNDA:0,(anonymous_45)
FNDA:0,(anonymous_46)
FNDA:0,(anonymous_47)
FNDA:0,(anonymous_48)
FNDA:0,(anonymous_49)
FNDA:0,(anonymous_50)
FNDA:0,(anonymous_51)
FNDA:0,(anonymous_52)
FNDA:0,(anonymous_53)
FNDA:0,(anonymous_54)
FNDA:0,(anonymous_55)
FNDA:0,(anonymous_56)
FNDA:0,(anonymous_57)
FNDA:18,(anonymous_58)
FNDA:0,(anonymous_59)
FNDA:0,(anonymous_60)
FNDA:0,(anonymous_61)
FNDA:0,(anonymous_62)
FNDA:1,(anonymous_63)
FNDA:0,(anonymous_64)
FNDA:0,(anonymous_65)
FNDA:5,(anonymous_66)
FNDA:0,(anonymous_67)
FNDA:0,(anonymous_68)
FNDA:0,(anonymous_69)
FNDA:0,(anonymous_70)
FNDA:0,(anonymous_71)
FNDA:0,(anonymous_72)
FNDA:0,(anonymous_73)
FNDA:0,(anonymous_74)
FNDA:0,(anonymous_75)
FNDA:0,(anonymous_76)
FNDA:0,(anonymous_77)
FNDA:0,(anonymous_78)
FNDA:0,(anonymous_79)
FNDA:0,(anonymous_80)
FNDA:0,(anonymous_81)
FNDA:0,(anonymous_82)
FNDA:0,(anonymous_83)
FNDA:0,(anonymous_84)
FNDA:0,(anonymous_85)
FNDA:0,(anonymous_86)
FNDA:0,(anonymous_87)
FNDA:0,(anonymous_88)
FNDA:0,(anonymous_89)
FNDA:0,(anonymous_90)
FNDA:0,(anonymous_91)
FNDA:0,(anonymous_92)
FNDA:0,(anonymous_93)
FNDA:0,(anonymous_94)
FNDA:0,(anonymous_95)
FNDA:0,(anonymous_96)
FNDA:0,(anonymous_97)
FNDA:52,(anonymous_98)
FNDA:52,(anonymous_99)
FNDA:106,(anonymous_100)
FNDA:0,(anonymous_101)
FNDA:66,(anonymous_102)
FNDA:57,(anonymous_103)
FNDA:52,(anonymous_104)
FNDA:104,(anonymous_105)
FNDA:104,(anonymous_106)
FNDA:0,(anonymous_107)
FNDA:0,(anonymous_108)
FNDA:0,(anonymous_109)
FNDA:0,(anonymous_110)
FNDA:104,(anonymous_111)
FNDA:0,(anonymous_112)
FNDA:0,(anonymous_113)
FNDA:0,(anonymous_114)
FNDA:0,(anonymous_115)
FNDA:0,(anonymous_116)
FNDA:21,(anonymous_117)
FNDA:499,(anonymous_118)
FNDA:499,(anonymous_119)
FNDA:0,(anonymous_120)
FNDA:11,(anonymous_121)
FNDA:0,(anonymous_122)
FNDA:10,(anonymous_123)
FNDA:0,(anonymous_124)
FNDA:1,(anonymous_125)
FNDA:0,(anonymous_126)
FNDA:2,(anonymous_127)
FNDA:4,(anonymous_128)
FNDA:2,(anonymous_129)
FNDA:0,(anonymous_130)
FNDA:0,(anonymous_131)
FNDA:0,(anonymous_132)
FNDA:0,(anonymous_133)
FNDA:11,(anonymous_134)
FNDA:0,(anonymous_135)
FNDA:0,(anonymous_136)
FNDA:0,(anonymous_137)
FNDA:0,(anonymous_138)
FNDA:0,(anonymous_139)
FNDA:0,(anonymous_140)
FNDA:0,(anonymous_141)
FNDA:0,(anonymous_142)
FNDA:0,(anonymous_143)
FNDA:0,(anonymous_144)
FNDA:0,(anonymous_145)
FNDA:0,(anonymous_146)
FNDA:0,(anonymous_147)
FNDA:0,(anonymous_148)
FNDA:0,(anonymous_149)
FNDA:0,(anonymous_150)
FNDA:0,(anonymous_151)
FNDA:0,(anonymous_152)
FNDA:0,(anonymous_153)
FNDA:0,(anonymous_154)
FNDA:0,(anonymous_155)
FNDA:0,(anonymous_156)
FNDA:0,(anonymous_157)
FNDA:0,(anonymous_158)
FNDA:0,(anonymous_159)
FNDA:0,(anonymous_160)
FNDA:0,(anonymous_161)
FNDA:0,(anonymous_162)
FNDA:0,(anonymous_163)
FNDA:18,(anonymous_164)
FNDA:0,(anonymous_165)
FNDA:0,(anonymous_166)
FNDA:0,(anonymous_167)
FNDA:0,(anonymous_168)
FNDA:0,(anonymous_169)
FNDA:0,(anonymous_170)
FNDA:18,(anonymous_171)
FNDA:0,(anonymous_172)
FNDA:0,(anonymous_173)
FNDA:0,(anonymous_174)
FNDA:0,(anonymous_175)
FNDA:0,(anonymous_176)
FNDA:0,(anonymous_177)
FNDA:0,(anonymous_178)
FNDA:0,(anonymous_179)
FNDA:0,(anonymous_180)
FNDA:0,(anonymous_181)
FNDA:0,(anonymous_182)
FNDA:0,(anonymous_183)
FNDA:0,(anonymous_184)
FNDA:0,(anonymous_185)
FNDA:0,(anonymous_186)
FNDA:0,(anonymous_187)
DA:6,4
DA:8,4
DA:9,727
DA:10,727
DA:12,52
DA:13,52
DA:15,727
DA:28,727
DA:29,727
DA:30,727
DA:31,727
DA:32,727
DA:33,727
DA:34,727
DA:35,727
DA:36,727
DA:37,727
DA:38,727
DA:39,727
DA:40,727
DA:41,727
DA:42,727
DA:43,727
DA:44,727
DA:45,727
DA:46,727
DA:47,727
DA:48,727
DA:58,727
DA:59,727
DA:60,727
DA:61,727
DA:62,727
DA:63,727
DA:64,727
DA:65,727
DA:66,727
DA:67,727
DA:68,727
DA:69,727
DA:71,727
DA:73,727
DA:74,727
DA:77,727
DA:78,605
DA:102,727
DA:103,104
DA:108,8
DA:113,92
DA:114,92
DA:115,0
DA:123,13
DA:124,2
DA:125,2
DA:134,727
DA:135,104
DA:136,8
DA:143,0
DA:147,0
DA:151,0
DA:155,0
DA:159,0
DA:167,727
DA:168,104
DA:169,2
DA:179,0
DA:187,0
DA:196,0
DA:205,0
DA:220,0
DA:232,727
DA:233,18
DA:234,0
DA:241,0
DA:245,0
DA:249,0
DA:257,0
DA:261,0
DA:265,0
DA:269,0
DA:278,727
DA:279,18
DA:280,0
DA:281,0
DA:288,0
DA:292,0
DA:296,0
DA:300,0
DA:304,0
DA:308,0
DA:310,0
DA:315,0
DA:323,0
DA:327,0
DA:335,727
DA:337,18
DA:338,18
DA:339,18
DA:340,18
DA:341,18
DA:345,1
DA:348,0
DA:349,0
DA:350,5
DA:351,0
DA:393,0
DA:394,0
DA:395,0
DA:396,0
DA:400,0
DA:401,0
DA:410,0
DA:413,0
DA:414,0
DA:418,0
DA:431,0
DA:435,0
DA:436,0
DA:437,0
DA:440,0
DA:442,0
DA:443,0
DA:453,0
DA:470,0
DA:473,0
DA:479,0
DA:480,0
DA:482,0
DA:485,0
DA:487,0
DA:488,0
DA:500,727
DA:501,0
DA:504,727
DA:505,0
DA:506,0
DA:516,0
DA:519,727
DA:520,0
DA:521,0
DA:531,0
DA:535,727
DA:542,727
DA:548,727
DA:555,727
DA:556,0
DA:557,0
DA:558,0
DA:559,0
DA:560,0
DA:563,727
DA:565,52
DA:566,52
DA:569,727
DA:571,52
DA:572,52
DA:573,52
DA:574,52
DA:577,727
DA:579,106
DA:580,106
DA:581,0
DA:582,0
DA:584,106
DA:585,106
DA:589,727
DA:590,66
DA:591,13
DA:593,53
DA:598,727
DA:599,57
DA:602,727
DA:604,52
DA:605,52
DA:609,727
DA:610,104
DA:611,52
DA:612,52
DA:614,52
DA:617,727
DA:618,104
DA:620,0
DA:621,0
DA:622,0
DA:623,0
DA:624,0
DA:627,0
DA:628,0
DA:631,0
DA:632,0
DA:633,0
DA:634,0
DA:635,0
DA:636,0
DA:637,0
DA:638,0
DA:639,0
DA:640,0
DA:641,0
DA:642,0
DA:645,0
DA:646,0
DA:649,727
DA:650,104
DA:653,727
DA:654,0
DA:656,0
DA:657,0
DA:659,0
DA:660,0
DA:662,0
DA:663,0
DA:664,0
DA:665,0
DA:666,0
DA:667,0
DA:668,0
DA:669,0
DA:673,0
DA:676,727
DA:677,0
DA:680,727
DA:681,0
DA:684,727
DA:685,0
DA:686,0
DA:687,0
DA:691,727
DA:692,0
DA:699,0
DA:702,727
DA:703,21
DA:705,21
DA:706,10
DA:707,2
DA:711,21
DA:712,5
DA:713,16
DA:714,2
DA:717,21
DA:718,6
DA:719,15
DA:720,1
DA:723,21
DA:724,10
DA:725,3
DA:726,7
DA:727,2
DA:731,21
DA:732,21
DA:735,727
DA:736,499
DA:737,499
DA:742,499
DA:743,0
DA:744,0
DA:745,0
DA:746,0
DA:749,499
DA:753,727
DA:754,11
DA:755,11
DA:756,11
DA:758,11
DA:759,7
DA:760,7
DA:770,6
DA:771,1
DA:772,1
DA:776,1
DA:779,4
DA:782,4
DA:783,0
DA:786,4
DA:787,4
DA:788,4
DA:789,4
DA:790,4
DA:791,4
DA:793,3
DA:794,3
DA:801,3
DA:802,1
DA:803,2
DA:804,0
DA:806,2
DA:814,727
DA:815,10
DA:816,10
DA:817,10
DA:819,10
DA:820,3
DA:821,3
DA:831,3
DA:832,0
DA:833,0
DA:834,0
DA:837,3
DA:838,3
DA:839,3
DA:841,0
DA:842,0
DA:843,0
DA:845,0
DA:852,727
DA:853,1
DA:855,1
DA:857,1
DA:858,1
DA:859,1
DA:862,727
DA:863,0
DA:864,0
DA:874,0
DA:875,0
DA:876,0
DA:877,0
DA:878,0
DA:879,0
DA:880,0
DA:881,0
DA:885,727
DA:886,4
DA:887,2
DA:888,2
DA:891,727
DA:892,2
DA:893,2
DA:894,2
DA:895,2
DA:896,2
DA:897,2
DA:898,2
DA:901,727
DA:902,0
DA:903,0
DA:904,0
DA:905,0
DA:914,0
DA:916,0
DA:917,0
DA:918,0
DA:919,0
DA:920,0
DA:924,727
DA:925,0
DA:926,0
DA:927,0
DA:929,0
DA:930,0
DA:931,0
DA:934,727
DA:935,0
DA:936,0
DA:937,0
DA:938,0
DA:939,0
DA:943,727
DA:944,11
DA:945,11
DA:946,11
DA:947,11
DA:948,11
DA:951,727
DA:952,0
DA:960,0
DA:961,0
DA:962,0
DA:965,727
DA:966,0
DA:976,0
DA:977,0
DA:978,0
DA:981,727
DA:982,0
DA:983,0
DA:984,0
DA:986,0
DA:987,0
DA:989,0
DA:990,0
DA:992,0
DA:993,0
DA:997,727
DA:998,0
DA:999,0
DA:1000,0
DA:1001,0
DA:1002,0
DA:1003,0
DA:1004,0
DA:1006,0
DA:1007,0
DA:1008,0
DA:1013,727
DA:1014,0
DA:1016,0
DA:1017,0
DA:1019,0
DA:1020,0
DA:1022,0
DA:1023,0
DA:1024,0
DA:1027,0
DA:1030,727
DA:1031,0
DA:1032,0
DA:1035,727
DA:1036,0
DA:1037,0
DA:1040,727
DA:1041,0
DA:1042,0
DA:1045,727
DA:1109,727
DA:1111,0
DA:1112,0
DA:1113,0
DA:1115,0
DA:1116,0
DA:1117,0
DA:1119,0
DA:1120,0
DA:1121,0
DA:1122,0
DA:1123,0
DA:1124,0
DA:1125,0
DA:1126,0
DA:1127,0
DA:1128,0
DA:1129,0
DA:1130,0
DA:1133,0
DA:1134,0
DA:1135,0
DA:1136,0
DA:1137,0
DA:1138,0
DA:1139,0
DA:1140,0
DA:1142,0
DA:1143,0
DA:1144,0
DA:1146,0
DA:1154,0
DA:1166,0
DA:1167,0
DA:1172,0
DA:1177,0
DA:1178,0
DA:1192,0
DA:1198,0
DA:1203,0
DA:1204,0
DA:1219,0
DA:1233,727
DA:1234,18
DA:1235,18
DA:1236,18
DA:1237,18
DA:1238,18
DA:1240,18
DA:1241,0
DA:1242,0
DA:1245,18
DA:1247,0
DA:1248,0
DA:1251,0
DA:1255,0
DA:1256,0
DA:1260,0
DA:1261,0
DA:1266,727
DA:1267,18
DA:1268,0
DA:1269,0
DA:1273,0
DA:1276,0
DA:1280,0
DA:1284,0
DA:1288,0
DA:1297,727
DA:1298,0
DA:1299,0
DA:1306,0
DA:1307,0
DA:1308,0
DA:1309,0
DA:1310,0
DA:1311,0
DA:1312,0
DA:1314,727
DA:1315,0
DA:1316,0
DA:1317,0
DA:1321,727
DA:1322,0
DA:1325,727
DA:1326,0
DA:1329,727
DA:1330,0
DA:1331,0
DA:1332,0
DA:1333,0
DA:1335,0
DA:1336,0
DA:1340,727
DA:1341,0
DA:1342,0
DA:1344,0
DA:1345,0
DA:1349,727
DA:1350,0
DA:1351,0
DA:1352,0
DA:1354,0
DA:1356,0
DA:1357,0
DA:1358,0
DA:1361,727
DA:1362,0
DA:1363,0
DA:1364,0
DA:1366,0
DA:1368,0
DA:1369,0
DA:1370,0
DA:1374,727
DA:1375,605
DA:1379,122
DA:1380,18
DA:1391,104
LF:533
LH:236
BRDA:74,0,0,52
BRDA:74,0,1,23
BRDA:80,1,0,277
BRDA:80,1,1,328
BRDA:81,2,0,605
BRDA:81,2,1,3
BRDA:82,3,0,605
BRDA:82,3,1,1
BRDA:83,4,0,277
BRDA:83,4,1,328
BRDA:85,5,0,605
BRDA:85,5,1,328
BRDA:86,6,0,605
BRDA:86,6,1,2
BRDA:88,7,0,605
BRDA:88,7,1,7
BRDA:90,8,0,605
BRDA:90,8,1,7
BRDA:91,9,0,605
BRDA:91,9,1,328
BRDA:92,10,0,605
BRDA:92,10,1,5
BRDA:93,11,0,277
BRDA:93,11,1,328
BRDA:96,12,0,277
BRDA:96,12,1,328
BRDA:135,13,0,96
BRDA:135,13,1,8
BRDA:168,14,0,102
BRDA:168,14,1,2
BRDA:233,15,0,18
BRDA:233,15,1,0
BRDA:237,16,0,0
BRDA:237,16,1,0
BRDA:268,17,0,0
BRDA:268,17,1,0
BRDA:279,18,0,18
BRDA:279,18,1,0
BRDA:284,19,0,0
BRDA:284,19,1,0
BRDA:308,20,0,0
BRDA:308,20,1,0
BRDA:326,21,0,0
BRDA:326,21,1,0
BRDA:348,22,0,13
BRDA:348,22,1,5
BRDA:349,23,0,0
BRDA:349,23,1,18
BRDA:350,24,0,5
BRDA:350,24,1,13
BRDA:351,25,0,0
BRDA:351,25,1,18
BRDA:353,26,0,18
BRDA:353,26,1,13
BRDA:388,27,0,18
BRDA:388,27,1,0
BRDA:393,28,0,0
BRDA:393,28,1,0
BRDA:394,29,0,0
BRDA:394,29,1,0
BRDA:395,30,0,0
BRDA:395,30,1,0
BRDA:396,31,0,0
BRDA:396,31,1,0
BRDA:406,32,0,18
BRDA:406,32,1,5
BRDA:463,33,0,18
BRDA:463,33,1,0
BRDA:479,34,0,0
BRDA:479,34,1,0
BRDA:512,35,0,0
BRDA:512,35,1,0
BRDA:513,36,0,0
BRDA:513,36,1,0
BRDA:514,37,0,0
BRDA:514,37,1,0
BRDA:565,38,0,52
BRDA:565,38,1,23
BRDA:571,39,0,52
BRDA:571,39,1,41
BRDA:572,40,0,52
BRDA:572,40,1,41
BRDA:580,41,0,0
BRDA:580,41,1,106
BRDA:580,42,0,106
BRDA:580,42,1,0
BRDA:582,43,0,0
BRDA:582,43,1,0
BRDA:585,44,0,54
BRDA:585,44,1,52
BRDA:590,45,0,13
BRDA:590,45,1,53
BRDA:604,46,0,52
BRDA:604,46,1,52
BRDA:610,47,0,52
BRDA:610,47,1,52
BRDA:618,48,0,104
BRDA:618,48,1,0
BRDA:631,49,0,0
BRDA:631,49,1,0
BRDA:634,50,0,0
BRDA:634,50,1,0
BRDA:637,51,0,0
BRDA:637,51,1,0
BRDA:640,52,0,0
BRDA:640,52,1,0
BRDA:654,53,0,0
BRDA:654,53,1,0
BRDA:654,54,0,0
BRDA:654,54,1,0
BRDA:662,55,0,0
BRDA:662,55,1,0
BRDA:664,56,0,0
BRDA:664,56,1,0
BRDA:666,57,0,0
BRDA:666,57,1,0
BRDA:668,58,0,0
BRDA:668,58,1,0
BRDA:686,59,0,0
BRDA:686,59,1,0
BRDA:705,60,0,10
BRDA:705,60,1,11
BRDA:706,61,0,2
BRDA:706,61,1,8
BRDA:711,62,0,5
BRDA:711,62,1,16
BRDA:713,63,0,2
BRDA:713,63,1,14
BRDA:717,64,0,6
BRDA:717,64,1,15
BRDA:719,65,0,1
BRDA:719,65,1,14
BRDA:719,66,0,15
BRDA:719,66,1,7
BRDA:723,67,0,10
BRDA:723,67,1,11
BRDA:724,68,0,3
BRDA:724,68,1,7
BRDA:726,69,0,2
BRDA:726,69,1,5
BRDA:742,70,0,0
BRDA:742,70,1,499
BRDA:758,71,0,7
BRDA:758,71,1,4
BRDA:770,72,0,1
BRDA:770,72,1,4
BRDA:772,73,0,1
BRDA:772,73,1,1
BRDA:772,73,2,1
BRDA:773,74,0,0
BRDA:773,74,1,1
BRDA:774,75,0,1
BRDA:774,75,1,0
BRDA:782,76,0,0
BRDA:782,76,1,4
BRDA:782,77,0,4
BRDA:782,77,1,4
BRDA:782,77,2,4
BRDA:801,78,0,1
BRDA:801,78,1,2
BRDA:801,79,0,3
BRDA:801,79,1,2
BRDA:803,80,0,0
BRDA:803,80,1,2
BRDA:806,81,0,2
BRDA:806,81,1,0
BRDA:819,82,0,3
BRDA:819,82,1,7
BRDA:831,83,0,0
BRDA:831,83,1,3
BRDA:833,84,0,0
BRDA:833,84,1,0
BRDA:833,84,2,0
BRDA:842,85,0,0
BRDA:842,85,1,0
BRDA:842,86,0,0
BRDA:842,86,1,0
BRDA:845,87,0,0
BRDA:845,87,1,0
BRDA:863,88,0,0
BRDA:863,88,1,0
BRDA:902,89,0,0
BRDA:902,89,1,0
BRDA:904,90,0,0
BRDA:904,90,1,0
BRDA:929,91,0,0
BRDA:929,91,1,0
BRDA:930,92,0,0
BRDA:930,92,1,0
BRDA:935,93,0,0
BRDA:935,93,1,0
BRDA:935,93,2,0
BRDA:935,93,3,0
BRDA:982,94,0,0
BRDA:982,94,1,0
BRDA:984,95,0,0
BRDA:984,95,1,0
BRDA:990,96,0,0
BRDA:990,96,1,0
BRDA:998,97,0,0
BRDA:998,97,1,0
BRDA:1014,98,0,0
BRDA:1014,98,1,0
BRDA:1115,99,0,0
BRDA:1115,99,1,0
BRDA:1119,100,0,0
BRDA:1119,100,1,0
BRDA:1122,101,0,0
BRDA:1122,101,1,0
BRDA:1125,102,0,0
BRDA:1125,102,1,0
BRDA:1128,103,0,0
BRDA:1128,103,1,0
BRDA:1137,104,0,0
BRDA:1137,104,1,0
BRDA:1138,105,0,0
BRDA:1138,105,1,0
BRDA:1139,106,0,0
BRDA:1139,106,1,0
BRDA:1140,107,0,0
BRDA:1140,107,1,0
BRDA:1155,108,0,0
BRDA:1155,108,1,0
BRDA:1173,109,0,0
BRDA:1173,109,1,0
BRDA:1197,110,0,0
BRDA:1197,110,1,0
BRDA:1200,111,0,0
BRDA:1200,111,1,0
BRDA:1200,112,0,0
BRDA:1200,112,1,0
BRDA:1248,113,0,0
BRDA:1248,113,1,0
BRDA:1248,113,2,0
BRDA:1256,114,0,0
BRDA:1256,114,1,0
BRDA:1261,115,0,0
BRDA:1261,115,1,0
BRDA:1267,116,0,18
BRDA:1267,116,1,0
BRDA:1272,117,0,0
BRDA:1272,117,1,0
BRDA:1287,118,0,0
BRDA:1287,118,1,0
BRDA:1298,119,0,0
BRDA:1298,119,1,0
BRDA:1298,120,0,0
BRDA:1298,120,1,0
BRDA:1298,120,2,0
BRDA:1333,121,0,0
BRDA:1333,121,1,0
BRDA:1342,122,0,0
BRDA:1342,122,1,0
BRDA:1351,123,0,0
BRDA:1351,123,1,0
BRDA:1351,124,0,0
BRDA:1351,124,1,0
BRDA:1363,125,0,0
BRDA:1363,125,1,0
BRDA:1363,126,0,0
BRDA:1363,126,1,0
BRDA:1374,127,0,605
BRDA:1374,127,1,122
BRDA:1379,128,0,18
BRDA:1379,128,1,104
BRF:265
BRH:109
end_of_record
TN:
SF:src\index.js
FNF:0
FNH:0
DA:7,0
DA:8,0
DA:17,0
LF:3
LH:0
BRF:0
BRH:0
end_of_record
TN:
SF:src\reportWebVitals.js
FN:1,(anonymous_0)
FN:3,(anonymous_1)
FNF:2
FNH:0
FNDA:0,(anonymous_0)
FNDA:0,(anonymous_1)
DA:1,0
DA:2,0
DA:3,0
DA:4,0
DA:5,0
DA:6,0
DA:7,0
DA:8,0
LF:8
LH:0
BRDA:2,0,0,0
BRDA:2,0,1,0
BRDA:2,1,0,0
BRDA:2,1,1,0
BRF:4
BRH:0
end_of_record
TN:
SF:src\components\GanttChartExample.jsx
FN:4,(anonymous_0)
FN:11,(anonymous_1)
FN:19,(anonymous_2)
FN:22,(anonymous_3)
FN:25,(anonymous_4)
FN:26,(anonymous_5)
FN:75,(anonymous_6)
FN:85,(anonymous_7)
FN:96,(anonymous_8)
FNF:9
FNH:0
FNDA:0,(anonymous_0)
FNDA:0,(anonymous_1)
FNDA:0,(anonymous_2)
FNDA:0,(anonymous_3)
FNDA:0,(anonymous_4)
FNDA:0,(anonymous_5)
FNDA:0,(anonymous_6)
FNDA:0,(anonymous_7)
FNDA:0,(anonymous_8)
DA:4,4
DA:5,0
DA:8,0
DA:11,4
DA:12,0
DA:15,0
DA:19,4
DA:21,0
DA:22,0
DA:23,0
DA:24,0
DA:25,0
DA:26,0
DA:28,0
DA:29,0
DA:31,0
DA:32,0
DA:33,0
DA:34,0
DA:35,0
DA:36,0
DA:37,0
DA:38,0
DA:39,0
DA:40,0
DA:41,0
DA:42,0
DA:44,0
DA:45,0
DA:46,0
DA:47,0
DA:48,0
DA:49,0
DA:50,0
DA:51,0
DA:53,0
DA:56,0
DA:57,0
DA:58,0
DA:59,0
DA:61,0
DA:72,0
DA:76,0
DA:86,0
DA:97,0
LF:45
LH:3
BRDA:19,0,0,0
BRDA:19,1,0,0
BRDA:19,2,0,0
BRDA:23,3,0,0
BRDA:23,3,1,0
BRDA:23,4,0,0
BRDA:23,4,1,0
BRDA:31,5,0,0
BRDA:31,5,1,0
BRDA:34,6,0,0
BRDA:34,6,1,0
BRDA:37,7,0,0
BRDA:37,7,1,0
BRDA:40,8,0,0
BRDA:40,8,1,0
BRDA:48,9,0,0
BRDA:48,9,1,0
BRDA:49,10,0,0
BRDA:49,10,1,0
BRDA:50,11,0,0
BRDA:50,11,1,0
BRDA:51,12,0,0
BRDA:51,12,1,0
BRDA:56,13,0,0
BRDA:56,13,1,0
BRDA:77,14,0,0
BRDA:77,14,1,0
BRF:27
BRH:0
end_of_record
