TN:
SF:src\App.js
FN:8,(anonymous_0)
FN:10,(anonymous_1)
FN:74,(anonymous_2)
FN:77,(anonymous_3)
FN:118,(anonymous_4)
FN:124,(anonymous_5)
FN:129,(anonymous_6)
FN:129,(anonymous_7)
FN:131,(anonymous_8)
FN:139,(anonymous_9)
FN:140,(anonymous_10)
FN:141,(anonymous_11)
FN:150,(anonymous_12)
FN:159,(anonymous_13)
FN:163,(anonymous_14)
FN:167,(anonymous_15)
FN:171,(anonymous_16)
FN:175,(anonymous_17)
FN:183,(anonymous_18)
FN:197,(anonymous_19)
FN:207,(anonymous_20)
FN:218,(anonymous_21)
FN:229,(anonymous_22)
FN:244,(anonymous_23)
FN:256,(anonymous_24)
FN:265,(anonymous_25)
FN:265,(anonymous_26)
FN:269,(anonymous_27)
FN:269,(anonymous_28)
FN:273,(anonymous_29)
FN:273,(anonymous_30)
FN:281,(anonymous_31)
FN:281,(anonymous_32)
FN:285,(anonymous_33)
FN:285,(anonymous_34)
FN:289,(anonymous_35)
FN:289,(anonymous_36)
FN:293,(anonymous_37)
FN:302,(anonymous_38)
FN:304,(anonymous_39)
FN:312,(anonymous_40)
FN:312,(anonymous_41)
FN:316,(anonymous_42)
FN:316,(anonymous_43)
FN:320,(anonymous_44)
FN:320,(anonymous_45)
FN:324,(anonymous_46)
FN:324,(anonymous_47)
FN:328,(anonymous_48)
FN:328,(anonymous_49)
FN:332,(anonymous_50)
FN:332,(anonymous_51)
FN:334,(anonymous_52)
FN:339,(anonymous_53)
FN:339,(anonymous_54)
FN:347,(anonymous_55)
FN:347,(anonymous_56)
FN:351,(anonymous_57)
FN:359,(anonymous_58)
FN:361,(anonymous_59)
FN:362,(anonymous_60)
FN:362,(anonymous_61)
FN:363,(anonymous_62)
FN:369,(anonymous_63)
FN:372,(anonymous_64)
FN:373,(anonymous_65)
FN:374,(anonymous_66)
FN:375,(anonymous_67)
FN:417,(anonymous_68)
FN:418,(anonymous_69)
FN:419,(anonymous_70)
FN:420,(anonymous_71)
FN:424,(anonymous_72)
FN:425,(anonymous_73)
FN:434,(anonymous_74)
FN:437,(anonymous_75)
FN:437,(anonymous_76)
FN:442,(anonymous_77)
FN:454,(anonymous_78)
FN:459,(anonymous_79)
FN:460,(anonymous_80)
FN:461,(anonymous_81)
FN:464,(anonymous_82)
FN:466,(anonymous_83)
FN:466,(anonymous_84)
FN:477,(anonymous_85)
FN:494,(anonymous_86)
FN:496,(anonymous_87)
FN:502,(anonymous_88)
FN:504,(anonymous_89)
FN:508,(anonymous_90)
FN:511,(anonymous_91)
FN:511,(anonymous_92)
FN:524,(anonymous_93)
FN:525,(anonymous_94)
FN:528,(anonymous_95)
FN:543,(anonymous_96)
FN:579,(anonymous_97)
FN:587,(anonymous_98)
FN:593,(anonymous_99)
FN:601,(anonymous_100)
FN:605,(anonymous_101)
FN:613,(anonymous_102)
FN:622,(anonymous_103)
FN:626,(anonymous_104)
FN:633,(anonymous_105)
FN:641,(anonymous_106)
FN:645,(anonymous_107)
FN:646,(anonymous_108)
FN:647,(anonymous_109)
FN:648,(anonymous_110)
FN:673,(anonymous_111)
FN:677,(anonymous_112)
FN:700,(anonymous_113)
FN:704,(anonymous_114)
FN:708,(anonymous_115)
FN:715,(anonymous_116)
FN:726,(anonymous_117)
FN:759,(anonymous_118)
FN:761,(anonymous_119)
FN:767,(anonymous_120)
FN:777,(anonymous_121)
FN:795,(anonymous_122)
FN:838,(anonymous_123)
FN:856,(anonymous_124)
FN:876,(anonymous_125)
FN:886,(anonymous_126)
FN:909,(anonymous_127)
FN:910,(anonymous_128)
FN:915,(anonymous_129)
FN:925,(anonymous_130)
FN:927,(anonymous_131)
FN:948,(anonymous_132)
FN:958,(anonymous_133)
FN:967,(anonymous_134)
FN:975,(anonymous_135)
FN:989,(anonymous_136)
FN:1005,(anonymous_137)
FN:1007,(anonymous_138)
FN:1013,(anonymous_139)
FN:1021,(anonymous_140)
FN:1023,(anonymous_141)
FN:1024,(anonymous_142)
FN:1030,(anonymous_143)
FN:1037,(anonymous_144)
FN:1040,(anonymous_145)
FN:1041,(anonymous_146)
FN:1054,(anonymous_147)
FN:1059,(anonymous_148)
FN:1064,(anonymous_149)
FN:1133,(anonymous_150)
FN:1136,(anonymous_151)
FN:1137,(anonymous_152)
FN:1177,(anonymous_153)
FN:1189,(anonymous_154)
FN:1190,(anonymous_155)
FN:1196,(anonymous_156)
FN:1201,(anonymous_157)
FN:1202,(anonymous_158)
FN:1216,(anonymous_159)
FN:1221,(anonymous_160)
FN:1227,(anonymous_161)
FN:1228,(anonymous_162)
FN:1243,(anonymous_163)
FN:1257,(anonymous_164)
FN:1265,(anonymous_165)
FN:1266,(anonymous_166)
FN:1270,(anonymous_167)
FN:1275,(anonymous_168)
FN:1277,(anonymous_169)
FN:1283,(anonymous_170)
FN:1290,(anonymous_171)
FN:1297,(anonymous_172)
FN:1300,(anonymous_173)
FN:1304,(anonymous_174)
FN:1308,(anonymous_175)
FN:1312,(anonymous_176)
FN:1321,(anonymous_177)
FN:1338,(anonymous_178)
FN:1339,(anonymous_179)
FN:1345,(anonymous_180)
FN:1349,(anonymous_181)
FN:1353,(anonymous_182)
FN:1356,(anonymous_183)
FN:1364,(anonymous_184)
FN:1365,(anonymous_185)
FN:1373,(anonymous_186)
FN:1385,(anonymous_187)
FNF:188
FNH:45
FNDA:277,(anonymous_0)
FNDA:54,(anonymous_1)
FNDA:54,(anonymous_2)
FNDA:103,(anonymous_3)
FNDA:156,(anonymous_4)
FNDA:8,(anonymous_5)
FNDA:202,(anonymous_6)
FNDA:202,(anonymous_7)
FNDA:0,(anonymous_8)
FNDA:13,(anonymous_9)
FNDA:2,(anonymous_10)
FNDA:2,(anonymous_11)
FNDA:156,(anonymous_12)
FNDA:19,(anonymous_13)
FNDA:30,(anonymous_14)
FNDA:1,(anonymous_15)
FNDA:1,(anonymous_16)
FNDA:1,(anonymous_17)
FNDA:156,(anonymous_18)
FNDA:0,(anonymous_19)
FNDA:0,(anonymous_20)
FNDA:0,(anonymous_21)
FNDA:0,(anonymous_22)
FNDA:0,(anonymous_23)
FNDA:18,(anonymous_24)
FNDA:0,(anonymous_25)
FNDA:0,(anonymous_26)
FNDA:0,(anonymous_27)
FNDA:0,(anonymous_28)
FNDA:0,(anonymous_29)
FNDA:0,(anonymous_30)
FNDA:0,(anonymous_31)
FNDA:0,(anonymous_32)
FNDA:0,(anonymous_33)
FNDA:0,(anonymous_34)
FNDA:0,(anonymous_35)
FNDA:0,(anonymous_36)
FNDA:0,(anonymous_37)
FNDA:18,(anonymous_38)
FNDA:0,(anonymous_39)
FNDA:0,(anonymous_40)
FNDA:0,(anonymous_41)
FNDA:0,(anonymous_42)
FNDA:0,(anonymous_43)
FNDA:0,(anonymous_44)
FNDA:0,(anonymous_45)
FNDA:0,(anonymous_46)
FNDA:0,(anonymous_47)
FNDA:0,(anonymous_48)
FNDA:0,(anonymous_49)
FNDA:0,(anonymous_50)
FNDA:0,(anonymous_51)
FNDA:0,(anonymous_52)
FNDA:0,(anonymous_53)
FNDA:0,(anonymous_54)
FNDA:0,(anonymous_55)
FNDA:0,(anonymous_56)
FNDA:0,(anonymous_57)
FNDA:18,(anonymous_58)
FNDA:0,(anonymous_59)
FNDA:0,(anonymous_60)
FNDA:0,(anonymous_61)
FNDA:0,(anonymous_62)
FNDA:1,(anonymous_63)
FNDA:0,(anonymous_64)
FNDA:0,(anonymous_65)
FNDA:5,(anonymous_66)
FNDA:0,(anonymous_67)
FNDA:0,(anonymous_68)
FNDA:0,(anonymous_69)
FNDA:0,(anonymous_70)
FNDA:0,(anonymous_71)
FNDA:0,(anonymous_72)
FNDA:0,(anonymous_73)
FNDA:0,(anonymous_74)
FNDA:0,(anonymous_75)
FNDA:0,(anonymous_76)
FNDA:0,(anonymous_77)
FNDA:0,(anonymous_78)
FNDA:0,(anonymous_79)
FNDA:0,(anonymous_80)
FNDA:0,(anonymous_81)
FNDA:0,(anonymous_82)
FNDA:0,(anonymous_83)
FNDA:0,(anonymous_84)
FNDA:0,(anonymous_85)
FNDA:0,(anonymous_86)
FNDA:0,(anonymous_87)
FNDA:0,(anonymous_88)
FNDA:0,(anonymous_89)
FNDA:0,(anonymous_90)
FNDA:0,(anonymous_91)
FNDA:0,(anonymous_92)
FNDA:0,(anonymous_93)
FNDA:0,(anonymous_94)
FNDA:0,(anonymous_95)
FNDA:0,(anonymous_96)
FNDA:0,(anonymous_97)
FNDA:54,(anonymous_98)
FNDA:54,(anonymous_99)
FNDA:111,(anonymous_100)
FNDA:0,(anonymous_101)
FNDA:68,(anonymous_102)
FNDA:59,(anonymous_103)
FNDA:54,(anonymous_104)
FNDA:108,(anonymous_105)
FNDA:108,(anonymous_106)
FNDA:0,(anonymous_107)
FNDA:0,(anonymous_108)
FNDA:0,(anonymous_109)
FNDA:0,(anonymous_110)
FNDA:108,(anonymous_111)
FNDA:0,(anonymous_112)
FNDA:0,(anonymous_113)
FNDA:0,(anonymous_114)
FNDA:0,(anonymous_115)
FNDA:0,(anonymous_116)
FNDA:6,(anonymous_117)
FNDA:10,(anonymous_118)
FNDA:10,(anonymous_119)
FNDA:0,(anonymous_120)
FNDA:3,(anonymous_121)
FNDA:0,(anonymous_122)
FNDA:3,(anonymous_123)
FNDA:0,(anonymous_124)
FNDA:1,(anonymous_125)
FNDA:2,(anonymous_126)
FNDA:2,(anonymous_127)
FNDA:4,(anonymous_128)
FNDA:2,(anonymous_129)
FNDA:0,(anonymous_130)
FNDA:0,(anonymous_131)
FNDA:0,(anonymous_132)
FNDA:0,(anonymous_133)
FNDA:11,(anonymous_134)
FNDA:0,(anonymous_135)
FNDA:0,(anonymous_136)
FNDA:0,(anonymous_137)
FNDA:0,(anonymous_138)
FNDA:0,(anonymous_139)
FNDA:0,(anonymous_140)
FNDA:0,(anonymous_141)
FNDA:0,(anonymous_142)
FNDA:0,(anonymous_143)
FNDA:0,(anonymous_144)
FNDA:0,(anonymous_145)
FNDA:0,(anonymous_146)
FNDA:0,(anonymous_147)
FNDA:0,(anonymous_148)
FNDA:0,(anonymous_149)
FNDA:0,(anonymous_150)
FNDA:0,(anonymous_151)
FNDA:0,(anonymous_152)
FNDA:0,(anonymous_153)
FNDA:0,(anonymous_154)
FNDA:0,(anonymous_155)
FNDA:0,(anonymous_156)
FNDA:0,(anonymous_157)
FNDA:0,(anonymous_158)
FNDA:0,(anonymous_159)
FNDA:0,(anonymous_160)
FNDA:0,(anonymous_161)
FNDA:0,(anonymous_162)
FNDA:0,(anonymous_163)
FNDA:18,(anonymous_164)
FNDA:0,(anonymous_165)
FNDA:0,(anonymous_166)
FNDA:0,(anonymous_167)
FNDA:0,(anonymous_168)
FNDA:0,(anonymous_169)
FNDA:0,(anonymous_170)
FNDA:18,(anonymous_171)
FNDA:0,(anonymous_172)
FNDA:0,(anonymous_173)
FNDA:0,(anonymous_174)
FNDA:0,(anonymous_175)
FNDA:0,(anonymous_176)
FNDA:0,(anonymous_177)
FNDA:0,(anonymous_178)
FNDA:0,(anonymous_179)
FNDA:0,(anonymous_180)
FNDA:0,(anonymous_181)
FNDA:0,(anonymous_182)
FNDA:0,(anonymous_183)
FNDA:0,(anonymous_184)
FNDA:0,(anonymous_185)
FNDA:0,(anonymous_186)
FNDA:0,(anonymous_187)
DA:6,5
DA:8,5
DA:9,277
DA:10,277
DA:12,54
DA:13,54
DA:15,277
DA:28,277
DA:29,277
DA:30,277
DA:31,277
DA:32,277
DA:33,277
DA:34,277
DA:35,277
DA:36,277
DA:37,277
DA:38,277
DA:39,277
DA:40,277
DA:41,277
DA:42,277
DA:43,277
DA:44,277
DA:45,277
DA:46,277
DA:47,277
DA:48,277
DA:58,277
DA:59,277
DA:60,277
DA:61,277
DA:62,277
DA:63,277
DA:64,277
DA:65,277
DA:66,277
DA:67,277
DA:68,277
DA:69,277
DA:71,277
DA:73,277
DA:74,277
DA:77,277
DA:78,103
DA:118,277
DA:119,156
DA:124,8
DA:129,202
DA:130,202
DA:131,0
DA:139,13
DA:140,2
DA:141,2
DA:150,277
DA:151,156
DA:152,59
DA:159,19
DA:163,30
DA:167,1
DA:171,1
DA:175,1
DA:183,277
DA:184,156
DA:185,2
DA:197,0
DA:207,0
DA:218,0
DA:229,0
DA:244,0
DA:256,277
DA:257,18
DA:258,0
DA:265,0
DA:269,0
DA:273,0
DA:281,0
DA:285,0
DA:289,0
DA:293,0
DA:302,277
DA:303,18
DA:304,0
DA:305,0
DA:312,0
DA:316,0
DA:320,0
DA:324,0
DA:328,0
DA:332,0
DA:334,0
DA:339,0
DA:347,0
DA:351,0
DA:359,277
DA:361,18
DA:362,18
DA:363,18
DA:364,18
DA:365,18
DA:369,1
DA:372,0
DA:373,0
DA:374,5
DA:375,0
DA:417,0
DA:418,0
DA:419,0
DA:420,0
DA:424,0
DA:425,0
DA:434,0
DA:437,0
DA:438,0
DA:442,0
DA:455,0
DA:459,0
DA:460,0
DA:461,0
DA:464,0
DA:466,0
DA:467,0
DA:477,0
DA:494,0
DA:497,0
DA:503,0
DA:504,0
DA:506,0
DA:509,0
DA:511,0
DA:512,0
DA:524,277
DA:525,0
DA:528,277
DA:529,0
DA:530,0
DA:540,0
DA:543,277
DA:544,0
DA:545,0
DA:555,0
DA:559,277
DA:566,277
DA:572,277
DA:579,277
DA:580,0
DA:581,0
DA:582,0
DA:583,0
DA:584,0
DA:587,277
DA:589,54
DA:590,54
DA:593,277
DA:595,54
DA:596,54
DA:597,54
DA:598,54
DA:601,277
DA:603,111
DA:604,111
DA:605,0
DA:606,0
DA:608,111
DA:609,111
DA:613,277
DA:614,68
DA:615,13
DA:617,55
DA:622,277
DA:623,59
DA:626,277
DA:628,54
DA:629,54
DA:633,277
DA:634,108
DA:635,54
DA:636,54
DA:638,54
DA:641,277
DA:642,108
DA:644,0
DA:645,0
DA:646,0
DA:647,0
DA:648,0
DA:651,0
DA:652,0
DA:655,0
DA:656,0
DA:657,0
DA:658,0
DA:659,0
DA:660,0
DA:661,0
DA:662,0
DA:663,0
DA:664,0
DA:665,0
DA:666,0
DA:669,0
DA:670,0
DA:673,277
DA:674,108
DA:677,277
DA:678,0
DA:680,0
DA:681,0
DA:683,0
DA:684,0
DA:686,0
DA:687,0
DA:688,0
DA:689,0
DA:690,0
DA:691,0
DA:692,0
DA:693,0
DA:697,0
DA:700,277
DA:701,0
DA:704,277
DA:705,0
DA:708,277
DA:709,0
DA:710,0
DA:711,0
DA:715,277
DA:716,0
DA:723,0
DA:726,277
DA:727,6
DA:729,6
DA:730,3
DA:731,2
DA:735,6
DA:736,5
DA:737,1
DA:738,0
DA:741,6
DA:742,6
DA:743,0
DA:744,0
DA:747,6
DA:748,3
DA:749,3
DA:750,0
DA:751,0
DA:755,6
DA:756,6
DA:759,277
DA:760,10
DA:761,10
DA:766,10
DA:767,0
DA:768,0
DA:769,0
DA:770,0
DA:773,10
DA:777,277
DA:778,3
DA:779,3
DA:780,3
DA:782,3
DA:783,0
DA:784,0
DA:794,0
DA:795,0
DA:796,0
DA:800,0
DA:803,0
DA:806,0
DA:807,0
DA:810,0
DA:811,0
DA:812,0
DA:813,0
DA:814,0
DA:815,0
DA:817,0
DA:818,0
DA:825,0
DA:826,0
DA:827,0
DA:828,0
DA:830,0
DA:838,277
DA:839,3
DA:840,3
DA:841,3
DA:843,3
DA:844,0
DA:845,0
DA:855,0
DA:856,0
DA:857,0
DA:858,0
DA:861,0
DA:862,0
DA:863,0
DA:865,0
DA:866,0
DA:867,0
DA:869,0
DA:876,277
DA:877,1
DA:879,1
DA:881,1
DA:882,1
DA:883,1
DA:886,277
DA:887,2
DA:888,1
DA:898,1
DA:899,1
DA:900,1
DA:901,1
DA:902,1
DA:903,1
DA:904,1
DA:905,1
DA:909,277
DA:910,4
DA:911,2
DA:912,2
DA:915,277
DA:916,2
DA:917,2
DA:918,2
DA:919,2
DA:920,2
DA:921,2
DA:922,2
DA:925,277
DA:926,0
DA:927,0
DA:928,0
DA:929,0
DA:938,0
DA:940,0
DA:941,0
DA:942,0
DA:943,0
DA:944,0
DA:948,277
DA:949,0
DA:950,0
DA:951,0
DA:953,0
DA:954,0
DA:955,0
DA:958,277
DA:959,0
DA:960,0
DA:961,0
DA:962,0
DA:963,0
DA:967,277
DA:968,11
DA:969,11
DA:970,11
DA:971,11
DA:972,11
DA:975,277
DA:976,0
DA:984,0
DA:985,0
DA:986,0
DA:989,277
DA:990,0
DA:1000,0
DA:1001,0
DA:1002,0
DA:1005,277
DA:1006,0
DA:1007,0
DA:1008,0
DA:1010,0
DA:1011,0
DA:1013,0
DA:1014,0
DA:1016,0
DA:1017,0
DA:1021,277
DA:1022,0
DA:1023,0
DA:1024,0
DA:1025,0
DA:1026,0
DA:1027,0
DA:1028,0
DA:1030,0
DA:1031,0
DA:1032,0
DA:1037,277
DA:1038,0
DA:1040,0
DA:1041,0
DA:1043,0
DA:1044,0
DA:1046,0
DA:1047,0
DA:1048,0
DA:1051,0
DA:1054,277
DA:1055,0
DA:1056,0
DA:1059,277
DA:1060,0
DA:1061,0
DA:1064,277
DA:1065,0
DA:1066,0
DA:1069,277
DA:1133,277
DA:1135,0
DA:1136,0
DA:1137,0
DA:1139,0
DA:1140,0
DA:1141,0
DA:1143,0
DA:1144,0
DA:1145,0
DA:1146,0
DA:1147,0
DA:1148,0
DA:1149,0
DA:1150,0
DA:1151,0
DA:1152,0
DA:1153,0
DA:1154,0
DA:1157,0
DA:1158,0
DA:1159,0
DA:1160,0
DA:1161,0
DA:1162,0
DA:1163,0
DA:1164,0
DA:1166,0
DA:1167,0
DA:1168,0
DA:1170,0
DA:1178,0
DA:1190,0
DA:1191,0
DA:1196,0
DA:1201,0
DA:1202,0
DA:1216,0
DA:1222,0
DA:1227,0
DA:1228,0
DA:1243,0
DA:1257,277
DA:1258,18
DA:1259,18
DA:1260,18
DA:1261,18
DA:1262,18
DA:1264,18
DA:1265,0
DA:1266,0
DA:1269,18
DA:1271,0
DA:1272,0
DA:1275,0
DA:1279,0
DA:1280,0
DA:1284,0
DA:1285,0
DA:1290,277
DA:1291,18
DA:1292,0
DA:1293,0
DA:1297,0
DA:1300,0
DA:1304,0
DA:1308,0
DA:1312,0
DA:1321,277
DA:1322,0
DA:1323,0
DA:1330,0
DA:1331,0
DA:1332,0
DA:1333,0
DA:1334,0
DA:1335,0
DA:1336,0
DA:1338,277
DA:1339,0
DA:1340,0
DA:1341,0
DA:1345,277
DA:1346,0
DA:1349,277
DA:1350,0
DA:1353,277
DA:1354,0
DA:1355,0
DA:1356,0
DA:1357,0
DA:1359,0
DA:1360,0
DA:1364,277
DA:1365,0
DA:1366,0
DA:1368,0
DA:1369,0
DA:1373,277
DA:1374,0
DA:1375,0
DA:1376,0
DA:1378,0
DA:1380,0
DA:1381,0
DA:1382,0
DA:1385,277
DA:1386,0
DA:1387,0
DA:1388,0
DA:1390,0
DA:1392,0
DA:1393,0
DA:1394,0
DA:1398,277
DA:1399,103
DA:1403,174
DA:1404,18
DA:1415,156
LF:533
LH:220
BRDA:74,0,0,54
BRDA:74,0,1,25
BRDA:80,1,0,80
BRDA:80,1,1,23
BRDA:81,2,0,103
BRDA:81,2,1,0
BRDA:82,3,0,103
BRDA:82,3,1,0
BRDA:83,4,0,80
BRDA:83,4,1,23
BRDA:85,5,0,103
BRDA:85,5,1,23
BRDA:89,6,0,23
BRDA:89,6,1,2
BRDA:95,7,0,103
BRDA:95,7,1,5
BRDA:100,8,0,103
BRDA:100,8,1,6
BRDA:102,9,0,103
BRDA:102,9,1,23
BRDA:106,10,0,23
BRDA:106,10,1,3
BRDA:109,11,0,80
BRDA:109,11,1,23
BRDA:112,12,0,80
BRDA:112,12,1,23
BRDA:151,13,0,97
BRDA:151,13,1,59
BRDA:184,14,0,154
BRDA:184,14,1,2
BRDA:257,15,0,18
BRDA:257,15,1,0
BRDA:261,16,0,0
BRDA:261,16,1,0
BRDA:292,17,0,0
BRDA:292,17,1,0
BRDA:303,18,0,18
BRDA:303,18,1,0
BRDA:308,19,0,0
BRDA:308,19,1,0
BRDA:332,20,0,0
BRDA:332,20,1,0
BRDA:350,21,0,0
BRDA:350,21,1,0
BRDA:372,22,0,13
BRDA:372,22,1,5
BRDA:373,23,0,0
BRDA:373,23,1,18
BRDA:374,24,0,5
BRDA:374,24,1,13
BRDA:375,25,0,0
BRDA:375,25,1,18
BRDA:377,26,0,18
BRDA:377,26,1,13
BRDA:412,27,0,18
BRDA:412,27,1,0
BRDA:417,28,0,0
BRDA:417,28,1,0
BRDA:418,29,0,0
BRDA:418,29,1,0
BRDA:419,30,0,0
BRDA:419,30,1,0
BRDA:420,31,0,0
BRDA:420,31,1,0
BRDA:430,32,0,18
BRDA:430,32,1,5
BRDA:487,33,0,18
BRDA:487,33,1,0
BRDA:503,34,0,0
BRDA:503,34,1,0
BRDA:536,35,0,0
BRDA:536,35,1,0
BRDA:537,36,0,0
BRDA:537,36,1,0
BRDA:538,37,0,0
BRDA:538,37,1,0
BRDA:589,38,0,54
BRDA:589,38,1,25
BRDA:595,39,0,54
BRDA:595,39,1,43
BRDA:596,40,0,54
BRDA:596,40,1,43
BRDA:604,41,0,0
BRDA:604,41,1,111
BRDA:604,42,0,111
BRDA:604,42,1,0
BRDA:606,43,0,0
BRDA:606,43,1,0
BRDA:609,44,0,57
BRDA:609,44,1,54
BRDA:614,45,0,13
BRDA:614,45,1,55
BRDA:628,46,0,54
BRDA:628,46,1,54
BRDA:634,47,0,54
BRDA:634,47,1,54
BRDA:642,48,0,108
BRDA:642,48,1,0
BRDA:655,49,0,0
BRDA:655,49,1,0
BRDA:658,50,0,0
BRDA:658,50,1,0
BRDA:661,51,0,0
BRDA:661,51,1,0
BRDA:664,52,0,0
BRDA:664,52,1,0
BRDA:678,53,0,0
BRDA:678,53,1,0
BRDA:678,54,0,0
BRDA:678,54,1,0
BRDA:686,55,0,0
BRDA:686,55,1,0
BRDA:688,56,0,0
BRDA:688,56,1,0
BRDA:690,57,0,0
BRDA:690,57,1,0
BRDA:692,58,0,0
BRDA:692,58,1,0
BRDA:710,59,0,0
BRDA:710,59,1,0
BRDA:729,60,0,3
BRDA:729,60,1,3
BRDA:730,61,0,2
BRDA:730,61,1,1
BRDA:735,62,0,5
BRDA:735,62,1,1
BRDA:737,63,0,0
BRDA:737,63,1,1
BRDA:741,64,0,6
BRDA:741,64,1,0
BRDA:743,65,0,0
BRDA:743,65,1,0
BRDA:743,66,0,0
BRDA:743,66,1,0
BRDA:747,67,0,3
BRDA:747,67,1,3
BRDA:748,68,0,3
BRDA:748,68,1,0
BRDA:750,69,0,0
BRDA:750,69,1,0
BRDA:766,70,0,0
BRDA:766,70,1,10
BRDA:782,71,0,0
BRDA:782,71,1,3
BRDA:794,72,0,0
BRDA:794,72,1,0
BRDA:796,73,0,0
BRDA:796,73,1,0
BRDA:796,73,2,0
BRDA:797,74,0,0
BRDA:797,74,1,0
BRDA:798,75,0,0
BRDA:798,75,1,0
BRDA:806,76,0,0
BRDA:806,76,1,0
BRDA:806,77,0,0
BRDA:806,77,1,0
BRDA:806,77,2,0
BRDA:825,78,0,0
BRDA:825,78,1,0
BRDA:825,79,0,0
BRDA:825,79,1,0
BRDA:827,80,0,0
BRDA:827,80,1,0
BRDA:830,81,0,0
BRDA:830,81,1,0
BRDA:843,82,0,0
BRDA:843,82,1,3
BRDA:855,83,0,0
BRDA:855,83,1,0
BRDA:857,84,0,0
BRDA:857,84,1,0
BRDA:857,84,2,0
BRDA:866,85,0,0
BRDA:866,85,1,0
BRDA:866,86,0,0
BRDA:866,86,1,0
BRDA:869,87,0,0
BRDA:869,87,1,0
BRDA:887,88,0,1
BRDA:887,88,1,1
BRDA:926,89,0,0
BRDA:926,89,1,0
BRDA:928,90,0,0
BRDA:928,90,1,0
BRDA:953,91,0,0
BRDA:953,91,1,0
BRDA:954,92,0,0
BRDA:954,92,1,0
BRDA:959,93,0,0
BRDA:959,93,1,0
BRDA:959,93,2,0
BRDA:959,93,3,0
BRDA:1006,94,0,0
BRDA:1006,94,1,0
BRDA:1008,95,0,0
BRDA:1008,95,1,0
BRDA:1014,96,0,0
BRDA:1014,96,1,0
BRDA:1022,97,0,0
BRDA:1022,97,1,0
BRDA:1038,98,0,0
BRDA:1038,98,1,0
BRDA:1139,99,0,0
BRDA:1139,99,1,0
BRDA:1143,100,0,0
BRDA:1143,100,1,0
BRDA:1146,101,0,0
BRDA:1146,101,1,0
BRDA:1149,102,0,0
BRDA:1149,102,1,0
BRDA:1152,103,0,0
BRDA:1152,103,1,0
BRDA:1161,104,0,0
BRDA:1161,104,1,0
BRDA:1162,105,0,0
BRDA:1162,105,1,0
BRDA:1163,106,0,0
BRDA:1163,106,1,0
BRDA:1164,107,0,0
BRDA:1164,107,1,0
BRDA:1179,108,0,0
BRDA:1179,108,1,0
BRDA:1197,109,0,0
BRDA:1197,109,1,0
BRDA:1221,110,0,0
BRDA:1221,110,1,0
BRDA:1224,111,0,0
BRDA:1224,111,1,0
BRDA:1224,112,0,0
BRDA:1224,112,1,0
BRDA:1272,113,0,0
BRDA:1272,113,1,0
BRDA:1272,113,2,0
BRDA:1280,114,0,0
BRDA:1280,114,1,0
BRDA:1285,115,0,0
BRDA:1285,115,1,0
BRDA:1291,116,0,18
BRDA:1291,116,1,0
BRDA:1296,117,0,0
BRDA:1296,117,1,0
BRDA:1311,118,0,0
BRDA:1311,118,1,0
BRDA:1322,119,0,0
BRDA:1322,119,1,0
BRDA:1322,120,0,0
BRDA:1322,120,1,0
BRDA:1322,120,2,0
BRDA:1357,121,0,0
BRDA:1357,121,1,0
BRDA:1366,122,0,0
BRDA:1366,122,1,0
BRDA:1375,123,0,0
BRDA:1375,123,1,0
BRDA:1375,124,0,0
BRDA:1375,124,1,0
BRDA:1387,125,0,0
BRDA:1387,125,1,0
BRDA:1387,126,0,0
BRDA:1387,126,1,0
BRDA:1398,127,0,103
BRDA:1398,127,1,174
BRDA:1403,128,0,18
BRDA:1403,128,1,156
BRF:265
BRH:80
end_of_record
TN:
SF:src\index.js
FNF:0
FNH:0
DA:7,0
DA:8,0
DA:17,0
LF:3
LH:0
BRF:0
BRH:0
end_of_record
TN:
SF:src\reportWebVitals.js
FN:1,(anonymous_0)
FN:3,(anonymous_1)
FNF:2
FNH:0
FNDA:0,(anonymous_0)
FNDA:0,(anonymous_1)
DA:1,0
DA:2,0
DA:3,0
DA:4,0
DA:5,0
DA:6,0
DA:7,0
DA:8,0
LF:8
LH:0
BRDA:2,0,0,0
BRDA:2,0,1,0
BRDA:2,1,0,0
BRDA:2,1,1,0
BRF:4
BRH:0
end_of_record
TN:
SF:src\components\GanttChartExample.jsx
FN:4,(anonymous_0)
FN:11,(anonymous_1)
FN:19,(anonymous_2)
FN:22,(anonymous_3)
FN:25,(anonymous_4)
FN:26,(anonymous_5)
FN:75,(anonymous_6)
FN:85,(anonymous_7)
FN:96,(anonymous_8)
FNF:9
FNH:0
FNDA:0,(anonymous_0)
FNDA:0,(anonymous_1)
FNDA:0,(anonymous_2)
FNDA:0,(anonymous_3)
FNDA:0,(anonymous_4)
FNDA:0,(anonymous_5)
FNDA:0,(anonymous_6)
FNDA:0,(anonymous_7)
FNDA:0,(anonymous_8)
DA:4,5
DA:5,0
DA:8,0
DA:11,5
DA:12,0
DA:15,0
DA:19,5
DA:21,0
DA:22,0
DA:23,0
DA:24,0
DA:25,0
DA:26,0
DA:28,0
DA:29,0
DA:31,0
DA:32,0
DA:33,0
DA:34,0
DA:35,0
DA:36,0
DA:37,0
DA:38,0
DA:39,0
DA:40,0
DA:41,0
DA:42,0
DA:44,0
DA:45,0
DA:46,0
DA:47,0
DA:48,0
DA:49,0
DA:50,0
DA:51,0
DA:53,0
DA:56,0
DA:57,0
DA:58,0
DA:59,0
DA:61,0
DA:72,0
DA:76,0
DA:86,0
DA:97,0
LF:45
LH:3
BRDA:19,0,0,0
BRDA:19,1,0,0
BRDA:19,2,0,0
BRDA:23,3,0,0
BRDA:23,3,1,0
BRDA:23,4,0,0
BRDA:23,4,1,0
BRDA:31,5,0,0
BRDA:31,5,1,0
BRDA:34,6,0,0
BRDA:34,6,1,0
BRDA:37,7,0,0
BRDA:37,7,1,0
BRDA:40,8,0,0
BRDA:40,8,1,0
BRDA:48,9,0,0
BRDA:48,9,1,0
BRDA:49,10,0,0
BRDA:49,10,1,0
BRDA:50,11,0,0
BRDA:50,11,1,0
BRDA:51,12,0,0
BRDA:51,12,1,0
BRDA:56,13,0,0
BRDA:56,13,1,0
BRDA:77,14,0,0
BRDA:77,14,1,0
BRF:27
BRH:0
end_of_record
TN:
SF:src\utils\sum.js
FN:1,sum
FNF:1
FNH:1
FNDA:3,sum
DA:2,3
LF:1
LH:1
BRF:0
BRH:0
end_of_record
